<?xml version="1.0" encoding="UTF-8"?>
<coverage generated="1753339104212" clover="3.2.0">
  <project timestamp="1753339104213" name="All files">
    <metrics statements="823" coveredstatements="497" conditionals="556" coveredconditionals="291" methods="219" coveredmethods="121" elements="1598" coveredelements="909" complexity="0" loc="823" ncloc="823" packages="11" files="37" classes="37"/>
    <package name="src">
      <metrics statements="8" coveredstatements="6" conditionals="0" coveredconditionals="0" methods="3" coveredmethods="3"/>
      <file name="App.tsx" path="C:\Users\amana\Desktop\s\frontend\src\App.tsx">
        <metrics statements="6" coveredstatements="6" conditionals="0" coveredconditionals="0" methods="3" coveredmethods="3"/>
        <line num="14" count="1" type="stmt"/>
        <line num="15" count="1" type="stmt"/>
        <line num="18" count="1" type="stmt"/>
        <line num="19" count="1" type="stmt"/>
        <line num="22" count="1" type="stmt"/>
        <line num="45" count="1" type="stmt"/>
      </file>
      <file name="index.tsx" path="C:\Users\amana\Desktop\s\frontend\src\index.tsx">
        <metrics statements="2" coveredstatements="0" conditionals="0" coveredconditionals="0" methods="0" coveredmethods="0"/>
        <line num="6" count="0" type="stmt"/>
        <line num="10" count="0" type="stmt"/>
      </file>
    </package>
    <package name="src.components">
      <metrics statements="332" coveredstatements="189" conditionals="328" coveredconditionals="181" methods="102" coveredmethods="63"/>
      <file name="AssetDetail.tsx" path="C:\Users\amana\Desktop\s\frontend\src\components\AssetDetail.tsx">
        <metrics statements="15" coveredstatements="14" conditionals="7" coveredconditionals="6" methods="5" coveredmethods="5"/>
        <line num="12" count="2" type="stmt"/>
        <line num="17" count="16" type="stmt"/>
        <line num="19" count="16" type="stmt"/>
        <line num="20" count="48" type="stmt"/>
        <line num="23" count="16" type="stmt"/>
        <line num="24" count="16" type="stmt"/>
        <line num="30" count="16" type="stmt"/>
        <line num="31" count="32" type="cond" truecount="4" falsecount="1"/>
        <line num="33" count="26" type="stmt"/>
        <line num="35" count="2" type="stmt"/>
        <line num="37" count="2" type="stmt"/>
        <line num="39" count="2" type="stmt"/>
        <line num="41" count="0" type="stmt"/>
        <line num="45" count="16" type="stmt"/>
        <line num="50" count="1" type="stmt"/>
      </file>
      <file name="AssetForm.tsx" path="C:\Users\amana\Desktop\s\frontend\src\components\AssetForm.tsx">
        <metrics statements="84" coveredstatements="2" conditionals="82" coveredconditionals="0" methods="17" coveredmethods="0"/>
        <line num="39" count="1" type="stmt"/>
        <line num="46" count="1" type="stmt"/>
        <line num="53" count="0" type="stmt"/>
        <line num="55" count="0" type="stmt"/>
        <line num="65" count="0" type="stmt"/>
        <line num="66" count="0" type="stmt"/>
        <line num="69" count="0" type="stmt"/>
        <line num="70" count="0" type="cond" truecount="0" falsecount="2"/>
        <line num="71" count="0" type="stmt"/>
        <line num="83" count="0" type="stmt"/>
        <line num="87" count="0" type="cond" truecount="0" falsecount="6"/>
        <line num="89" count="0" type="cond" truecount="0" falsecount="2"/>
        <line num="90" count="0" type="cond" truecount="0" falsecount="2"/>
        <line num="91" count="0" type="stmt"/>
        <line num="92" count="0" type="stmt"/>
        <line num="95" count="0" type="cond" truecount="0" falsecount="2"/>
        <line num="96" count="0" type="cond" truecount="0" falsecount="2"/>
        <line num="97" count="0" type="stmt"/>
        <line num="98" count="0" type="stmt"/>
        <line num="101" count="0" type="cond" truecount="0" falsecount="2"/>
        <line num="102" count="0" type="cond" truecount="0" falsecount="2"/>
        <line num="103" count="0" type="stmt"/>
        <line num="104" count="0" type="stmt"/>
        <line num="107" count="0" type="cond" truecount="0" falsecount="2"/>
        <line num="108" count="0" type="stmt"/>
        <line num="109" count="0" type="cond" truecount="0" falsecount="2"/>
        <line num="110" count="0" type="cond" truecount="0" falsecount="2"/>
        <line num="111" count="0" type="stmt"/>
        <line num="114" count="0" type="cond" truecount="0" falsecount="2"/>
        <line num="115" count="0" type="stmt"/>
        <line num="116" count="0" type="cond" truecount="0" falsecount="2"/>
        <line num="117" count="0" type="cond" truecount="0" falsecount="2"/>
        <line num="118" count="0" type="cond" truecount="0" falsecount="2"/>
        <line num="119" count="0" type="stmt"/>
        <line num="122" count="0" type="cond" truecount="0" falsecount="2"/>
        <line num="123" count="0" type="cond" truecount="0" falsecount="2"/>
        <line num="124" count="0" type="stmt"/>
        <line num="125" count="0" type="stmt"/>
        <line num="127" count="0" type="stmt"/>
        <line num="130" count="0" type="stmt"/>
        <line num="131" count="0" type="stmt"/>
        <line num="132" count="0" type="stmt"/>
        <line num="135" count="0" type="stmt"/>
        <line num="136" count="0" type="stmt"/>
        <line num="137" count="0" type="stmt"/>
        <line num="138" count="0" type="cond" truecount="0" falsecount="2"/>
        <line num="139" count="0" type="stmt"/>
        <line num="140" count="0" type="stmt"/>
        <line num="144" count="0" type="stmt"/>
        <line num="145" count="0" type="stmt"/>
        <line num="148" count="0" type="stmt"/>
        <line num="153" count="0" type="stmt"/>
        <line num="154" count="0" type="stmt"/>
        <line num="156" count="0" type="stmt"/>
        <line num="162" count="0" type="cond" truecount="0" falsecount="2"/>
        <line num="163" count="0" type="stmt"/>
        <line num="170" count="0" type="stmt"/>
        <line num="175" count="0" type="stmt"/>
        <line num="176" count="0" type="stmt"/>
        <line num="178" count="0" type="stmt"/>
        <line num="184" count="0" type="stmt"/>
        <line num="185" count="0" type="stmt"/>
        <line num="191" count="0" type="stmt"/>
        <line num="192" count="0" type="stmt"/>
        <line num="195" count="0" type="stmt"/>
        <line num="196" count="0" type="stmt"/>
        <line num="202" count="0" type="stmt"/>
        <line num="204" count="0" type="cond" truecount="0" falsecount="2"/>
        <line num="205" count="0" type="stmt"/>
        <line num="208" count="0" type="stmt"/>
        <line num="209" count="0" type="stmt"/>
        <line num="219" count="0" type="stmt"/>
        <line num="222" count="0" type="stmt"/>
        <line num="226" count="0" type="stmt"/>
        <line num="227" count="0" type="cond" truecount="0" falsecount="2"/>
        <line num="229" count="0" type="stmt"/>
        <line num="240" count="0" type="stmt"/>
        <line num="250" count="0" type="stmt"/>
        <line num="251" count="0" type="stmt"/>
        <line num="254" count="0" type="stmt"/>
        <line num="255" count="0" type="cond" truecount="0" falsecount="2"/>
        <line num="258" count="0" type="stmt"/>
        <line num="325" count="0" type="stmt"/>
        <line num="352" count="0" type="stmt"/>
      </file>
      <file name="AssetList.tsx" path="C:\Users\amana\Desktop\s\frontend\src\components\AssetList.tsx">
        <metrics statements="47" coveredstatements="19" conditionals="29" coveredconditionals="14" methods="16" coveredmethods="3"/>
        <line num="12" count="2" type="stmt"/>
        <line num="13" count="69" type="stmt"/>
        <line num="14" count="69" type="stmt"/>
        <line num="21" count="69" type="stmt"/>
        <line num="22" count="69" type="stmt"/>
        <line num="24" count="69" type="stmt"/>
        <line num="26" count="0" type="stmt"/>
        <line num="27" count="0" type="stmt"/>
        <line num="32" count="69" type="stmt"/>
        <line num="34" count="0" type="stmt"/>
        <line num="35" count="0" type="stmt"/>
        <line num="36" count="0" type="stmt"/>
        <line num="41" count="69" type="stmt"/>
        <line num="43" count="0" type="stmt"/>
        <line num="48" count="69" type="stmt"/>
        <line num="50" count="0" type="cond" truecount="0" falsecount="4"/>
        <line num="51" count="0" type="stmt"/>
        <line num="52" count="0" type="stmt"/>
        <line num="58" count="69" type="stmt"/>
        <line num="59" count="0" type="stmt"/>
        <line num="65" count="69" type="stmt"/>
        <line num="66" count="0" type="stmt"/>
        <line num="69" count="69" type="stmt"/>
        <line num="70" count="0" type="cond" truecount="0" falsecount="5"/>
        <line num="72" count="0" type="stmt"/>
        <line num="74" count="0" type="stmt"/>
        <line num="76" count="0" type="stmt"/>
        <line num="78" count="0" type="stmt"/>
        <line num="80" count="0" type="stmt"/>
        <line num="84" count="69" type="cond" truecount="2" falsecount="0"/>
        <line num="85" count="1" type="stmt"/>
        <line num="89" count="1" type="stmt"/>
        <line num="96" count="68" type="stmt"/>
        <line num="142" count="0" type="stmt"/>
        <line num="144" count="0" type="stmt"/>
        <line num="145" count="0" type="stmt"/>
        <line num="178" count="0" type="stmt"/>
        <line num="188" count="2" type="cond" truecount="1" falsecount="1"/>
        <line num="189" count="2" type="stmt"/>
        <line num="190" count="0" type="cond" truecount="0" falsecount="2"/>
        <line num="191" count="0" type="stmt"/>
        <line num="192" count="0" type="cond" truecount="0" falsecount="2"/>
        <line num="193" count="0" type="stmt"/>
        <line num="195" count="0" type="stmt"/>
        <line num="198" count="2" type="stmt"/>
        <line num="201" count="0" type="stmt"/>
        <line num="213" count="0" type="stmt"/>
      </file>
      <file name="Button.tsx" path="C:\Users\amana\Desktop\s\frontend\src\components\Button.tsx">
        <metrics statements="3" coveredstatements="3" conditionals="26" coveredconditionals="26" methods="1" coveredmethods="1"/>
        <line num="14" count="1" type="stmt"/>
        <line num="27" count="10" type="stmt"/>
        <line num="38" count="10" type="stmt"/>
      </file>
      <file name="ConfirmDialog.tsx" path="C:\Users\amana\Desktop\s\frontend\src\components\ConfirmDialog.tsx">
        <metrics statements="45" coveredstatements="30" conditionals="41" coveredconditionals="18" methods="11" coveredmethods="9"/>
        <line num="17" count="2" type="stmt"/>
        <line num="29" count="8" type="stmt"/>
        <line num="30" count="8" type="stmt"/>
        <line num="31" count="8" type="stmt"/>
        <line num="34" count="8" type="stmt"/>
        <line num="35" count="8" type="cond" truecount="2" falsecount="0"/>
        <line num="37" count="7" type="stmt"/>
        <line num="40" count="7" type="cond" truecount="1" falsecount="1"/>
        <line num="41" count="7" type="stmt"/>
        <line num="43" count="1" type="cond" truecount="1" falsecount="1"/>
        <line num="45" count="0" type="stmt"/>
        <line num="50" count="8" type="stmt"/>
        <line num="51" count="8" type="stmt"/>
        <line num="52" count="0" type="cond" truecount="0" falsecount="4"/>
        <line num="53" count="0" type="stmt"/>
        <line num="57" count="8" type="stmt"/>
        <line num="58" count="8" type="stmt"/>
        <line num="59" count="8" type="stmt"/>
        <line num="64" count="8" type="stmt"/>
        <line num="65" count="8" type="stmt"/>
        <line num="66" count="0" type="cond" truecount="0" falsecount="4"/>
        <line num="68" count="0" type="stmt"/>
        <line num="72" count="0" type="cond" truecount="0" falsecount="2"/>
        <line num="74" count="0" type="stmt"/>
        <line num="75" count="0" type="stmt"/>
        <line num="80" count="0" type="cond" truecount="0" falsecount="2"/>
        <line num="85" count="0" type="stmt"/>
        <line num="86" count="0" type="stmt"/>
        <line num="89" count="0" type="cond" truecount="0" falsecount="2"/>
        <line num="94" count="0" type="stmt"/>
        <line num="95" count="0" type="stmt"/>
        <line num="99" count="8" type="stmt"/>
        <line num="100" count="8" type="stmt"/>
        <line num="101" count="8" type="stmt"/>
        <line num="106" count="8" type="stmt"/>
        <line num="107" count="8" type="cond" truecount="2" falsecount="0"/>
        <line num="108" count="7" type="stmt"/>
        <line num="110" count="1" type="stmt"/>
        <line num="113" count="8" type="stmt"/>
        <line num="114" count="8" type="stmt"/>
        <line num="118" count="8" type="cond" truecount="2" falsecount="0"/>
        <line num="120" count="7" type="stmt"/>
        <line num="121" count="2" type="cond" truecount="1" falsecount="1"/>
        <line num="122" count="0" type="stmt"/>
        <line num="126" count="7" type="stmt"/>
      </file>
      <file name="ErrorBoundary.tsx" path="C:\Users\amana\Desktop\s\frontend\src\components\ErrorBoundary.tsx">
        <metrics statements="19" coveredstatements="16" conditionals="6" coveredconditionals="6" methods="8" coveredmethods="6"/>
        <line num="21" count="16" type="stmt"/>
        <line num="22" count="15" type="stmt"/>
        <line num="30" count="8" type="stmt"/>
        <line num="35" count="4" type="stmt"/>
        <line num="39" count="23" type="cond" truecount="2" falsecount="0"/>
        <line num="41" count="8" type="cond" truecount="2" falsecount="0"/>
        <line num="42" count="2" type="stmt"/>
        <line num="45" count="6" type="stmt"/>
        <line num="48" count="15" type="stmt"/>
        <line num="56" count="3" type="stmt"/>
        <line num="57" count="6" type="stmt"/>
        <line num="59" count="6" type="stmt"/>
        <line num="60" count="0" type="stmt"/>
        <line num="63" count="6" type="stmt"/>
        <line num="64" count="0" type="stmt"/>
        <line num="65" count="0" type="stmt"/>
        <line num="68" count="6" type="stmt"/>
        <line num="103" count="3" type="stmt"/>
        <line num="104" count="16" type="stmt"/>
      </file>
      <file name="ErrorDisplay.tsx" path="C:\Users\amana\Desktop\s\frontend\src\components\ErrorDisplay.tsx">
        <metrics statements="3" coveredstatements="3" conditionals="13" coveredconditionals="11" methods="2" coveredmethods="2"/>
        <line num="15" count="2" type="stmt"/>
        <line num="24" count="7" type="stmt"/>
        <line num="48" count="2" type="stmt"/>
      </file>
      <file name="FormErrorMessage.tsx" path="C:\Users\amana\Desktop\s\frontend\src\components\FormErrorMessage.tsx">
        <metrics statements="3" coveredstatements="3" conditionals="2" coveredconditionals="2" methods="1" coveredmethods="1"/>
        <line num="9" count="2" type="stmt"/>
        <line num="10" count="12" type="cond" truecount="2" falsecount="0"/>
        <line num="12" count="5" type="stmt"/>
      </file>
      <file name="FormField.tsx" path="C:\Users\amana\Desktop\s\frontend\src\components\FormField.tsx">
        <metrics statements="8" coveredstatements="7" conditionals="17" coveredconditionals="16" methods="2" coveredmethods="2"/>
        <line num="14" count="1" type="stmt"/>
        <line num="22" count="9" type="stmt"/>
        <line num="23" count="9" type="stmt"/>
        <line num="26" count="9" type="stmt"/>
        <line num="27" count="9" type="cond" truecount="1" falsecount="1"/>
        <line num="28" count="9" type="stmt"/>
        <line num="35" count="0" type="stmt"/>
        <line num="38" count="9" type="stmt"/>
      </file>
      <file name="Layout.tsx" path="C:\Users\amana\Desktop\s\frontend\src\components\Layout.tsx">
        <metrics statements="25" coveredstatements="19" conditionals="26" coveredconditionals="12" methods="10" coveredmethods="6"/>
        <line num="9" count="2" type="stmt"/>
        <line num="10" count="8" type="stmt"/>
        <line num="11" count="8" type="stmt"/>
        <line num="12" count="8" type="stmt"/>
        <line num="15" count="8" type="stmt"/>
        <line num="16" count="8" type="stmt"/>
        <line num="17" count="0" type="stmt"/>
        <line num="20" count="8" type="stmt"/>
        <line num="21" count="8" type="stmt"/>
        <line num="22" count="8" type="stmt"/>
        <line num="27" count="8" type="stmt"/>
        <line num="28" count="8" type="stmt"/>
        <line num="31" count="8" type="stmt"/>
        <line num="32" count="0" type="stmt"/>
        <line num="36" count="8" type="stmt"/>
        <line num="37" count="0" type="cond" truecount="0" falsecount="2"/>
        <line num="38" count="0" type="stmt"/>
        <line num="43" count="8" type="stmt"/>
        <line num="44" count="8" type="stmt"/>
        <line num="45" count="0" type="cond" truecount="0" falsecount="4"/>
        <line num="46" count="0" type="stmt"/>
        <line num="50" count="8" type="stmt"/>
        <line num="51" count="8" type="stmt"/>
        <line num="52" count="8" type="stmt"/>
        <line num="56" count="8" type="stmt"/>
      </file>
      <file name="LoadingIndicator.tsx" path="C:\Users\amana\Desktop\s\frontend\src\components\LoadingIndicator.tsx">
        <metrics statements="5" coveredstatements="5" conditionals="20" coveredconditionals="18" methods="1" coveredmethods="1"/>
        <line num="14" count="3" type="stmt"/>
        <line num="23" count="7" type="cond" truecount="2" falsecount="0"/>
        <line num="24" count="7" type="cond" truecount="2" falsecount="0"/>
        <line num="25" count="7" type="cond" truecount="1" falsecount="1"/>
        <line num="29" count="7" type="stmt"/>
      </file>
      <file name="SearchFilter.tsx" path="C:\Users\amana\Desktop\s\frontend\src\components\SearchFilter.tsx">
        <metrics statements="30" coveredstatements="27" conditionals="32" coveredconditionals="30" methods="13" coveredmethods="12"/>
        <line num="13" count="3" type="stmt"/>
        <line num="19" count="18" type="cond" truecount="2" falsecount="0"/>
        <line num="22" count="18" type="stmt"/>
        <line num="25" count="18" type="stmt"/>
        <line num="26" count="17" type="cond" truecount="4" falsecount="0"/>
        <line num="27" count="3" type="stmt"/>
        <line num="32" count="3" type="stmt"/>
        <line num="36" count="18" type="stmt"/>
        <line num="37" count="1" type="stmt"/>
        <line num="40" count="18" type="stmt"/>
        <line num="42" count="2" type="stmt"/>
        <line num="47" count="2" type="stmt"/>
        <line num="52" count="18" type="stmt"/>
        <line num="54" count="2" type="stmt"/>
        <line num="59" count="2" type="stmt"/>
        <line num="64" count="18" type="stmt"/>
        <line num="65" count="0" type="stmt"/>
        <line num="66" count="0" type="stmt"/>
        <line num="70" count="0" type="stmt"/>
        <line num="73" count="18" type="stmt"/>
        <line num="79" count="18" type="stmt"/>
        <line num="107" count="1" type="stmt"/>
        <line num="127" count="1" type="stmt"/>
        <line num="134" count="80" type="stmt"/>
        <line num="151" count="1" type="stmt"/>
        <line num="179" count="1" type="stmt"/>
        <line num="180" count="1" type="stmt"/>
        <line num="185" count="1" type="stmt"/>
        <line num="198" count="1" type="stmt"/>
        <line num="210" count="1" type="stmt"/>
      </file>
      <file name="Toast.tsx" path="C:\Users\amana\Desktop\s\frontend\src\components\Toast.tsx">
        <metrics statements="31" coveredstatements="30" conditionals="18" coveredconditionals="17" methods="11" coveredmethods="11"/>
        <line num="14" count="17" type="stmt"/>
        <line num="21" count="31" type="stmt"/>
        <line num="22" count="31" type="stmt"/>
        <line num="24" count="31" type="stmt"/>
        <line num="25" count="23" type="cond" truecount="2" falsecount="0"/>
        <line num="30" count="22" type="cond" truecount="2" falsecount="0"/>
        <line num="31" count="21" type="stmt"/>
        <line num="32" count="14" type="stmt"/>
        <line num="33" count="14" type="stmt"/>
        <line num="34" count="4" type="stmt"/>
        <line num="39" count="22" type="stmt"/>
        <line num="40" count="22" type="cond" truecount="2" falsecount="0"/>
        <line num="41" count="22" type="cond" truecount="2" falsecount="0"/>
        <line num="45" count="31" type="stmt"/>
        <line num="46" count="2" type="stmt"/>
        <line num="49" count="31" type="stmt"/>
        <line num="50" count="1" type="stmt"/>
        <line num="53" count="31" type="stmt"/>
        <line num="54" count="1" type="stmt"/>
        <line num="58" count="31" type="stmt"/>
        <line num="59" count="31" type="cond" truecount="4" falsecount="1"/>
        <line num="61" count="21" type="stmt"/>
        <line num="63" count="6" type="stmt"/>
        <line num="65" count="1" type="stmt"/>
        <line num="67" count="3" type="stmt"/>
        <line num="69" count="0" type="stmt"/>
        <line num="73" count="31" type="stmt"/>
        <line num="111" count="17" type="stmt"/>
        <line num="115" count="181" type="cond" truecount="2" falsecount="0"/>
        <line num="117" count="12" type="stmt"/>
        <line num="120" count="15" type="stmt"/>
      </file>
      <file name="withErrorHandling.tsx" path="C:\Users\amana\Desktop\s\frontend\src\components\withErrorHandling.tsx">
        <metrics statements="14" coveredstatements="11" conditionals="9" coveredconditionals="5" methods="4" coveredmethods="4"/>
        <line num="22" count="5" type="stmt"/>
        <line num="23" count="5" type="stmt"/>
        <line num="24" count="5" type="stmt"/>
        <line num="25" count="5" type="stmt"/>
        <line num="28" count="5" type="stmt"/>
        <line num="29" count="5" type="cond" truecount="2" falsecount="2"/>
        <line num="30" count="0" type="stmt"/>
        <line num="31" count="0" type="stmt"/>
        <line num="36" count="5" type="stmt"/>
        <line num="37" count="5" type="cond" truecount="1" falsecount="1"/>
        <line num="38" count="5" type="stmt"/>
        <line num="42" count="5" type="cond" truecount="1" falsecount="1"/>
        <line num="43" count="0" type="stmt"/>
        <line num="46" count="5" type="stmt"/>
      </file>
    </package>
    <package name="src.contexts">
      <metrics statements="28" coveredstatements="24" conditionals="4" coveredconditionals="3" methods="13" coveredmethods="9"/>
      <file name="ToastContext.tsx" path="C:\Users\amana\Desktop\s\frontend\src\contexts\ToastContext.tsx">
        <metrics statements="28" coveredstatements="24" conditionals="4" coveredconditionals="3" methods="13" coveredmethods="9"/>
        <line num="25" count="17" type="stmt"/>
        <line num="27" count="17" type="stmt"/>
        <line num="28" count="46" type="stmt"/>
        <line num="29" count="45" type="cond" truecount="1" falsecount="1"/>
        <line num="30" count="0" type="stmt"/>
        <line num="32" count="45" type="stmt"/>
        <line num="35" count="17" type="stmt"/>
        <line num="38" count="181" type="stmt"/>
        <line num="40" count="181" type="stmt"/>
        <line num="42" count="16" type="stmt"/>
        <line num="43" count="16" type="stmt"/>
        <line num="47" count="16" type="stmt"/>
        <line num="52" count="181" type="stmt"/>
        <line num="53" count="4" type="stmt"/>
        <line num="56" count="181" type="stmt"/>
        <line num="57" count="0" type="stmt"/>
        <line num="61" count="181" type="stmt"/>
        <line num="63" count="1" type="stmt"/>
        <line num="68" count="181" type="stmt"/>
        <line num="70" count="6" type="stmt"/>
        <line num="71" count="6" type="stmt"/>
        <line num="72" count="6" type="stmt"/>
        <line num="77" count="181" type="stmt"/>
        <line num="79" count="0" type="stmt"/>
        <line num="84" count="181" type="stmt"/>
        <line num="86" count="0" type="stmt"/>
        <line num="91" count="181" type="stmt"/>
        <line num="101" count="181" type="stmt"/>
      </file>
    </package>
    <package name="src.examples">
      <metrics statements="40" coveredstatements="0" conditionals="44" coveredconditionals="0" methods="13" coveredmethods="0"/>
      <file name="AssetApiUsage.tsx" path="C:\Users\amana\Desktop\s\frontend\src\examples\AssetApiUsage.tsx">
        <metrics statements="40" coveredstatements="0" conditionals="44" coveredconditionals="0" methods="13" coveredmethods="0"/>
        <line num="16" count="0" type="stmt"/>
        <line num="17" count="0" type="stmt"/>
        <line num="18" count="0" type="stmt"/>
        <line num="30" count="0" type="stmt"/>
        <line num="38" count="0" type="stmt"/>
        <line num="45" count="0" type="stmt"/>
        <line num="52" count="0" type="stmt"/>
        <line num="59" count="0" type="stmt"/>
        <line num="66" count="0" type="stmt"/>
        <line num="69" count="0" type="stmt"/>
        <line num="70" count="0" type="stmt"/>
        <line num="80" count="0" type="stmt"/>
        <line num="81" count="0" type="cond" truecount="0" falsecount="2"/>
        <line num="82" count="0" type="stmt"/>
        <line num="83" count="0" type="stmt"/>
        <line num="87" count="0" type="stmt"/>
        <line num="88" count="0" type="cond" truecount="0" falsecount="2"/>
        <line num="90" count="0" type="stmt"/>
        <line num="96" count="0" type="stmt"/>
        <line num="97" count="0" type="cond" truecount="0" falsecount="2"/>
        <line num="98" count="0" type="stmt"/>
        <line num="99" count="0" type="stmt"/>
        <line num="100" count="0" type="stmt"/>
        <line num="104" count="0" type="stmt"/>
        <line num="105" count="0" type="cond" truecount="0" falsecount="2"/>
        <line num="107" count="0" type="stmt"/>
        <line num="108" count="0" type="cond" truecount="0" falsecount="2"/>
        <line num="109" count="0" type="stmt"/>
        <line num="110" count="0" type="stmt"/>
        <line num="111" count="0" type="stmt"/>
        <line num="115" count="0" type="stmt"/>
        <line num="116" count="0" type="stmt"/>
        <line num="119" count="0" type="stmt"/>
        <line num="131" count="0" type="stmt"/>
        <line num="144" count="0" type="stmt"/>
        <line num="147" count="0" type="stmt"/>
        <line num="151" count="0" type="stmt"/>
        <line num="157" count="0" type="stmt"/>
        <line num="186" count="0" type="stmt"/>
        <line num="192" count="0" type="stmt"/>
      </file>
    </package>
    <package name="src.hooks">
      <metrics statements="127" coveredstatements="114" conditionals="21" coveredconditionals="10" methods="22" coveredmethods="21"/>
      <file name="useAssets.ts" path="C:\Users\amana\Desktop\s\frontend\src\hooks\useAssets.ts">
        <metrics statements="97" coveredstatements="91" conditionals="14" coveredconditionals="8" methods="15" coveredmethods="15"/>
        <line num="26" count="2" type="stmt"/>
        <line num="27" count="10" type="stmt"/>
        <line num="34" count="10" type="stmt"/>
        <line num="35" count="10" type="stmt"/>
        <line num="37" count="10" type="stmt"/>
        <line num="38" count="4" type="stmt"/>
        <line num="39" count="4" type="stmt"/>
        <line num="41" count="4" type="stmt"/>
        <line num="42" count="4" type="stmt"/>
        <line num="43" count="2" type="stmt"/>
        <line num="45" count="1" type="cond" truecount="1" falsecount="1"/>
        <line num="46" count="1" type="stmt"/>
        <line num="48" count="0" type="stmt"/>
        <line num="51" count="3" type="stmt"/>
        <line num="55" count="10" type="stmt"/>
        <line num="56" count="4" type="stmt"/>
        <line num="59" count="10" type="stmt"/>
        <line num="80" count="2" type="stmt"/>
        <line num="81" count="11" type="stmt"/>
        <line num="82" count="11" type="stmt"/>
        <line num="83" count="11" type="stmt"/>
        <line num="85" count="11" type="stmt"/>
        <line num="86" count="4" type="stmt"/>
        <line num="87" count="4" type="stmt"/>
        <line num="89" count="4" type="stmt"/>
        <line num="90" count="4" type="stmt"/>
        <line num="91" count="3" type="stmt"/>
        <line num="93" count="1" type="cond" truecount="1" falsecount="1"/>
        <line num="94" count="1" type="stmt"/>
        <line num="96" count="0" type="stmt"/>
        <line num="99" count="4" type="stmt"/>
        <line num="103" count="11" type="stmt"/>
        <line num="104" count="4" type="cond" truecount="2" falsecount="0"/>
        <line num="105" count="3" type="stmt"/>
        <line num="109" count="11" type="stmt"/>
        <line num="126" count="2" type="stmt"/>
        <line num="127" count="4" type="stmt"/>
        <line num="128" count="4" type="stmt"/>
        <line num="130" count="4" type="stmt"/>
        <line num="132" count="2" type="stmt"/>
        <line num="133" count="2" type="stmt"/>
        <line num="135" count="2" type="stmt"/>
        <line num="136" count="2" type="stmt"/>
        <line num="137" count="1" type="stmt"/>
        <line num="139" count="1" type="cond" truecount="1" falsecount="1"/>
        <line num="140" count="1" type="stmt"/>
        <line num="142" count="0" type="stmt"/>
        <line num="144" count="1" type="stmt"/>
        <line num="146" count="2" type="stmt"/>
        <line num="152" count="4" type="stmt"/>
        <line num="168" count="2" type="stmt"/>
        <line num="169" count="4" type="stmt"/>
        <line num="170" count="4" type="stmt"/>
        <line num="172" count="4" type="stmt"/>
        <line num="174" count="2" type="stmt"/>
        <line num="175" count="2" type="stmt"/>
        <line num="177" count="2" type="stmt"/>
        <line num="178" count="2" type="stmt"/>
        <line num="179" count="1" type="stmt"/>
        <line num="181" count="1" type="cond" truecount="1" falsecount="1"/>
        <line num="182" count="1" type="stmt"/>
        <line num="184" count="0" type="stmt"/>
        <line num="186" count="1" type="stmt"/>
        <line num="188" count="2" type="stmt"/>
        <line num="194" count="4" type="stmt"/>
        <line num="210" count="2" type="stmt"/>
        <line num="211" count="4" type="stmt"/>
        <line num="212" count="4" type="stmt"/>
        <line num="214" count="4" type="stmt"/>
        <line num="215" count="2" type="stmt"/>
        <line num="216" count="2" type="stmt"/>
        <line num="218" count="2" type="stmt"/>
        <line num="219" count="2" type="stmt"/>
        <line num="220" count="1" type="stmt"/>
        <line num="222" count="1" type="cond" truecount="1" falsecount="1"/>
        <line num="223" count="1" type="stmt"/>
        <line num="225" count="0" type="stmt"/>
        <line num="227" count="1" type="stmt"/>
        <line num="229" count="2" type="stmt"/>
        <line num="233" count="4" type="stmt"/>
        <line num="250" count="2" type="stmt"/>
        <line num="251" count="12" type="stmt"/>
        <line num="252" count="12" type="stmt"/>
        <line num="253" count="12" type="stmt"/>
        <line num="255" count="12" type="stmt"/>
        <line num="256" count="5" type="stmt"/>
        <line num="257" count="5" type="stmt"/>
        <line num="259" count="5" type="stmt"/>
        <line num="260" count="5" type="stmt"/>
        <line num="261" count="3" type="stmt"/>
        <line num="263" count="1" type="cond" truecount="1" falsecount="1"/>
        <line num="264" count="1" type="stmt"/>
        <line num="266" count="0" type="stmt"/>
        <line num="269" count="4" type="stmt"/>
        <line num="273" count="12" type="stmt"/>
        <line num="274" count="4" type="stmt"/>
        <line num="277" count="12" type="stmt"/>
      </file>
      <file name="useDebounce.ts" path="C:\Users\amana\Desktop\s\frontend\src\hooks\useDebounce.ts">
        <metrics statements="7" coveredstatements="7" conditionals="0" coveredconditionals="0" methods="4" coveredmethods="4"/>
        <line num="10" count="35" type="stmt"/>
        <line num="12" count="35" type="stmt"/>
        <line num="13" count="25" type="stmt"/>
        <line num="14" count="9" type="stmt"/>
        <line num="17" count="25" type="stmt"/>
        <line num="18" count="25" type="stmt"/>
        <line num="22" count="35" type="stmt"/>
      </file>
      <file name="useFormSubmit.ts" path="C:\Users\amana\Desktop\s\frontend\src\hooks\useFormSubmit.ts">
        <metrics statements="23" coveredstatements="16" conditionals="7" coveredconditionals="2" methods="3" coveredmethods="2"/>
        <line num="21" count="6" type="stmt"/>
        <line num="22" count="6" type="stmt"/>
        <line num="23" count="6" type="stmt"/>
        <line num="25" count="6" type="stmt"/>
        <line num="27" count="5" type="stmt"/>
        <line num="28" count="5" type="stmt"/>
        <line num="29" count="5" type="stmt"/>
        <line num="31" count="5" type="stmt"/>
        <line num="33" count="0" type="cond" truecount="0" falsecount="2"/>
        <line num="34" count="0" type="stmt"/>
        <line num="37" count="0" type="cond" truecount="0" falsecount="2"/>
        <line num="38" count="0" type="stmt"/>
        <line num="41" count="0" type="stmt"/>
        <line num="43" count="5" type="stmt"/>
        <line num="44" count="5" type="stmt"/>
        <line num="46" count="5" type="stmt"/>
        <line num="48" count="5" type="cond" truecount="1" falsecount="1"/>
        <line num="49" count="0" type="stmt"/>
        <line num="52" count="5" type="stmt"/>
        <line num="54" count="5" type="stmt"/>
        <line num="60" count="6" type="stmt"/>
        <line num="61" count="0" type="stmt"/>
        <line num="64" count="6" type="stmt"/>
      </file>
    </package>
    <package name="src.pages">
      <metrics statements="74" coveredstatements="39" conditionals="51" coveredconditionals="24" methods="19" coveredmethods="7"/>
      <file name="AssetDetailPage.tsx" path="C:\Users\amana\Desktop\s\frontend\src\pages\AssetDetailPage.tsx">
        <metrics statements="39" coveredstatements="33" conditionals="33" coveredconditionals="24" methods="8" coveredmethods="6"/>
        <line num="11" count="2" type="stmt"/>
        <line num="12" count="18" type="stmt"/>
        <line num="13" count="18" type="stmt"/>
        <line num="14" count="18" type="stmt"/>
        <line num="15" count="17" type="stmt"/>
        <line num="18" count="17" type="cond" truecount="1" falsecount="1"/>
        <line num="19" count="17" type="cond" truecount="2" falsecount="0"/>
        <line num="21" count="17" type="cond" truecount="1" falsecount="1"/>
        <line num="26" count="17" type="stmt"/>
        <line num="29" count="17" type="stmt"/>
        <line num="30" count="10" type="cond" truecount="2" falsecount="0"/>
        <line num="31" count="1" type="stmt"/>
        <line num="36" count="17" type="cond" truecount="1" falsecount="1"/>
        <line num="37" count="0" type="stmt"/>
        <line num="42" count="0" type="stmt"/>
        <line num="50" count="17" type="cond" truecount="2" falsecount="0"/>
        <line num="51" count="1" type="stmt"/>
        <line num="59" count="16" type="cond" truecount="4" falsecount="0"/>
        <line num="61" count="2" type="cond" truecount="3" falsecount="0"/>
        <line num="63" count="2" type="stmt"/>
        <line num="72" count="0" type="stmt"/>
        <line num="82" count="14" type="stmt"/>
        <line num="83" count="1" type="stmt"/>
        <line num="87" count="14" type="stmt"/>
        <line num="88" count="4" type="stmt"/>
        <line num="92" count="14" type="stmt"/>
        <line num="93" count="2" type="stmt"/>
        <line num="94" count="2" type="stmt"/>
        <line num="95" count="2" type="cond" truecount="2" falsecount="0"/>
        <line num="97" count="1" type="stmt"/>
        <line num="99" count="1" type="stmt"/>
        <line num="101" count="1" type="stmt"/>
        <line num="103" count="1" type="cond" truecount="1" falsecount="1"/>
        <line num="104" count="0" type="stmt"/>
        <line num="108" count="0" type="stmt"/>
        <line num="109" count="0" type="stmt"/>
        <line num="114" count="14" type="stmt"/>
        <line num="115" count="1" type="stmt"/>
        <line num="118" count="14" type="stmt"/>
      </file>
      <file name="AssetListPage.tsx" path="C:\Users\amana\Desktop\s\frontend\src\pages\AssetListPage.tsx">
        <metrics statements="7" coveredstatements="4" conditionals="0" coveredconditionals="0" methods="4" coveredmethods="1"/>
        <line num="5" count="1" type="stmt"/>
        <line num="6" count="1" type="stmt"/>
        <line num="8" count="1" type="stmt"/>
        <line num="9" count="0" type="stmt"/>
        <line num="12" count="1" type="stmt"/>
        <line num="39" count="0" type="stmt"/>
        <line num="42" count="0" type="stmt"/>
      </file>
      <file name="CreateAssetPage.tsx" path="C:\Users\amana\Desktop\s\frontend\src\pages\CreateAssetPage.tsx">
        <metrics statements="10" coveredstatements="1" conditionals="4" coveredconditionals="0" methods="3" coveredmethods="0"/>
        <line num="8" count="1" type="stmt"/>
        <line num="9" count="0" type="stmt"/>
        <line num="10" count="0" type="stmt"/>
        <line num="12" count="0" type="stmt"/>
        <line num="13" count="0" type="stmt"/>
        <line num="14" count="0" type="cond" truecount="0" falsecount="2"/>
        <line num="16" count="0" type="stmt"/>
        <line num="20" count="0" type="stmt"/>
        <line num="21" count="0" type="stmt"/>
        <line num="24" count="0" type="stmt"/>
      </file>
      <file name="EditAssetPage.tsx" path="C:\Users\amana\Desktop\s\frontend\src\pages\EditAssetPage.tsx">
        <metrics statements="18" coveredstatements="1" conditionals="14" coveredconditionals="0" methods="4" coveredmethods="0"/>
        <line num="8" count="1" type="stmt"/>
        <line num="9" count="0" type="stmt"/>
        <line num="10" count="0" type="stmt"/>
        <line num="11" count="0" type="cond" truecount="0" falsecount="2"/>
        <line num="13" count="0" type="stmt"/>
        <line num="18" count="0" type="stmt"/>
        <line num="20" count="0" type="stmt"/>
        <line num="21" count="0" type="stmt"/>
        <line num="22" count="0" type="cond" truecount="0" falsecount="2"/>
        <line num="24" count="0" type="stmt"/>
        <line num="28" count="0" type="stmt"/>
        <line num="29" count="0" type="stmt"/>
        <line num="33" count="0" type="cond" truecount="0" falsecount="2"/>
        <line num="34" count="0" type="stmt"/>
        <line num="44" count="0" type="cond" truecount="0" falsecount="4"/>
        <line num="45" count="0" type="stmt"/>
        <line num="51" count="0" type="stmt"/>
        <line num="61" count="0" type="stmt"/>
      </file>
    </package>
    <package name="src.services">
      <metrics statements="97" coveredstatements="66" conditionals="53" coveredconditionals="37" methods="16" coveredmethods="10"/>
      <file name="api.ts" path="C:\Users\amana\Desktop\s\frontend\src\services\api.ts">
        <metrics statements="28" coveredstatements="5" conditionals="12" coveredconditionals="2" methods="4" coveredmethods="1"/>
        <line num="4" count="3" type="stmt"/>
        <line num="13" count="3" type="stmt"/>
        <line num="16" count="2" type="stmt"/>
        <line num="19" count="2" type="stmt"/>
        <line num="22" count="0" type="stmt"/>
        <line num="23" count="0" type="stmt"/>
        <line num="28" count="3" type="stmt"/>
        <line num="30" count="0" type="stmt"/>
        <line num="34" count="0" type="stmt"/>
        <line num="37" count="0" type="stmt"/>
        <line num="40" count="0" type="cond" truecount="0" falsecount="2"/>
        <line num="42" count="0" type="stmt"/>
        <line num="44" count="0" type="cond" truecount="0" falsecount="6"/>
        <line num="46" count="0" type="stmt"/>
        <line num="47" count="0" type="stmt"/>
        <line num="49" count="0" type="stmt"/>
        <line num="50" count="0" type="stmt"/>
        <line num="52" count="0" type="stmt"/>
        <line num="53" count="0" type="stmt"/>
        <line num="55" count="0" type="stmt"/>
        <line num="56" count="0" type="stmt"/>
        <line num="58" count="0" type="stmt"/>
        <line num="59" count="0" type="stmt"/>
        <line num="61" count="0" type="stmt"/>
        <line num="63" count="0" type="cond" truecount="0" falsecount="2"/>
        <line num="65" count="0" type="stmt"/>
        <line num="68" count="0" type="stmt"/>
        <line num="71" count="0" type="stmt"/>
      </file>
      <file name="assetApi.ts" path="C:\Users\amana\Desktop\s\frontend\src\services\assetApi.ts">
        <metrics statements="69" coveredstatements="61" conditionals="41" coveredconditionals="35" methods="12" coveredmethods="9"/>
        <line num="12" count="3" type="stmt"/>
        <line num="18" count="2" type="stmt"/>
        <line num="19" count="2" type="stmt"/>
        <line num="21" count="2" type="cond" truecount="1" falsecount="1"/>
        <line num="22" count="0" type="stmt"/>
        <line num="24" count="2" type="cond" truecount="1" falsecount="1"/>
        <line num="25" count="0" type="stmt"/>
        <line num="27" count="2" type="cond" truecount="1" falsecount="1"/>
        <line num="28" count="0" type="stmt"/>
        <line num="30" count="2" type="cond" truecount="2" falsecount="0"/>
        <line num="31" count="1" type="stmt"/>
        <line num="33" count="2" type="cond" truecount="2" falsecount="0"/>
        <line num="34" count="1" type="stmt"/>
        <line num="37" count="2" type="stmt"/>
        <line num="38" count="2" type="cond" truecount="2" falsecount="0"/>
        <line num="42" count="2" type="stmt"/>
        <line num="43" count="0" type="stmt"/>
        <line num="45" count="1" type="stmt"/>
        <line num="53" count="8" type="stmt"/>
        <line num="54" count="8" type="stmt"/>
        <line num="55" count="2" type="stmt"/>
        <line num="57" count="6" type="stmt"/>
        <line num="65" count="2" type="stmt"/>
        <line num="66" count="2" type="stmt"/>
        <line num="67" count="1" type="stmt"/>
        <line num="69" count="1" type="stmt"/>
        <line num="80" count="2" type="stmt"/>
        <line num="81" count="2" type="stmt"/>
        <line num="82" count="1" type="stmt"/>
        <line num="84" count="1" type="stmt"/>
        <line num="92" count="2" type="stmt"/>
        <line num="93" count="2" type="stmt"/>
        <line num="95" count="1" type="stmt"/>
        <line num="103" count="2" type="stmt"/>
        <line num="104" count="2" type="stmt"/>
        <line num="105" count="1" type="stmt"/>
        <line num="107" count="0" type="stmt"/>
        <line num="118" count="0" type="stmt"/>
        <line num="128" count="0" type="stmt"/>
        <line num="138" count="0" type="stmt"/>
        <line num="145" count="3" type="stmt"/>
        <line num="146" count="3" type="stmt"/>
        <line num="147" count="1" type="stmt"/>
        <line num="149" count="2" type="cond" truecount="4" falsecount="0"/>
        <line num="150" count="1" type="stmt"/>
        <line num="152" count="1" type="stmt"/>
        <line num="162" count="3" type="stmt"/>
        <line num="164" count="3" type="cond" truecount="2" falsecount="0"/>
        <line num="165" count="2" type="stmt"/>
        <line num="167" count="3" type="cond" truecount="2" falsecount="0"/>
        <line num="168" count="2" type="stmt"/>
        <line num="170" count="3" type="cond" truecount="2" falsecount="0"/>
        <line num="171" count="2" type="stmt"/>
        <line num="173" count="3" type="cond" truecount="2" falsecount="0"/>
        <line num="174" count="1" type="stmt"/>
        <line num="176" count="3" type="cond" truecount="2" falsecount="0"/>
        <line num="177" count="1" type="stmt"/>
        <line num="179" count="3" type="cond" truecount="2" falsecount="0"/>
        <line num="180" count="1" type="stmt"/>
        <line num="183" count="3" type="stmt"/>
        <line num="190" count="10" type="cond" truecount="2" falsecount="0"/>
        <line num="191" count="8" type="stmt"/>
        <line num="193" count="8" type="cond" truecount="1" falsecount="2"/>
        <line num="194" count="8" type="cond" truecount="2" falsecount="0"/>
        <line num="195" count="8" type="cond" truecount="2" falsecount="0"/>
        <line num="197" count="8" type="stmt"/>
        <line num="198" count="2" type="cond" truecount="2" falsecount="0"/>
        <line num="199" count="1" type="stmt"/>
        <line num="205" count="1" type="stmt"/>
      </file>
    </package>
    <package name="src.test-utils">
      <metrics statements="4" coveredstatements="4" conditionals="0" coveredconditionals="0" methods="2" coveredmethods="2"/>
      <file name="test-utils.tsx" path="C:\Users\amana\Desktop\s\frontend\src\test-utils\test-utils.tsx">
        <metrics statements="4" coveredstatements="4" conditionals="0" coveredconditionals="0" methods="2" coveredmethods="2"/>
        <line num="7" count="15" type="stmt"/>
        <line num="10" count="155" type="stmt"/>
        <line num="17" count="15" type="stmt"/>
        <line num="20" count="128" type="stmt"/>
      </file>
    </package>
    <package name="src.test-utils.mocks">
      <metrics statements="36" coveredstatements="8" conditionals="0" coveredconditionals="0" methods="11" coveredmethods="0"/>
      <file name="apiClientMock.ts" path="C:\Users\amana\Desktop\s\frontend\src\test-utils\mocks\apiClientMock.ts">
        <metrics statements="13" coveredstatements="0" conditionals="0" coveredconditionals="0" methods="4" coveredmethods="0"/>
        <line num="4" count="0" type="stmt"/>
        <line num="13" count="0" type="stmt"/>
        <line num="14" count="0" type="stmt"/>
        <line num="15" count="0" type="stmt"/>
        <line num="16" count="0" type="stmt"/>
        <line num="17" count="0" type="stmt"/>
        <line num="18" count="0" type="stmt"/>
        <line num="22" count="0" type="stmt"/>
        <line num="23" count="0" type="stmt"/>
        <line num="27" count="0" type="stmt"/>
        <line num="28" count="0" type="stmt"/>
        <line num="32" count="0" type="stmt"/>
        <line num="36" count="0" type="stmt"/>
      </file>
      <file name="mockData.ts" path="C:\Users\amana\Desktop\s\frontend\src\test-utils\mocks\mockData.ts">
        <metrics statements="8" coveredstatements="8" conditionals="0" coveredconditionals="0" methods="0" coveredmethods="0"/>
        <line num="2" count="6" type="stmt"/>
        <line num="16" count="6" type="stmt"/>
        <line num="45" count="6" type="stmt"/>
        <line num="54" count="6" type="stmt"/>
        <line num="63" count="6" type="stmt"/>
        <line num="66" count="6" type="stmt"/>
        <line num="72" count="6" type="stmt"/>
        <line num="82" count="6" type="stmt"/>
      </file>
      <file name="toastContextMock.ts" path="C:\Users\amana\Desktop\s\frontend\src\test-utils\mocks\toastContextMock.ts">
        <metrics statements="15" coveredstatements="0" conditionals="0" coveredconditionals="0" methods="7" coveredmethods="0"/>
        <line num="4" count="0" type="stmt"/>
        <line num="15" count="0" type="stmt"/>
        <line num="16" count="0" type="stmt"/>
        <line num="17" count="0" type="stmt"/>
        <line num="18" count="0" type="stmt"/>
        <line num="19" count="0" type="stmt"/>
        <line num="20" count="0" type="stmt"/>
        <line num="21" count="0" type="stmt"/>
        <line num="22" count="0" type="stmt"/>
        <line num="26" count="0" type="stmt"/>
        <line num="27" count="0" type="stmt"/>
        <line num="28" count="0" type="stmt"/>
        <line num="29" count="0" type="stmt"/>
        <line num="30" count="0" type="stmt"/>
        <line num="31" count="0" type="stmt"/>
      </file>
    </package>
    <package name="src.types">
      <metrics statements="5" coveredstatements="5" conditionals="0" coveredconditionals="0" methods="1" coveredmethods="1"/>
      <file name="api.ts" path="C:\Users\amana\Desktop\s\frontend\src\types\api.ts">
        <metrics statements="5" coveredstatements="5" conditionals="0" coveredconditionals="0" methods="1" coveredmethods="1"/>
        <line num="20" count="16" type="stmt"/>
        <line num="21" count="16" type="stmt"/>
        <line num="22" count="16" type="stmt"/>
        <line num="23" count="16" type="stmt"/>
        <line num="24" count="16" type="stmt"/>
      </file>
      <file name="asset.ts" path="C:\Users\amana\Desktop\s\frontend\src\types\asset.ts">
        <metrics statements="0" coveredstatements="0" conditionals="0" coveredconditionals="0" methods="0" coveredmethods="0"/>
      </file>
      <file name="index.ts" path="C:\Users\amana\Desktop\s\frontend\src\types\index.ts">
        <metrics statements="0" coveredstatements="0" conditionals="0" coveredconditionals="0" methods="0" coveredmethods="0"/>
      </file>
    </package>
    <package name="src.utils">
      <metrics statements="72" coveredstatements="42" conditionals="55" coveredconditionals="36" methods="17" coveredmethods="5"/>
      <file name="apiClient.ts" path="C:\Users\amana\Desktop\s\frontend\src\utils\apiClient.ts">
        <metrics statements="23" coveredstatements="0" conditionals="6" coveredconditionals="0" methods="9" coveredmethods="0"/>
        <line num="10" count="0" type="cond" truecount="0" falsecount="2"/>
        <line num="13" count="0" type="stmt"/>
        <line num="22" count="0" type="stmt"/>
        <line num="29" count="0" type="stmt"/>
        <line num="32" count="0" type="stmt"/>
        <line num="37" count="0" type="stmt"/>
        <line num="39" count="0" type="stmt"/>
        <line num="43" count="0" type="stmt"/>
        <line num="46" count="0" type="cond" truecount="0" falsecount="2"/>
        <line num="47" count="0" type="stmt"/>
        <line num="51" count="0" type="cond" truecount="0" falsecount="2"/>
        <line num="56" count="0" type="stmt"/>
        <line num="61" count="0" type="stmt"/>
        <line num="66" count="0" type="stmt"/>
        <line num="67" count="0" type="stmt"/>
        <line num="75" count="0" type="stmt"/>
        <line num="80" count="0" type="stmt"/>
        <line num="88" count="0" type="stmt"/>
        <line num="93" count="0" type="stmt"/>
        <line num="100" count="0" type="stmt"/>
        <line num="101" count="0" type="stmt"/>
        <line num="109" count="0" type="stmt"/>
        <line num="114" count="0" type="stmt"/>
      </file>
      <file name="errorHandler.ts" path="C:\Users\amana\Desktop\s\frontend\src\utils\errorHandler.ts">
        <metrics statements="35" coveredstatements="34" conditionals="45" coveredconditionals="36" methods="3" coveredmethods="3"/>
        <line num="13" count="18" type="stmt"/>
        <line num="15" count="17" type="cond" truecount="2" falsecount="0"/>
        <line num="16" count="3" type="stmt"/>
        <line num="17" count="3" type="stmt"/>
        <line num="20" count="3" type="cond" truecount="2" falsecount="0"/>
        <line num="25" count="1" type="stmt"/>
        <line num="34" count="2" type="cond" truecount="4" falsecount="0"/>
        <line num="35" count="1" type="stmt"/>
        <line num="43" count="1" type="cond" truecount="1" falsecount="1"/>
        <line num="44" count="1" type="stmt"/>
        <line num="52" count="0" type="stmt"/>
        <line num="60" count="14" type="cond" truecount="2" falsecount="0"/>
        <line num="61" count="6" type="stmt"/>
        <line num="68" count="8" type="cond" truecount="2" falsecount="0"/>
        <line num="69" count="2" type="stmt"/>
        <line num="76" count="6" type="stmt"/>
        <line num="85" count="18" type="stmt"/>
        <line num="87" count="19" type="cond" truecount="2" falsecount="0"/>
        <line num="88" count="10" type="cond" truecount="9" falsecount="0"/>
        <line num="90" count="1" type="stmt"/>
        <line num="92" count="1" type="stmt"/>
        <line num="94" count="1" type="stmt"/>
        <line num="96" count="1" type="stmt"/>
        <line num="98" count="1" type="stmt"/>
        <line num="100" count="1" type="stmt"/>
        <line num="102" count="1" type="stmt"/>
        <line num="104" count="1" type="stmt"/>
        <line num="106" count="1" type="stmt"/>
        <line num="111" count="10" type="cond" truecount="1" falsecount="1"/>
        <line num="112" count="10" type="cond" truecount="3" falsecount="0"/>
        <line num="114" count="1" type="stmt"/>
        <line num="116" count="1" type="stmt"/>
        <line num="118" count="1" type="stmt"/>
        <line num="123" count="7" type="stmt"/>
        <line num="130" count="17" type="cond" truecount="2" falsecount="0"/>
      </file>
      <file name="globalErrorHandler.ts" path="C:\Users\amana\Desktop\s\frontend\src\utils\globalErrorHandler.ts">
        <metrics statements="14" coveredstatements="8" conditionals="4" coveredconditionals="0" methods="5" coveredmethods="2"/>
        <line num="8" count="1" type="stmt"/>
        <line num="14" count="1" type="stmt"/>
        <line num="15" count="1" type="stmt"/>
        <line num="18" count="1" type="stmt"/>
        <line num="24" count="1" type="stmt"/>
        <line num="26" count="1" type="stmt"/>
        <line num="27" count="0" type="cond" truecount="0" falsecount="2"/>
        <line num="32" count="1" type="stmt"/>
        <line num="33" count="0" type="stmt"/>
        <line num="42" count="1" type="stmt"/>
        <line num="43" count="0" type="stmt"/>
        <line num="46" count="0" type="stmt"/>
        <line num="49" count="0" type="cond" truecount="0" falsecount="2"/>
        <line num="50" count="0" type="stmt"/>
      </file>
    </package>
  </project>
</coverage>
