{"C:\\Users\\amana\\Desktop\\s\\frontend\\src\\App.tsx": {"path":"C:\\Users\\amana\\Desktop\\s\\frontend\\src\\App.tsx","statementMap":{"0":{"start":{"line":14,"column":19},"end":{"line":42,"column":1}},"1":{"start":{"line":15,"column":24},"end":{"line":15,"column":34}},"2":{"start":{"line":18,"column":2},"end":{"line":20,"column":18}},"3":{"start":{"line":19,"column":4},"end":{"line":19,"column":38}},"4":{"start":{"line":22,"column":2},"end":{"line":41,"column":4}},"5":{"start":{"line":45,"column":2},"end":{"line":51,"column":4}}},"fnMap":{"0":{"name":"(anonymous_0)","decl":{"start":{"line":14,"column":19},"end":{"line":14,"column":20}},"loc":{"start":{"line":14,"column":25},"end":{"line":42,"column":1}},"line":14},"1":{"name":"(anonymous_1)","decl":{"start":{"line":18,"column":12},"end":{"line":18,"column":13}},"loc":{"start":{"line":18,"column":18},"end":{"line":20,"column":3}},"line":18},"2":{"name":"App","decl":{"start":{"line":44,"column":9},"end":{"line":44,"column":12}},"loc":{"start":{"line":44,"column":15},"end":{"line":52,"column":1}},"line":44}},"branchMap":{},"s":{"0":1,"1":1,"2":1,"3":1,"4":1,"5":1},"f":{"0":1,"1":1,"2":1},"b":{},"_coverageSchema":"1a1c01bbd47fc00a2c39e90264f33305004495a9","hash":"c7e7289c04310fc1e678de4e50117f37d7f6cac4"}
,"C:\\Users\\amana\\Desktop\\s\\frontend\\src\\index.tsx": {"path":"C:\\Users\\amana\\Desktop\\s\\frontend\\src\\index.tsx","statementMap":{"0":{"start":{"line":6,"column":13},"end":{"line":8,"column":1}},"1":{"start":{"line":10,"column":0},"end":{"line":14,"column":2}}},"fnMap":{},"branchMap":{},"s":{"0":0,"1":0},"f":{},"b":{}}
,"C:\\Users\\amana\\Desktop\\s\\frontend\\src\\components\\AssetDetail.tsx": {"path":"C:\\Users\\amana\\Desktop\\s\\frontend\\src\\components\\AssetDetail.tsx","statementMap":{"0":{"start":{"line":12,"column":48},"end":{"line":141,"column":1}},"1":{"start":{"line":17,"column":19},"end":{"line":17,"column":32}},"2":{"start":{"line":19,"column":21},"end":{"line":21,"column":3}},"3":{"start":{"line":20,"column":4},"end":{"line":20,"column":53}},"4":{"start":{"line":23,"column":25},"end":{"line":28,"column":3}},"5":{"start":{"line":24,"column":4},"end":{"line":27,"column":22}},"6":{"start":{"line":30,"column":30},"end":{"line":43,"column":3}},"7":{"start":{"line":31,"column":4},"end":{"line":42,"column":5}},"8":{"start":{"line":33,"column":8},"end":{"line":33,"column":44}},"9":{"start":{"line":35,"column":8},"end":{"line":35,"column":46}},"10":{"start":{"line":37,"column":8},"end":{"line":37,"column":49}},"11":{"start":{"line":39,"column":8},"end":{"line":39,"column":46}},"12":{"start":{"line":41,"column":8},"end":{"line":41,"column":30}},"13":{"start":{"line":45,"column":2},"end":{"line":140,"column":4}},"14":{"start":{"line":50,"column":25},"end":{"line":50,"column":44}}},"fnMap":{"0":{"name":"(anonymous_0)","decl":{"start":{"line":12,"column":48},"end":{"line":12,"column":49}},"loc":{"start":{"line":16,"column":6},"end":{"line":141,"column":1}},"line":16},"1":{"name":"(anonymous_1)","decl":{"start":{"line":19,"column":21},"end":{"line":19,"column":22}},"loc":{"start":{"line":19,"column":45},"end":{"line":21,"column":3}},"line":19},"2":{"name":"(anonymous_2)","decl":{"start":{"line":23,"column":25},"end":{"line":23,"column":26}},"loc":{"start":{"line":23,"column":45},"end":{"line":28,"column":3}},"line":23},"3":{"name":"(anonymous_3)","decl":{"start":{"line":30,"column":30},"end":{"line":30,"column":31}},"loc":{"start":{"line":30,"column":50},"end":{"line":43,"column":3}},"line":30},"4":{"name":"(anonymous_4)","decl":{"start":{"line":50,"column":19},"end":{"line":50,"column":20}},"loc":{"start":{"line":50,"column":25},"end":{"line":50,"column":44}},"line":50}},"branchMap":{"0":{"loc":{"start":{"line":31,"column":4},"end":{"line":42,"column":5}},"type":"switch","locations":[{"start":{"line":32,"column":6},"end":{"line":33,"column":44}},{"start":{"line":34,"column":6},"end":{"line":35,"column":46}},{"start":{"line":36,"column":6},"end":{"line":37,"column":49}},{"start":{"line":38,"column":6},"end":{"line":39,"column":46}},{"start":{"line":40,"column":6},"end":{"line":41,"column":30}}],"line":31},"1":{"loc":{"start":{"line":90,"column":21},"end":{"line":90,"column":67}},"type":"binary-expr","locations":[{"start":{"line":90,"column":21},"end":{"line":90,"column":38}},{"start":{"line":90,"column":42},"end":{"line":90,"column":67}}],"line":90}},"s":{"0":2,"1":16,"2":16,"3":48,"4":16,"5":16,"6":16,"7":32,"8":26,"9":2,"10":2,"11":2,"12":0,"13":16,"14":1},"f":{"0":16,"1":48,"2":16,"3":32,"4":1},"b":{"0":[26,2,2,2,0],"1":[16,1]},"_coverageSchema":"1a1c01bbd47fc00a2c39e90264f33305004495a9","hash":"d2541f995535f06f3a4616bbf4e8cbe786c82208"}
,"C:\\Users\\amana\\Desktop\\s\\frontend\\src\\components\\AssetForm.tsx": {"path":"C:\\Users\\amana\\Desktop\\s\\frontend\\src\\components\\AssetForm.tsx","statementMap":{"0":{"start":{"line":39,"column":38},"end":{"line":44,"column":1}},"1":{"start":{"line":46,"column":51},"end":{"line":465,"column":1}},"2":{"start":{"line":53,"column":53},"end":{"line":53,"column":68}},"3":{"start":{"line":55,"column":34},"end":{"line":63,"column":4}},"4":{"start":{"line":65,"column":30},"end":{"line":65,"column":54}},"5":{"start":{"line":66,"column":32},"end":{"line":66,"column":69}},"6":{"start":{"line":69,"column":2},"end":{"line":81,"column":14}},"7":{"start":{"line":70,"column":4},"end":{"line":80,"column":5}},"8":{"start":{"line":71,"column":6},"end":{"line":79,"column":9}},"9":{"start":{"line":83,"column":24},"end":{"line":128,"column":3}},"10":{"start":{"line":87,"column":4},"end":{"line":126,"column":5}},"11":{"start":{"line":89,"column":8},"end":{"line":89,"column":59}},"12":{"start":{"line":89,"column":27},"end":{"line":89,"column":59}},"13":{"start":{"line":90,"column":8},"end":{"line":91,"column":63}},"14":{"start":{"line":91,"column":10},"end":{"line":91,"column":63}},"15":{"start":{"line":92,"column":8},"end":{"line":92,"column":14}},"16":{"start":{"line":95,"column":8},"end":{"line":95,"column":57}},"17":{"start":{"line":95,"column":27},"end":{"line":95,"column":57}},"18":{"start":{"line":96,"column":8},"end":{"line":97,"column":61}},"19":{"start":{"line":97,"column":10},"end":{"line":97,"column":61}},"20":{"start":{"line":98,"column":8},"end":{"line":98,"column":14}},"21":{"start":{"line":101,"column":8},"end":{"line":101,"column":62}},"22":{"start":{"line":101,"column":27},"end":{"line":101,"column":62}},"23":{"start":{"line":102,"column":8},"end":{"line":103,"column":66}},"24":{"start":{"line":103,"column":10},"end":{"line":103,"column":66}},"25":{"start":{"line":104,"column":8},"end":{"line":104,"column":14}},"26":{"start":{"line":107,"column":8},"end":{"line":107,"column":55}},"27":{"start":{"line":107,"column":20},"end":{"line":107,"column":55}},"28":{"start":{"line":108,"column":21},"end":{"line":108,"column":36}},"29":{"start":{"line":109,"column":8},"end":{"line":109,"column":70}},"30":{"start":{"line":109,"column":35},"end":{"line":109,"column":70}},"31":{"start":{"line":110,"column":8},"end":{"line":110,"column":78}},"32":{"start":{"line":110,"column":31},"end":{"line":110,"column":78}},"33":{"start":{"line":111,"column":8},"end":{"line":111,"column":14}},"34":{"start":{"line":114,"column":8},"end":{"line":114,"column":63}},"35":{"start":{"line":114,"column":27},"end":{"line":114,"column":63}},"36":{"start":{"line":115,"column":22},"end":{"line":115,"column":39}},"37":{"start":{"line":116,"column":8},"end":{"line":116,"column":62}},"38":{"start":{"line":116,"column":26},"end":{"line":116,"column":62}},"39":{"start":{"line":117,"column":8},"end":{"line":117,"column":71}},"40":{"start":{"line":117,"column":24},"end":{"line":117,"column":71}},"41":{"start":{"line":118,"column":8},"end":{"line":118,"column":68}},"42":{"start":{"line":118,"column":31},"end":{"line":118,"column":68}},"43":{"start":{"line":119,"column":8},"end":{"line":119,"column":14}},"44":{"start":{"line":122,"column":8},"end":{"line":122,"column":48}},"45":{"start":{"line":122,"column":20},"end":{"line":122,"column":48}},"46":{"start":{"line":123,"column":8},"end":{"line":124,"column":48}},"47":{"start":{"line":124,"column":10},"end":{"line":124,"column":48}},"48":{"start":{"line":125,"column":8},"end":{"line":125,"column":14}},"49":{"start":{"line":127,"column":4},"end":{"line":127,"column":21}},"50":{"start":{"line":130,"column":23},"end":{"line":146,"column":3}},"51":{"start":{"line":131,"column":34},"end":{"line":131,"column":36}},"52":{"start":{"line":132,"column":18},"end":{"line":132,"column":22}},"53":{"start":{"line":135,"column":4},"end":{"line":142,"column":7}},"54":{"start":{"line":136,"column":24},"end":{"line":136,"column":45}},"55":{"start":{"line":137,"column":20},"end":{"line":137,"column":65}},"56":{"start":{"line":138,"column":6},"end":{"line":141,"column":7}},"57":{"start":{"line":139,"column":8},"end":{"line":139,"column":37}},"58":{"start":{"line":140,"column":8},"end":{"line":140,"column":24}},"59":{"start":{"line":144,"column":4},"end":{"line":144,"column":25}},"60":{"start":{"line":145,"column":4},"end":{"line":145,"column":19}},"61":{"start":{"line":148,"column":28},"end":{"line":168,"column":3}},"62":{"start":{"line":153,"column":28},"end":{"line":153,"column":36}},"63":{"start":{"line":154,"column":22},"end":{"line":154,"column":44}},"64":{"start":{"line":156,"column":4},"end":{"line":159,"column":8}},"65":{"start":{"line":156,"column":27},"end":{"line":159,"column":5}},"66":{"start":{"line":162,"column":4},"end":{"line":167,"column":5}},"67":{"start":{"line":163,"column":6},"end":{"line":166,"column":10}},"68":{"start":{"line":163,"column":27},"end":{"line":166,"column":7}},"69":{"start":{"line":170,"column":21},"end":{"line":189,"column":3}},"70":{"start":{"line":175,"column":28},"end":{"line":175,"column":36}},"71":{"start":{"line":176,"column":22},"end":{"line":176,"column":44}},"72":{"start":{"line":178,"column":4},"end":{"line":181,"column":8}},"73":{"start":{"line":178,"column":26},"end":{"line":181,"column":5}},"74":{"start":{"line":184,"column":18},"end":{"line":184,"column":49}},"75":{"start":{"line":185,"column":4},"end":{"line":188,"column":8}},"76":{"start":{"line":185,"column":25},"end":{"line":188,"column":5}},"77":{"start":{"line":191,"column":23},"end":{"line":224,"column":3}},"78":{"start":{"line":192,"column":4},"end":{"line":192,"column":23}},"79":{"start":{"line":195,"column":23},"end":{"line":201,"column":5}},"80":{"start":{"line":196,"column":21},"end":{"line":199,"column":7}},"81":{"start":{"line":202,"column":4},"end":{"line":202,"column":27}},"82":{"start":{"line":204,"column":4},"end":{"line":206,"column":5}},"83":{"start":{"line":205,"column":6},"end":{"line":205,"column":13}},"84":{"start":{"line":208,"column":4},"end":{"line":223,"column":5}},"85":{"start":{"line":209,"column":66},"end":{"line":217,"column":7}},"86":{"start":{"line":219,"column":6},"end":{"line":219,"column":33}},"87":{"start":{"line":222,"column":6},"end":{"line":222,"column":53}},"88":{"start":{"line":226,"column":22},"end":{"line":252,"column":3}},"89":{"start":{"line":227,"column":4},"end":{"line":249,"column":5}},"90":{"start":{"line":229,"column":6},"end":{"line":237,"column":9}},"91":{"start":{"line":240,"column":6},"end":{"line":248,"column":9}},"92":{"start":{"line":250,"column":4},"end":{"line":250,"column":18}},"93":{"start":{"line":251,"column":4},"end":{"line":251,"column":19}},"94":{"start":{"line":254,"column":24},"end":{"line":256,"column":3}},"95":{"start":{"line":255,"column":4},"end":{"line":255,"column":62}},"96":{"start":{"line":258,"column":2},"end":{"line":464,"column":4}},"97":{"start":{"line":325,"column":16},"end":{"line":327,"column":25}},"98":{"start":{"line":352,"column":16},"end":{"line":354,"column":25}}},"fnMap":{"0":{"name":"(anonymous_0)","decl":{"start":{"line":46,"column":51},"end":{"line":46,"column":52}},"loc":{"start":{"line":52,"column":6},"end":{"line":465,"column":1}},"line":52},"1":{"name":"(anonymous_1)","decl":{"start":{"line":69,"column":12},"end":{"line":69,"column":13}},"loc":{"start":{"line":69,"column":18},"end":{"line":81,"column":3}},"line":69},"2":{"name":"(anonymous_2)","decl":{"start":{"line":83,"column":24},"end":{"line":83,"column":25}},"loc":{"start":{"line":86,"column":27},"end":{"line":128,"column":3}},"line":86},"3":{"name":"(anonymous_3)","decl":{"start":{"line":130,"column":23},"end":{"line":130,"column":24}},"loc":{"start":{"line":130,"column":38},"end":{"line":146,"column":3}},"line":130},"4":{"name":"(anonymous_4)","decl":{"start":{"line":135,"column":34},"end":{"line":135,"column":35}},"loc":{"start":{"line":135,"column":43},"end":{"line":142,"column":5}},"line":135},"5":{"name":"(anonymous_5)","decl":{"start":{"line":148,"column":28},"end":{"line":148,"column":29}},"loc":{"start":{"line":152,"column":7},"end":{"line":168,"column":3}},"line":152},"6":{"name":"(anonymous_6)","decl":{"start":{"line":156,"column":16},"end":{"line":156,"column":17}},"loc":{"start":{"line":156,"column":27},"end":{"line":159,"column":5}},"line":156},"7":{"name":"(anonymous_7)","decl":{"start":{"line":163,"column":16},"end":{"line":163,"column":17}},"loc":{"start":{"line":163,"column":27},"end":{"line":166,"column":7}},"line":163},"8":{"name":"(anonymous_8)","decl":{"start":{"line":170,"column":21},"end":{"line":170,"column":22}},"loc":{"start":{"line":174,"column":7},"end":{"line":189,"column":3}},"line":174},"9":{"name":"(anonymous_9)","decl":{"start":{"line":178,"column":15},"end":{"line":178,"column":16}},"loc":{"start":{"line":178,"column":26},"end":{"line":181,"column":5}},"line":178},"10":{"name":"(anonymous_10)","decl":{"start":{"line":185,"column":14},"end":{"line":185,"column":15}},"loc":{"start":{"line":185,"column":25},"end":{"line":188,"column":5}},"line":185},"11":{"name":"(anonymous_11)","decl":{"start":{"line":191,"column":23},"end":{"line":191,"column":24}},"loc":{"start":{"line":191,"column":53},"end":{"line":224,"column":3}},"line":191},"12":{"name":"(anonymous_12)","decl":{"start":{"line":196,"column":6},"end":{"line":196,"column":7}},"loc":{"start":{"line":196,"column":21},"end":{"line":199,"column":7}},"line":196},"13":{"name":"(anonymous_13)","decl":{"start":{"line":226,"column":22},"end":{"line":226,"column":23}},"loc":{"start":{"line":226,"column":28},"end":{"line":252,"column":3}},"line":226},"14":{"name":"(anonymous_14)","decl":{"start":{"line":254,"column":24},"end":{"line":254,"column":25}},"loc":{"start":{"line":254,"column":75},"end":{"line":256,"column":3}},"line":254},"15":{"name":"(anonymous_15)","decl":{"start":{"line":324,"column":30},"end":{"line":324,"column":31}},"loc":{"start":{"line":325,"column":16},"end":{"line":327,"column":25}},"line":325},"16":{"name":"(anonymous_16)","decl":{"start":{"line":351,"column":34},"end":{"line":351,"column":35}},"loc":{"start":{"line":352,"column":16},"end":{"line":354,"column":25}},"line":352}},"branchMap":{"0":{"loc":{"start":{"line":50,"column":2},"end":{"line":50,"column":17}},"type":"default-arg","locations":[{"start":{"line":50,"column":12},"end":{"line":50,"column":17}}],"line":50},"1":{"loc":{"start":{"line":51,"column":2},"end":{"line":51,"column":33}},"type":"default-arg","locations":[{"start":{"line":51,"column":21},"end":{"line":51,"column":33}}],"line":51},"2":{"loc":{"start":{"line":70,"column":4},"end":{"line":80,"column":5}},"type":"if","locations":[{"start":{"line":70,"column":4},"end":{"line":80,"column":5}},{"start":{},"end":{}}],"line":70},"3":{"loc":{"start":{"line":87,"column":4},"end":{"line":126,"column":5}},"type":"switch","locations":[{"start":{"line":88,"column":6},"end":{"line":92,"column":14}},{"start":{"line":94,"column":6},"end":{"line":98,"column":14}},{"start":{"line":100,"column":6},"end":{"line":104,"column":14}},{"start":{"line":106,"column":6},"end":{"line":111,"column":14}},{"start":{"line":113,"column":6},"end":{"line":119,"column":14}},{"start":{"line":121,"column":6},"end":{"line":125,"column":14}}],"line":87},"4":{"loc":{"start":{"line":89,"column":8},"end":{"line":89,"column":59}},"type":"if","locations":[{"start":{"line":89,"column":8},"end":{"line":89,"column":59}},{"start":{},"end":{}}],"line":89},"5":{"loc":{"start":{"line":90,"column":8},"end":{"line":91,"column":63}},"type":"if","locations":[{"start":{"line":90,"column":8},"end":{"line":91,"column":63}},{"start":{},"end":{}}],"line":90},"6":{"loc":{"start":{"line":95,"column":8},"end":{"line":95,"column":57}},"type":"if","locations":[{"start":{"line":95,"column":8},"end":{"line":95,"column":57}},{"start":{},"end":{}}],"line":95},"7":{"loc":{"start":{"line":96,"column":8},"end":{"line":97,"column":61}},"type":"if","locations":[{"start":{"line":96,"column":8},"end":{"line":97,"column":61}},{"start":{},"end":{}}],"line":96},"8":{"loc":{"start":{"line":101,"column":8},"end":{"line":101,"column":62}},"type":"if","locations":[{"start":{"line":101,"column":8},"end":{"line":101,"column":62}},{"start":{},"end":{}}],"line":101},"9":{"loc":{"start":{"line":102,"column":8},"end":{"line":103,"column":66}},"type":"if","locations":[{"start":{"line":102,"column":8},"end":{"line":103,"column":66}},{"start":{},"end":{}}],"line":102},"10":{"loc":{"start":{"line":107,"column":8},"end":{"line":107,"column":55}},"type":"if","locations":[{"start":{"line":107,"column":8},"end":{"line":107,"column":55}},{"start":{},"end":{}}],"line":107},"11":{"loc":{"start":{"line":109,"column":8},"end":{"line":109,"column":70}},"type":"if","locations":[{"start":{"line":109,"column":8},"end":{"line":109,"column":70}},{"start":{},"end":{}}],"line":109},"12":{"loc":{"start":{"line":110,"column":8},"end":{"line":110,"column":78}},"type":"if","locations":[{"start":{"line":110,"column":8},"end":{"line":110,"column":78}},{"start":{},"end":{}}],"line":110},"13":{"loc":{"start":{"line":114,"column":8},"end":{"line":114,"column":63}},"type":"if","locations":[{"start":{"line":114,"column":8},"end":{"line":114,"column":63}},{"start":{},"end":{}}],"line":114},"14":{"loc":{"start":{"line":116,"column":8},"end":{"line":116,"column":62}},"type":"if","locations":[{"start":{"line":116,"column":8},"end":{"line":116,"column":62}},{"start":{},"end":{}}],"line":116},"15":{"loc":{"start":{"line":117,"column":8},"end":{"line":117,"column":71}},"type":"if","locations":[{"start":{"line":117,"column":8},"end":{"line":117,"column":71}},{"start":{},"end":{}}],"line":117},"16":{"loc":{"start":{"line":118,"column":8},"end":{"line":118,"column":68}},"type":"if","locations":[{"start":{"line":118,"column":8},"end":{"line":118,"column":68}},{"start":{},"end":{}}],"line":118},"17":{"loc":{"start":{"line":122,"column":8},"end":{"line":122,"column":48}},"type":"if","locations":[{"start":{"line":122,"column":8},"end":{"line":122,"column":48}},{"start":{},"end":{}}],"line":122},"18":{"loc":{"start":{"line":123,"column":8},"end":{"line":124,"column":48}},"type":"if","locations":[{"start":{"line":123,"column":8},"end":{"line":124,"column":48}},{"start":{},"end":{}}],"line":123},"19":{"loc":{"start":{"line":138,"column":6},"end":{"line":141,"column":7}},"type":"if","locations":[{"start":{"line":138,"column":6},"end":{"line":141,"column":7}},{"start":{},"end":{}}],"line":138},"20":{"loc":{"start":{"line":162,"column":4},"end":{"line":167,"column":5}},"type":"if","locations":[{"start":{"line":162,"column":4},"end":{"line":167,"column":5}},{"start":{},"end":{}}],"line":162},"21":{"loc":{"start":{"line":204,"column":4},"end":{"line":206,"column":5}},"type":"if","locations":[{"start":{"line":204,"column":4},"end":{"line":206,"column":5}},{"start":{},"end":{}}],"line":204},"22":{"loc":{"start":{"line":227,"column":4},"end":{"line":249,"column":5}},"type":"if","locations":[{"start":{"line":227,"column":4},"end":{"line":249,"column":5}},{"start":{"line":238,"column":11},"end":{"line":249,"column":5}}],"line":227},"23":{"loc":{"start":{"line":255,"column":11},"end":{"line":255,"column":61}},"type":"cond-expr","locations":[{"start":{"line":255,"column":32},"end":{"line":255,"column":49}},{"start":{"line":255,"column":52},"end":{"line":255,"column":61}}],"line":255},"24":{"loc":{"start":{"line":272,"column":37},"end":{"line":272,"column":73}},"type":"cond-expr","locations":[{"start":{"line":272,"column":61},"end":{"line":272,"column":68}},{"start":{"line":272,"column":71},"end":{"line":272,"column":73}}],"line":272},"25":{"loc":{"start":{"line":277,"column":11},"end":{"line":279,"column":11}},"type":"binary-expr","locations":[{"start":{"line":277,"column":11},"end":{"line":277,"column":32}},{"start":{"line":278,"column":12},"end":{"line":278,"column":74}}],"line":277},"26":{"loc":{"start":{"line":293,"column":14},"end":{"line":293,"column":57}},"type":"cond-expr","locations":[{"start":{"line":293,"column":45},"end":{"line":293,"column":52}},{"start":{"line":293,"column":55},"end":{"line":293,"column":57}}],"line":293},"27":{"loc":{"start":{"line":299,"column":11},"end":{"line":303,"column":11}},"type":"binary-expr","locations":[{"start":{"line":299,"column":11},"end":{"line":299,"column":39}},{"start":{"line":300,"column":12},"end":{"line":302,"column":19}}],"line":299},"28":{"loc":{"start":{"line":318,"column":16},"end":{"line":318,"column":56}},"type":"cond-expr","locations":[{"start":{"line":318,"column":44},"end":{"line":318,"column":51}},{"start":{"line":318,"column":54},"end":{"line":318,"column":56}}],"line":318},"29":{"loc":{"start":{"line":320,"column":24},"end":{"line":320,"column":52}},"type":"binary-expr","locations":[{"start":{"line":320,"column":24},"end":{"line":320,"column":31}},{"start":{"line":320,"column":35},"end":{"line":320,"column":52}}],"line":320},"30":{"loc":{"start":{"line":330,"column":13},"end":{"line":332,"column":13}},"type":"binary-expr","locations":[{"start":{"line":330,"column":13},"end":{"line":330,"column":38}},{"start":{"line":331,"column":14},"end":{"line":331,"column":80}}],"line":330},"31":{"loc":{"start":{"line":346,"column":16},"end":{"line":346,"column":54}},"type":"cond-expr","locations":[{"start":{"line":346,"column":42},"end":{"line":346,"column":49}},{"start":{"line":346,"column":52},"end":{"line":346,"column":54}}],"line":346},"32":{"loc":{"start":{"line":357,"column":13},"end":{"line":359,"column":13}},"type":"binary-expr","locations":[{"start":{"line":357,"column":13},"end":{"line":357,"column":36}},{"start":{"line":358,"column":14},"end":{"line":358,"column":78}}],"line":357},"33":{"loc":{"start":{"line":375,"column":14},"end":{"line":375,"column":58}},"type":"cond-expr","locations":[{"start":{"line":375,"column":46},"end":{"line":375,"column":53}},{"start":{"line":375,"column":56},"end":{"line":375,"column":58}}],"line":375},"34":{"loc":{"start":{"line":381,"column":11},"end":{"line":385,"column":11}},"type":"binary-expr","locations":[{"start":{"line":381,"column":11},"end":{"line":381,"column":40}},{"start":{"line":382,"column":12},"end":{"line":384,"column":19}}],"line":381},"35":{"loc":{"start":{"line":401,"column":16},"end":{"line":401,"column":60}},"type":"cond-expr","locations":[{"start":{"line":401,"column":48},"end":{"line":401,"column":55}},{"start":{"line":401,"column":58},"end":{"line":401,"column":60}}],"line":401},"36":{"loc":{"start":{"line":406,"column":13},"end":{"line":410,"column":13}},"type":"binary-expr","locations":[{"start":{"line":406,"column":13},"end":{"line":406,"column":42}},{"start":{"line":407,"column":14},"end":{"line":409,"column":21}}],"line":406},"37":{"loc":{"start":{"line":425,"column":16},"end":{"line":425,"column":61}},"type":"cond-expr","locations":[{"start":{"line":425,"column":49},"end":{"line":425,"column":56}},{"start":{"line":425,"column":59},"end":{"line":425,"column":61}}],"line":425},"38":{"loc":{"start":{"line":433,"column":13},"end":{"line":437,"column":13}},"type":"binary-expr","locations":[{"start":{"line":433,"column":13},"end":{"line":433,"column":43}},{"start":{"line":434,"column":14},"end":{"line":436,"column":21}}],"line":433},"39":{"loc":{"start":{"line":459,"column":13},"end":{"line":459,"column":53}},"type":"cond-expr","locations":[{"start":{"line":459,"column":23},"end":{"line":459,"column":34}},{"start":{"line":459,"column":37},"end":{"line":459,"column":53}}],"line":459}},"s":{"0":2,"1":2,"2":28,"3":28,"4":28,"5":28,"6":28,"7":11,"8":2,"9":28,"10":17,"11":3,"12":2,"13":1,"14":0,"15":1,"16":2,"17":1,"18":1,"19":0,"20":1,"21":2,"22":1,"23":1,"24":0,"25":1,"26":3,"27":1,"28":2,"29":2,"30":0,"31":2,"32":1,"33":1,"34":3,"35":1,"36":2,"37":2,"38":0,"39":2,"40":1,"41":1,"42":0,"43":1,"44":2,"45":0,"46":2,"47":0,"48":2,"49":9,"50":28,"51":2,"52":2,"53":2,"54":14,"55":14,"56":14,"57":5,"58":5,"59":2,"60":2,"61":28,"62":9,"63":9,"64":9,"65":9,"66":9,"67":0,"68":0,"69":28,"70":3,"71":3,"72":3,"73":3,"74":3,"75":3,"76":3,"77":28,"78":2,"79":2,"80":14,"81":2,"82":2,"83":1,"84":1,"85":1,"86":1,"87":0,"88":28,"89":1,"90":1,"91":0,"92":1,"93":1,"94":28,"95":400,"96":28,"97":112,"98":112},"f":{"0":28,"1":11,"2":17,"3":2,"4":14,"5":9,"6":9,"7":0,"8":3,"9":3,"10":3,"11":2,"12":14,"13":1,"14":400,"15":112,"16":112},"b":{"0":[27],"1":[27],"2":[2,9],"3":[3,2,2,3,3,2],"4":[2,1],"5":[0,1],"6":[1,1],"7":[0,1],"8":[1,1],"9":[0,1],"10":[1,2],"11":[0,2],"12":[1,1],"13":[1,2],"14":[0,2],"15":[1,1],"16":[0,1],"17":[0,2],"18":[0,2],"19":[5,9],"20":[0,9],"21":[1,1],"22":[1,0],"23":[42,358],"24":[2,26],"25":[28,2],"26":[0,28],"27":[28,0],"28":[1,27],"29":[28,27],"30":[28,1],"31":[0,28],"32":[28,0],"33":[1,27],"34":[28,1],"35":[2,26],"36":[28,2],"37":[2,26],"38":[28,2],"39":[1,27]},"_coverageSchema":"1a1c01bbd47fc00a2c39e90264f33305004495a9","hash":"0b84495d05078b9387267d416c1e1324c9579029"}
,"C:\\Users\\amana\\Desktop\\s\\frontend\\src\\components\\AssetList.tsx": {"path":"C:\\Users\\amana\\Desktop\\s\\frontend\\src\\components\\AssetList.tsx","statementMap":{"0":{"start":{"line":12,"column":44},"end":{"line":226,"column":1}},"1":{"start":{"line":13,"column":19},"end":{"line":13,"column":32}},"2":{"start":{"line":14,"column":32},"end":{"line":19,"column":3}},"3":{"start":{"line":21,"column":4},"end":{"line":21,"column":22}},"4":{"start":{"line":22,"column":25},"end":{"line":22,"column":40}},"5":{"start":{"line":24,"column":30},"end":{"line":30,"column":3}},"6":{"start":{"line":26,"column":6},"end":{"line":26,"column":29}},"7":{"start":{"line":27,"column":6},"end":{"line":27,"column":26}},"8":{"start":{"line":32,"column":27},"end":{"line":39,"column":3}},"9":{"start":{"line":34,"column":25},"end":{"line":34,"column":54}},"10":{"start":{"line":35,"column":6},"end":{"line":35,"column":29}},"11":{"start":{"line":36,"column":6},"end":{"line":36,"column":26}},"12":{"start":{"line":41,"column":27},"end":{"line":46,"column":3}},"13":{"start":{"line":43,"column":6},"end":{"line":43,"column":38}},"14":{"start":{"line":48,"column":29},"end":{"line":56,"column":3}},"15":{"start":{"line":50,"column":6},"end":{"line":53,"column":7}},"16":{"start":{"line":51,"column":8},"end":{"line":51,"column":31}},"17":{"start":{"line":52,"column":8},"end":{"line":52,"column":32}},"18":{"start":{"line":58,"column":25},"end":{"line":63,"column":3}},"19":{"start":{"line":59,"column":4},"end":{"line":62,"column":22}},"20":{"start":{"line":65,"column":21},"end":{"line":67,"column":3}},"21":{"start":{"line":66,"column":4},"end":{"line":66,"column":53}},"22":{"start":{"line":69,"column":30},"end":{"line":82,"column":3}},"23":{"start":{"line":70,"column":4},"end":{"line":81,"column":5}},"24":{"start":{"line":72,"column":8},"end":{"line":72,"column":44}},"25":{"start":{"line":74,"column":8},"end":{"line":74,"column":46}},"26":{"start":{"line":76,"column":8},"end":{"line":76,"column":49}},"27":{"start":{"line":78,"column":8},"end":{"line":78,"column":46}},"28":{"start":{"line":80,"column":8},"end":{"line":80,"column":30}},"29":{"start":{"line":84,"column":2},"end":{"line":94,"column":3}},"30":{"start":{"line":85,"column":4},"end":{"line":93,"column":6}},"31":{"start":{"line":89,"column":31},"end":{"line":89,"column":47}},"32":{"start":{"line":96,"column":2},"end":{"line":225,"column":4}},"33":{"start":{"line":142,"column":20},"end":{"line":161,"column":25}},"34":{"start":{"line":144,"column":37},"end":{"line":144,"column":60}},"35":{"start":{"line":145,"column":40},"end":{"line":145,"column":68}},"36":{"start":{"line":178,"column":33},"end":{"line":178,"column":59}},"37":{"start":{"line":188,"column":20},"end":{"line":196,"column":21}},"38":{"start":{"line":189,"column":22},"end":{"line":189,"column":38}},"39":{"start":{"line":190,"column":27},"end":{"line":196,"column":21}},"40":{"start":{"line":191,"column":22},"end":{"line":191,"column":38}},"41":{"start":{"line":192,"column":27},"end":{"line":196,"column":21}},"42":{"start":{"line":193,"column":22},"end":{"line":193,"column":51}},"43":{"start":{"line":195,"column":22},"end":{"line":195,"column":45}},"44":{"start":{"line":198,"column":20},"end":{"line":208,"column":22}},"45":{"start":{"line":201,"column":39},"end":{"line":201,"column":64}},"46":{"start":{"line":213,"column":33},"end":{"line":213,"column":59}}},"fnMap":{"0":{"name":"(anonymous_0)","decl":{"start":{"line":12,"column":44},"end":{"line":12,"column":45}},"loc":{"start":{"line":12,"column":68},"end":{"line":226,"column":1}},"line":12},"1":{"name":"(anonymous_1)","decl":{"start":{"line":25,"column":4},"end":{"line":25,"column":5}},"loc":{"start":{"line":25,"column":34},"end":{"line":28,"column":5}},"line":25},"2":{"name":"(anonymous_2)","decl":{"start":{"line":33,"column":4},"end":{"line":33,"column":5}},"loc":{"start":{"line":33,"column":25},"end":{"line":37,"column":5}},"line":33},"3":{"name":"(anonymous_3)","decl":{"start":{"line":42,"column":4},"end":{"line":42,"column":5}},"loc":{"start":{"line":42,"column":22},"end":{"line":44,"column":5}},"line":42},"4":{"name":"(anonymous_4)","decl":{"start":{"line":49,"column":4},"end":{"line":49,"column":5}},"loc":{"start":{"line":49,"column":50},"end":{"line":54,"column":5}},"line":49},"5":{"name":"(anonymous_5)","decl":{"start":{"line":58,"column":25},"end":{"line":58,"column":26}},"loc":{"start":{"line":58,"column":53},"end":{"line":63,"column":3}},"line":58},"6":{"name":"(anonymous_6)","decl":{"start":{"line":65,"column":21},"end":{"line":65,"column":22}},"loc":{"start":{"line":65,"column":53},"end":{"line":67,"column":3}},"line":65},"7":{"name":"(anonymous_7)","decl":{"start":{"line":69,"column":30},"end":{"line":69,"column":31}},"loc":{"start":{"line":69,"column":58},"end":{"line":82,"column":3}},"line":69},"8":{"name":"(anonymous_8)","decl":{"start":{"line":89,"column":25},"end":{"line":89,"column":26}},"loc":{"start":{"line":89,"column":31},"end":{"line":89,"column":47}},"line":89},"9":{"name":"(anonymous_9)","decl":{"start":{"line":141,"column":29},"end":{"line":141,"column":30}},"loc":{"start":{"line":142,"column":20},"end":{"line":161,"column":25}},"line":142},"10":{"name":"(anonymous_10)","decl":{"start":{"line":144,"column":31},"end":{"line":144,"column":32}},"loc":{"start":{"line":144,"column":37},"end":{"line":144,"column":60}},"line":144},"11":{"name":"(anonymous_11)","decl":{"start":{"line":145,"column":33},"end":{"line":145,"column":34}},"loc":{"start":{"line":145,"column":40},"end":{"line":145,"column":68}},"line":145},"12":{"name":"(anonymous_12)","decl":{"start":{"line":178,"column":27},"end":{"line":178,"column":28}},"loc":{"start":{"line":178,"column":33},"end":{"line":178,"column":59}},"line":178},"13":{"name":"(anonymous_13)","decl":{"start":{"line":186,"column":67},"end":{"line":186,"column":68}},"loc":{"start":{"line":186,"column":77},"end":{"line":209,"column":19}},"line":186},"14":{"name":"(anonymous_14)","decl":{"start":{"line":201,"column":33},"end":{"line":201,"column":34}},"loc":{"start":{"line":201,"column":39},"end":{"line":201,"column":64}},"line":201},"15":{"name":"(anonymous_15)","decl":{"start":{"line":213,"column":27},"end":{"line":213,"column":28}},"loc":{"start":{"line":213,"column":33},"end":{"line":213,"column":59}},"line":213}},"branchMap":{"0":{"loc":{"start":{"line":15,"column":4},"end":{"line":18,"column":5}},"type":"binary-expr","locations":[{"start":{"line":15,"column":4},"end":{"line":15,"column":18}},{"start":{"line":15,"column":22},"end":{"line":18,"column":5}}],"line":15},"1":{"loc":{"start":{"line":50,"column":6},"end":{"line":53,"column":7}},"type":"if","locations":[{"start":{"line":50,"column":6},"end":{"line":53,"column":7}},{"start":{},"end":{}}],"line":50},"2":{"loc":{"start":{"line":50,"column":10},"end":{"line":50,"column":52}},"type":"binary-expr","locations":[{"start":{"line":50,"column":10},"end":{"line":50,"column":31}},{"start":{"line":50,"column":35},"end":{"line":50,"column":52}}],"line":50},"3":{"loc":{"start":{"line":70,"column":4},"end":{"line":81,"column":5}},"type":"switch","locations":[{"start":{"line":71,"column":6},"end":{"line":72,"column":44}},{"start":{"line":73,"column":6},"end":{"line":74,"column":46}},{"start":{"line":75,"column":6},"end":{"line":76,"column":49}},{"start":{"line":77,"column":6},"end":{"line":78,"column":46}},{"start":{"line":79,"column":6},"end":{"line":80,"column":30}}],"line":70},"4":{"loc":{"start":{"line":84,"column":2},"end":{"line":94,"column":3}},"type":"if","locations":[{"start":{"line":84,"column":2},"end":{"line":94,"column":3}},{"start":{},"end":{}}],"line":84},"5":{"loc":{"start":{"line":107,"column":7},"end":{"line":112,"column":7}},"type":"binary-expr","locations":[{"start":{"line":107,"column":7},"end":{"line":107,"column":14}},{"start":{"line":108,"column":8},"end":{"line":111,"column":14}}],"line":107},"6":{"loc":{"start":{"line":115,"column":7},"end":{"line":223,"column":7}},"type":"binary-expr","locations":[{"start":{"line":115,"column":7},"end":{"line":115,"column":15}},{"start":{"line":116,"column":8},"end":{"line":222,"column":11}}],"line":115},"7":{"loc":{"start":{"line":134,"column":17},"end":{"line":163,"column":17}},"type":"cond-expr","locations":[{"start":{"line":135,"column":18},"end":{"line":139,"column":23}},{"start":{"line":141,"column":18},"end":{"line":162,"column":20}}],"line":134},"8":{"loc":{"start":{"line":134,"column":17},"end":{"line":134,"column":47}},"type":"binary-expr","locations":[{"start":{"line":134,"column":17},"end":{"line":134,"column":24}},{"start":{"line":134,"column":28},"end":{"line":134,"column":47}}],"line":134},"9":{"loc":{"start":{"line":169,"column":11},"end":{"line":221,"column":11}},"type":"binary-expr","locations":[{"start":{"line":169,"column":11},"end":{"line":169,"column":25}},{"start":{"line":170,"column":12},"end":{"line":220,"column":18}}],"line":169},"10":{"loc":{"start":{"line":188,"column":20},"end":{"line":196,"column":21}},"type":"if","locations":[{"start":{"line":188,"column":20},"end":{"line":196,"column":21}},{"start":{"line":190,"column":27},"end":{"line":196,"column":21}}],"line":188},"11":{"loc":{"start":{"line":190,"column":27},"end":{"line":196,"column":21}},"type":"if","locations":[{"start":{"line":190,"column":27},"end":{"line":196,"column":21}},{"start":{"line":192,"column":27},"end":{"line":196,"column":21}}],"line":190},"12":{"loc":{"start":{"line":192,"column":27},"end":{"line":196,"column":21}},"type":"if","locations":[{"start":{"line":192,"column":27},"end":{"line":196,"column":21}},{"start":{"line":194,"column":27},"end":{"line":196,"column":21}}],"line":192},"13":{"loc":{"start":{"line":203,"column":26},"end":{"line":203,"column":58}},"type":"cond-expr","locations":[{"start":{"line":203,"column":45},"end":{"line":203,"column":53}},{"start":{"line":203,"column":56},"end":{"line":203,"column":58}}],"line":203}},"s":{"0":2,"1":22,"2":22,"3":22,"4":22,"5":22,"6":0,"7":0,"8":22,"9":1,"10":1,"11":1,"12":22,"13":3,"14":22,"15":3,"16":2,"17":2,"18":22,"19":51,"20":22,"21":51,"22":22,"23":51,"24":17,"25":17,"26":17,"27":0,"28":0,"29":22,"30":1,"31":1,"32":21,"33":51,"34":1,"35":3,"36":0,"37":34,"38":34,"39":0,"40":0,"41":0,"42":0,"43":0,"44":34,"45":0,"46":1},"f":{"0":22,"1":0,"2":1,"3":3,"4":3,"5":51,"6":51,"7":51,"8":1,"9":51,"10":1,"11":3,"12":0,"13":34,"14":0,"15":1},"b":{"0":[22,21],"1":[2,1],"2":[3,2],"3":[17,17,17,0,0],"4":[1,21],"5":[21,2],"6":[21,19],"7":[2,17],"8":[19,19],"9":[19,17],"10":[34,0],"11":[0,0],"12":[0,0],"13":[17,17]},"_coverageSchema":"1a1c01bbd47fc00a2c39e90264f33305004495a9","hash":"de6609eb278d1449867d7fe17b375ec76ae196f9"}
,"C:\\Users\\amana\\Desktop\\s\\frontend\\src\\components\\Button.tsx": {"path":"C:\\Users\\amana\\Desktop\\s\\frontend\\src\\components\\Button.tsx","statementMap":{"0":{"start":{"line":14,"column":38},"end":{"line":66,"column":1}},"1":{"start":{"line":27,"column":24},"end":{"line":36,"column":14}},"2":{"start":{"line":38,"column":2},"end":{"line":65,"column":4}}},"fnMap":{"0":{"name":"(anonymous_0)","decl":{"start":{"line":14,"column":38},"end":{"line":14,"column":39}},"loc":{"start":{"line":26,"column":6},"end":{"line":66,"column":1}},"line":26}},"branchMap":{"0":{"loc":{"start":{"line":16,"column":2},"end":{"line":16,"column":21}},"type":"default-arg","locations":[{"start":{"line":16,"column":12},"end":{"line":16,"column":21}}],"line":16},"1":{"loc":{"start":{"line":17,"column":2},"end":{"line":17,"column":17}},"type":"default-arg","locations":[{"start":{"line":17,"column":9},"end":{"line":17,"column":17}}],"line":17},"2":{"loc":{"start":{"line":18,"column":2},"end":{"line":18,"column":19}},"type":"default-arg","locations":[{"start":{"line":18,"column":14},"end":{"line":18,"column":19}}],"line":18},"3":{"loc":{"start":{"line":21,"column":2},"end":{"line":21,"column":23}},"type":"default-arg","locations":[{"start":{"line":21,"column":17},"end":{"line":21,"column":23}}],"line":21},"4":{"loc":{"start":{"line":22,"column":2},"end":{"line":22,"column":19}},"type":"default-arg","locations":[{"start":{"line":22,"column":14},"end":{"line":22,"column":19}}],"line":22},"5":{"loc":{"start":{"line":24,"column":2},"end":{"line":24,"column":16}},"type":"default-arg","locations":[{"start":{"line":24,"column":14},"end":{"line":24,"column":16}}],"line":24},"6":{"loc":{"start":{"line":31,"column":4},"end":{"line":31,"column":37}},"type":"cond-expr","locations":[{"start":{"line":31,"column":16},"end":{"line":31,"column":32}},{"start":{"line":31,"column":35},"end":{"line":31,"column":37}}],"line":31},"7":{"loc":{"start":{"line":32,"column":4},"end":{"line":32,"column":34}},"type":"cond-expr","locations":[{"start":{"line":32,"column":16},"end":{"line":32,"column":29}},{"start":{"line":32,"column":32},"end":{"line":32,"column":34}}],"line":32},"8":{"loc":{"start":{"line":41,"column":16},"end":{"line":41,"column":37}},"type":"binary-expr","locations":[{"start":{"line":41,"column":16},"end":{"line":41,"column":25}},{"start":{"line":41,"column":29},"end":{"line":41,"column":37}}],"line":41},"9":{"loc":{"start":{"line":42,"column":17},"end":{"line":42,"column":45}},"type":"cond-expr","locations":[{"start":{"line":42,"column":29},"end":{"line":42,"column":35}},{"start":{"line":42,"column":38},"end":{"line":42,"column":45}}],"line":42},"10":{"loc":{"start":{"line":45,"column":7},"end":{"line":49,"column":7}},"type":"binary-expr","locations":[{"start":{"line":45,"column":7},"end":{"line":45,"column":16}},{"start":{"line":46,"column":8},"end":{"line":48,"column":15}}],"line":45},"11":{"loc":{"start":{"line":52,"column":9},"end":{"line":54,"column":9}},"type":"binary-expr","locations":[{"start":{"line":52,"column":9},"end":{"line":52,"column":13}},{"start":{"line":52,"column":17},"end":{"line":52,"column":40}},{"start":{"line":53,"column":10},"end":{"line":53,"column":64}}],"line":52},"12":{"loc":{"start":{"line":57,"column":11},"end":{"line":57,"column":60}},"type":"cond-expr","locations":[{"start":{"line":57,"column":38},"end":{"line":57,"column":49}},{"start":{"line":57,"column":52},"end":{"line":57,"column":60}}],"line":57},"13":{"loc":{"start":{"line":57,"column":11},"end":{"line":57,"column":35}},"type":"binary-expr","locations":[{"start":{"line":57,"column":11},"end":{"line":57,"column":20}},{"start":{"line":57,"column":24},"end":{"line":57,"column":35}}],"line":57},"14":{"loc":{"start":{"line":60,"column":9},"end":{"line":62,"column":9}},"type":"binary-expr","locations":[{"start":{"line":60,"column":9},"end":{"line":60,"column":13}},{"start":{"line":60,"column":17},"end":{"line":60,"column":41}},{"start":{"line":61,"column":10},"end":{"line":61,"column":65}}],"line":60}},"s":{"0":1,"1":10,"2":10},"f":{"0":10},"b":{"0":[9],"1":[9],"2":[8],"3":[8],"4":[9],"5":[9],"6":[1,9],"7":[2,8],"8":[10,8],"9":[2,8],"10":[10,2],"11":[10,2,1],"12":[1,9],"13":[10,2],"14":[10,2,1]},"_coverageSchema":"1a1c01bbd47fc00a2c39e90264f33305004495a9","hash":"621d54be25a0e4b702d4ebd48889b53e9ee17c82"}
,"C:\\Users\\amana\\Desktop\\s\\frontend\\src\\components\\ConfirmDialog.tsx": {"path":"C:\\Users\\amana\\Desktop\\s\\frontend\\src\\components\\ConfirmDialog.tsx","statementMap":{"0":{"start":{"line":17,"column":52},"end":{"line":167,"column":1}},"1":{"start":{"line":29,"column":20},"end":{"line":29,"column":48}},"2":{"start":{"line":30,"column":27},"end":{"line":30,"column":58}},"3":{"start":{"line":31,"column":27},"end":{"line":31,"column":59}},"4":{"start":{"line":34,"column":2},"end":{"line":47,"column":15}},"5":{"start":{"line":35,"column":4},"end":{"line":46,"column":5}},"6":{"start":{"line":37,"column":6},"end":{"line":37,"column":71}},"7":{"start":{"line":40,"column":6},"end":{"line":42,"column":7}},"8":{"start":{"line":41,"column":8},"end":{"line":41,"column":41}},"9":{"start":{"line":43,"column":11},"end":{"line":46,"column":5}},"10":{"start":{"line":45,"column":6},"end":{"line":45,"column":39}},"11":{"start":{"line":50,"column":2},"end":{"line":61,"column":25}},"12":{"start":{"line":51,"column":25},"end":{"line":55,"column":5}},"13":{"start":{"line":52,"column":6},"end":{"line":54,"column":7}},"14":{"start":{"line":53,"column":8},"end":{"line":53,"column":19}},"15":{"start":{"line":57,"column":4},"end":{"line":57,"column":55}},"16":{"start":{"line":58,"column":4},"end":{"line":60,"column":6}},"17":{"start":{"line":59,"column":6},"end":{"line":59,"column":60}},"18":{"start":{"line":64,"column":2},"end":{"line":103,"column":15}},"19":{"start":{"line":65,"column":25},"end":{"line":97,"column":5}},"20":{"start":{"line":66,"column":6},"end":{"line":66,"column":48}},"21":{"start":{"line":66,"column":41},"end":{"line":66,"column":48}},"22":{"start":{"line":68,"column":32},"end":{"line":70,"column":7}},"23":{"start":{"line":72,"column":6},"end":{"line":72,"column":49}},"24":{"start":{"line":72,"column":42},"end":{"line":72,"column":49}},"25":{"start":{"line":74,"column":27},"end":{"line":74,"column":62}},"26":{"start":{"line":75,"column":26},"end":{"line":77,"column":22}},"27":{"start":{"line":80,"column":6},"end":{"line":96,"column":7}},"28":{"start":{"line":85,"column":8},"end":{"line":85,"column":31}},"29":{"start":{"line":86,"column":8},"end":{"line":86,"column":28}},"30":{"start":{"line":89,"column":11},"end":{"line":96,"column":7}},"31":{"start":{"line":94,"column":8},"end":{"line":94,"column":31}},"32":{"start":{"line":95,"column":8},"end":{"line":95,"column":29}},"33":{"start":{"line":99,"column":4},"end":{"line":99,"column":55}},"34":{"start":{"line":100,"column":4},"end":{"line":102,"column":6}},"35":{"start":{"line":101,"column":6},"end":{"line":101,"column":60}},"36":{"start":{"line":106,"column":2},"end":{"line":116,"column":15}},"37":{"start":{"line":107,"column":4},"end":{"line":111,"column":5}},"38":{"start":{"line":108,"column":6},"end":{"line":108,"column":46}},"39":{"start":{"line":110,"column":6},"end":{"line":110,"column":40}},"40":{"start":{"line":113,"column":4},"end":{"line":115,"column":6}},"41":{"start":{"line":114,"column":6},"end":{"line":114,"column":40}},"42":{"start":{"line":118,"column":2},"end":{"line":118,"column":27}},"43":{"start":{"line":118,"column":15},"end":{"line":118,"column":27}},"44":{"start":{"line":120,"column":30},"end":{"line":124,"column":3}},"45":{"start":{"line":121,"column":4},"end":{"line":123,"column":5}},"46":{"start":{"line":122,"column":6},"end":{"line":122,"column":17}},"47":{"start":{"line":126,"column":2},"end":{"line":166,"column":4}}},"fnMap":{"0":{"name":"(anonymous_0)","decl":{"start":{"line":17,"column":52},"end":{"line":17,"column":53}},"loc":{"start":{"line":28,"column":6},"end":{"line":167,"column":1}},"line":28},"1":{"name":"(anonymous_1)","decl":{"start":{"line":34,"column":12},"end":{"line":34,"column":13}},"loc":{"start":{"line":34,"column":18},"end":{"line":47,"column":3}},"line":34},"2":{"name":"(anonymous_2)","decl":{"start":{"line":50,"column":12},"end":{"line":50,"column":13}},"loc":{"start":{"line":50,"column":18},"end":{"line":61,"column":3}},"line":50},"3":{"name":"(anonymous_3)","decl":{"start":{"line":51,"column":25},"end":{"line":51,"column":26}},"loc":{"start":{"line":51,"column":51},"end":{"line":55,"column":5}},"line":51},"4":{"name":"(anonymous_4)","decl":{"start":{"line":58,"column":11},"end":{"line":58,"column":12}},"loc":{"start":{"line":58,"column":17},"end":{"line":60,"column":5}},"line":58},"5":{"name":"(anonymous_5)","decl":{"start":{"line":64,"column":12},"end":{"line":64,"column":13}},"loc":{"start":{"line":64,"column":18},"end":{"line":103,"column":3}},"line":64},"6":{"name":"(anonymous_6)","decl":{"start":{"line":65,"column":25},"end":{"line":65,"column":26}},"loc":{"start":{"line":65,"column":51},"end":{"line":97,"column":5}},"line":65},"7":{"name":"(anonymous_7)","decl":{"start":{"line":100,"column":11},"end":{"line":100,"column":12}},"loc":{"start":{"line":100,"column":17},"end":{"line":102,"column":5}},"line":100},"8":{"name":"(anonymous_8)","decl":{"start":{"line":106,"column":12},"end":{"line":106,"column":13}},"loc":{"start":{"line":106,"column":18},"end":{"line":116,"column":3}},"line":106},"9":{"name":"(anonymous_9)","decl":{"start":{"line":113,"column":11},"end":{"line":113,"column":12}},"loc":{"start":{"line":113,"column":17},"end":{"line":115,"column":5}},"line":113},"10":{"name":"(anonymous_10)","decl":{"start":{"line":120,"column":30},"end":{"line":120,"column":31}},"loc":{"start":{"line":120,"column":55},"end":{"line":124,"column":3}},"line":120}},"branchMap":{"0":{"loc":{"start":{"line":21,"column":2},"end":{"line":21,"column":25}},"type":"default-arg","locations":[{"start":{"line":21,"column":16},"end":{"line":21,"column":25}}],"line":21},"1":{"loc":{"start":{"line":22,"column":2},"end":{"line":22,"column":23}},"type":"default-arg","locations":[{"start":{"line":22,"column":15},"end":{"line":22,"column":23}}],"line":22},"2":{"loc":{"start":{"line":25,"column":2},"end":{"line":25,"column":23}},"type":"default-arg","locations":[{"start":{"line":25,"column":18},"end":{"line":25,"column":23}}],"line":25},"3":{"loc":{"start":{"line":26,"column":2},"end":{"line":26,"column":28}},"type":"default-arg","locations":[{"start":{"line":26,"column":19},"end":{"line":26,"column":28}}],"line":26},"4":{"loc":{"start":{"line":27,"column":2},"end":{"line":27,"column":26}},"type":"default-arg","locations":[{"start":{"line":27,"column":21},"end":{"line":27,"column":26}}],"line":27},"5":{"loc":{"start":{"line":35,"column":4},"end":{"line":46,"column":5}},"type":"if","locations":[{"start":{"line":35,"column":4},"end":{"line":46,"column":5}},{"start":{"line":43,"column":11},"end":{"line":46,"column":5}}],"line":35},"6":{"loc":{"start":{"line":40,"column":6},"end":{"line":42,"column":7}},"type":"if","locations":[{"start":{"line":40,"column":6},"end":{"line":42,"column":7}},{"start":{},"end":{}}],"line":40},"7":{"loc":{"start":{"line":43,"column":11},"end":{"line":46,"column":5}},"type":"if","locations":[{"start":{"line":43,"column":11},"end":{"line":46,"column":5}},{"start":{},"end":{}}],"line":43},"8":{"loc":{"start":{"line":52,"column":6},"end":{"line":54,"column":7}},"type":"if","locations":[{"start":{"line":52,"column":6},"end":{"line":54,"column":7}},{"start":{},"end":{}}],"line":52},"9":{"loc":{"start":{"line":52,"column":10},"end":{"line":52,"column":42}},"type":"binary-expr","locations":[{"start":{"line":52,"column":10},"end":{"line":52,"column":16}},{"start":{"line":52,"column":20},"end":{"line":52,"column":42}}],"line":52},"10":{"loc":{"start":{"line":66,"column":6},"end":{"line":66,"column":48}},"type":"if","locations":[{"start":{"line":66,"column":6},"end":{"line":66,"column":48}},{"start":{},"end":{}}],"line":66},"11":{"loc":{"start":{"line":66,"column":10},"end":{"line":66,"column":39}},"type":"binary-expr","locations":[{"start":{"line":66,"column":10},"end":{"line":66,"column":17}},{"start":{"line":66,"column":21},"end":{"line":66,"column":39}}],"line":66},"12":{"loc":{"start":{"line":72,"column":6},"end":{"line":72,"column":49}},"type":"if","locations":[{"start":{"line":72,"column":6},"end":{"line":72,"column":49}},{"start":{},"end":{}}],"line":72},"13":{"loc":{"start":{"line":80,"column":6},"end":{"line":96,"column":7}},"type":"if","locations":[{"start":{"line":80,"column":6},"end":{"line":96,"column":7}},{"start":{"line":89,"column":11},"end":{"line":96,"column":7}}],"line":80},"14":{"loc":{"start":{"line":81,"column":8},"end":{"line":83,"column":47}},"type":"binary-expr","locations":[{"start":{"line":81,"column":8},"end":{"line":81,"column":27}},{"start":{"line":82,"column":8},"end":{"line":82,"column":22}},{"start":{"line":83,"column":8},"end":{"line":83,"column":47}}],"line":81},"15":{"loc":{"start":{"line":89,"column":11},"end":{"line":96,"column":7}},"type":"if","locations":[{"start":{"line":89,"column":11},"end":{"line":96,"column":7}},{"start":{},"end":{}}],"line":89},"16":{"loc":{"start":{"line":90,"column":8},"end":{"line":92,"column":46}},"type":"binary-expr","locations":[{"start":{"line":90,"column":8},"end":{"line":90,"column":27}},{"start":{"line":91,"column":8},"end":{"line":91,"column":23}},{"start":{"line":92,"column":8},"end":{"line":92,"column":46}}],"line":90},"17":{"loc":{"start":{"line":107,"column":4},"end":{"line":111,"column":5}},"type":"if","locations":[{"start":{"line":107,"column":4},"end":{"line":111,"column":5}},{"start":{"line":109,"column":11},"end":{"line":111,"column":5}}],"line":107},"18":{"loc":{"start":{"line":118,"column":2},"end":{"line":118,"column":27}},"type":"if","locations":[{"start":{"line":118,"column":2},"end":{"line":118,"column":27}},{"start":{},"end":{}}],"line":118},"19":{"loc":{"start":{"line":121,"column":4},"end":{"line":123,"column":5}},"type":"if","locations":[{"start":{"line":121,"column":4},"end":{"line":123,"column":5}},{"start":{},"end":{}}],"line":121},"20":{"loc":{"start":{"line":153,"column":14},"end":{"line":153,"column":61}},"type":"cond-expr","locations":[{"start":{"line":153,"column":44},"end":{"line":153,"column":56}},{"start":{"line":153,"column":59},"end":{"line":153,"column":61}}],"line":153},"21":{"loc":{"start":{"line":154,"column":16},"end":{"line":154,"column":53}},"type":"cond-expr","locations":[{"start":{"line":154,"column":35},"end":{"line":154,"column":48}},{"start":{"line":154,"column":51},"end":{"line":154,"column":53}}],"line":154}},"s":{"0":2,"1":8,"2":8,"3":8,"4":8,"5":8,"6":7,"7":7,"8":7,"9":1,"10":0,"11":8,"12":8,"13":0,"14":0,"15":8,"16":8,"17":8,"18":8,"19":8,"20":0,"21":0,"22":0,"23":0,"24":0,"25":0,"26":0,"27":0,"28":0,"29":0,"30":0,"31":0,"32":0,"33":8,"34":8,"35":8,"36":8,"37":8,"38":7,"39":1,"40":8,"41":8,"42":8,"43":1,"44":7,"45":2,"46":0,"47":7},"f":{"0":8,"1":8,"2":8,"3":0,"4":8,"5":8,"6":0,"7":8,"8":8,"9":8,"10":2},"b":{"0":[7],"1":[7],"2":[8],"3":[7],"4":[7],"5":[7,1],"6":[7,0],"7":[0,1],"8":[0,0],"9":[0,0],"10":[0,0],"11":[0,0],"12":[0,0],"13":[0,0],"14":[0,0,0],"15":[0,0],"16":[0,0,0],"17":[7,1],"18":[1,7],"19":[0,2],"20":[1,6],"21":[1,6]},"_coverageSchema":"1a1c01bbd47fc00a2c39e90264f33305004495a9","hash":"2a9cd16615d3845aeba2291b6ca180875e19506f"}
,"C:\\Users\\amana\\Desktop\\s\\frontend\\src\\components\\ErrorBoundary.tsx": {"path":"C:\\Users\\amana\\Desktop\\s\\frontend\\src\\components\\ErrorBoundary.tsx","statementMap":{"0":{"start":{"line":21,"column":4},"end":{"line":21,"column":17}},"1":{"start":{"line":22,"column":4},"end":{"line":25,"column":6}},"2":{"start":{"line":30,"column":4},"end":{"line":30,"column":37}},"3":{"start":{"line":35,"column":4},"end":{"line":35,"column":55}},"4":{"start":{"line":38,"column":4},"end":{"line":40,"column":5}},"5":{"start":{"line":39,"column":6},"end":{"line":39,"column":43}},"6":{"start":{"line":44,"column":4},"end":{"line":51,"column":5}},"7":{"start":{"line":46,"column":6},"end":{"line":48,"column":7}},"8":{"start":{"line":47,"column":8},"end":{"line":47,"column":35}},"9":{"start":{"line":50,"column":6},"end":{"line":50,"column":56}},"10":{"start":{"line":53,"column":4},"end":{"line":53,"column":31}},"11":{"start":{"line":61,"column":52},"end":{"line":105,"column":1}},"12":{"start":{"line":62,"column":19},"end":{"line":62,"column":32}},"13":{"start":{"line":64,"column":23},"end":{"line":66,"column":3}},"14":{"start":{"line":65,"column":4},"end":{"line":65,"column":29}},"15":{"start":{"line":68,"column":23},"end":{"line":71,"column":3}},"16":{"start":{"line":69,"column":4},"end":{"line":69,"column":18}},"17":{"start":{"line":70,"column":4},"end":{"line":70,"column":29}},"18":{"start":{"line":73,"column":2},"end":{"line":104,"column":4}},"19":{"start":{"line":108,"column":52},"end":{"line":110,"column":1}},"20":{"start":{"line":109,"column":2},"end":{"line":109,"column":43}}},"fnMap":{"0":{"name":"(anonymous_0)","decl":{"start":{"line":20,"column":2},"end":{"line":20,"column":3}},"loc":{"start":{"line":20,"column":41},"end":{"line":26,"column":3}},"line":20},"1":{"name":"(anonymous_1)","decl":{"start":{"line":28,"column":2},"end":{"line":28,"column":3}},"loc":{"start":{"line":28,"column":68},"end":{"line":31,"column":3}},"line":28},"2":{"name":"(anonymous_2)","decl":{"start":{"line":33,"column":2},"end":{"line":33,"column":3}},"loc":{"start":{"line":33,"column":62},"end":{"line":41,"column":3}},"line":33},"3":{"name":"(anonymous_3)","decl":{"start":{"line":43,"column":2},"end":{"line":43,"column":3}},"loc":{"start":{"line":43,"column":22},"end":{"line":54,"column":3}},"line":43},"4":{"name":"(anonymous_4)","decl":{"start":{"line":61,"column":52},"end":{"line":61,"column":53}},"loc":{"start":{"line":61,"column":67},"end":{"line":105,"column":1}},"line":61},"5":{"name":"(anonymous_5)","decl":{"start":{"line":64,"column":23},"end":{"line":64,"column":24}},"loc":{"start":{"line":64,"column":29},"end":{"line":66,"column":3}},"line":64},"6":{"name":"(anonymous_6)","decl":{"start":{"line":68,"column":23},"end":{"line":68,"column":24}},"loc":{"start":{"line":68,"column":29},"end":{"line":71,"column":3}},"line":68},"7":{"name":"(anonymous_7)","decl":{"start":{"line":108,"column":52},"end":{"line":108,"column":53}},"loc":{"start":{"line":108,"column":63},"end":{"line":110,"column":1}},"line":108}},"branchMap":{"0":{"loc":{"start":{"line":38,"column":4},"end":{"line":40,"column":5}},"type":"if","locations":[{"start":{"line":38,"column":4},"end":{"line":40,"column":5}},{"start":{},"end":{}}],"line":38},"1":{"loc":{"start":{"line":44,"column":4},"end":{"line":51,"column":5}},"type":"if","locations":[{"start":{"line":44,"column":4},"end":{"line":51,"column":5}},{"start":{},"end":{}}],"line":44},"2":{"loc":{"start":{"line":46,"column":6},"end":{"line":48,"column":7}},"type":"if","locations":[{"start":{"line":46,"column":6},"end":{"line":48,"column":7}},{"start":{},"end":{}}],"line":46},"3":{"loc":{"start":{"line":80,"column":9},"end":{"line":85,"column":9}},"type":"binary-expr","locations":[{"start":{"line":80,"column":9},"end":{"line":80,"column":14}},{"start":{"line":81,"column":10},"end":{"line":84,"column":16}}],"line":80}},"s":{"0":14,"1":13,"2":8,"3":4,"4":4,"5":1,"6":21,"7":8,"8":2,"9":6,"10":13,"11":3,"12":6,"13":6,"14":1,"15":6,"16":0,"17":0,"18":6,"19":3,"20":14},"f":{"0":14,"1":8,"2":4,"3":21,"4":6,"5":1,"6":0,"7":14},"b":{"0":[1,3],"1":[8,13],"2":[2,6],"3":[6,6]},"_coverageSchema":"1a1c01bbd47fc00a2c39e90264f33305004495a9","hash":"40aa21e5314be75b336854320e28aeef67d058b2"}
,"C:\\Users\\amana\\Desktop\\s\\frontend\\src\\components\\ErrorDisplay.tsx": {"path":"C:\\Users\\amana\\Desktop\\s\\frontend\\src\\components\\ErrorDisplay.tsx","statementMap":{"0":{"start":{"line":15,"column":50},"end":{"line":86,"column":1}},"1":{"start":{"line":24,"column":2},"end":{"line":85,"column":4}},"2":{"start":{"line":48,"column":14},"end":{"line":50,"column":18}}},"fnMap":{"0":{"name":"(anonymous_0)","decl":{"start":{"line":15,"column":50},"end":{"line":15,"column":51}},"loc":{"start":{"line":23,"column":6},"end":{"line":86,"column":1}},"line":23},"1":{"name":"(anonymous_1)","decl":{"start":{"line":47,"column":47},"end":{"line":47,"column":48}},"loc":{"start":{"line":48,"column":14},"end":{"line":50,"column":18}},"line":48}},"branchMap":{"0":{"loc":{"start":{"line":17,"column":2},"end":{"line":17,"column":29}},"type":"default-arg","locations":[{"start":{"line":17,"column":10},"end":{"line":17,"column":29}}],"line":17},"1":{"loc":{"start":{"line":21,"column":2},"end":{"line":21,"column":22}},"type":"default-arg","locations":[{"start":{"line":21,"column":13},"end":{"line":21,"column":22}}],"line":21},"2":{"loc":{"start":{"line":22,"column":2},"end":{"line":22,"column":25}},"type":"default-arg","locations":[{"start":{"line":22,"column":14},"end":{"line":22,"column":25}}],"line":22},"3":{"loc":{"start":{"line":44,"column":9},"end":{"line":44,"column":73}},"type":"binary-expr","locations":[{"start":{"line":44,"column":9},"end":{"line":44,"column":19}},{"start":{"line":44,"column":23},"end":{"line":44,"column":73}}],"line":44},"4":{"loc":{"start":{"line":45,"column":9},"end":{"line":53,"column":9}},"type":"binary-expr","locations":[{"start":{"line":45,"column":9},"end":{"line":45,"column":22}},{"start":{"line":46,"column":10},"end":{"line":52,"column":16}}],"line":45},"5":{"loc":{"start":{"line":55,"column":11},"end":{"line":63,"column":11}},"type":"binary-expr","locations":[{"start":{"line":55,"column":11},"end":{"line":55,"column":20}},{"start":{"line":56,"column":12},"end":{"line":62,"column":21}}],"line":55},"6":{"loc":{"start":{"line":64,"column":11},"end":{"line":72,"column":11}},"type":"binary-expr","locations":[{"start":{"line":64,"column":11},"end":{"line":64,"column":17}},{"start":{"line":65,"column":12},"end":{"line":71,"column":21}}],"line":64},"7":{"loc":{"start":{"line":73,"column":11},"end":{"line":81,"column":11}},"type":"binary-expr","locations":[{"start":{"line":73,"column":11},"end":{"line":73,"column":18}},{"start":{"line":74,"column":12},"end":{"line":80,"column":21}}],"line":73}},"s":{"0":2,"1":7,"2":2},"f":{"0":7,"1":2},"b":{"0":[6],"1":[7],"2":[7],"3":[7,7],"4":[7,1],"5":[7,1],"6":[7,0],"7":[7,0]},"_coverageSchema":"1a1c01bbd47fc00a2c39e90264f33305004495a9","hash":"74eaae012d00ffcd20c14dd0148b616778a46f08"}
,"C:\\Users\\amana\\Desktop\\s\\frontend\\src\\components\\FormErrorMessage.tsx": {"path":"C:\\Users\\amana\\Desktop\\s\\frontend\\src\\components\\FormErrorMessage.tsx","statementMap":{"0":{"start":{"line":9,"column":58},"end":{"line":32,"column":1}},"1":{"start":{"line":10,"column":2},"end":{"line":10,"column":28}},"2":{"start":{"line":10,"column":16},"end":{"line":10,"column":28}},"3":{"start":{"line":12,"column":2},"end":{"line":31,"column":4}}},"fnMap":{"0":{"name":"(anonymous_0)","decl":{"start":{"line":9,"column":58},"end":{"line":9,"column":59}},"loc":{"start":{"line":9,"column":79},"end":{"line":32,"column":1}},"line":9}},"branchMap":{"0":{"loc":{"start":{"line":10,"column":2},"end":{"line":10,"column":28}},"type":"if","locations":[{"start":{"line":10,"column":2},"end":{"line":10,"column":28}},{"start":{},"end":{}}],"line":10}},"s":{"0":2,"1":12,"2":7,"3":5},"f":{"0":12},"b":{"0":[7,5]},"_coverageSchema":"1a1c01bbd47fc00a2c39e90264f33305004495a9","hash":"2ffdadb8993ccf64bfb7df413a76ce479b0f0a3c"}
,"C:\\Users\\amana\\Desktop\\s\\frontend\\src\\components\\FormField.tsx": {"path":"C:\\Users\\amana\\Desktop\\s\\frontend\\src\\components\\FormField.tsx","statementMap":{"0":{"start":{"line":14,"column":44},"end":{"line":56,"column":1}},"1":{"start":{"line":22,"column":18},"end":{"line":22,"column":31}},"2":{"start":{"line":23,"column":17},"end":{"line":23,"column":29}},"3":{"start":{"line":26,"column":25},"end":{"line":36,"column":4}},"4":{"start":{"line":27,"column":4},"end":{"line":34,"column":5}},"5":{"start":{"line":28,"column":6},"end":{"line":33,"column":9}},"6":{"start":{"line":35,"column":4},"end":{"line":35,"column":17}},"7":{"start":{"line":38,"column":2},"end":{"line":55,"column":4}}},"fnMap":{"0":{"name":"(anonymous_0)","decl":{"start":{"line":14,"column":44},"end":{"line":14,"column":45}},"loc":{"start":{"line":21,"column":6},"end":{"line":56,"column":1}},"line":21},"1":{"name":"(anonymous_1)","decl":{"start":{"line":26,"column":54},"end":{"line":26,"column":55}},"loc":{"start":{"line":26,"column":65},"end":{"line":36,"column":3}},"line":26}},"branchMap":{"0":{"loc":{"start":{"line":18,"column":2},"end":{"line":18,"column":18}},"type":"default-arg","locations":[{"start":{"line":18,"column":13},"end":{"line":18,"column":18}}],"line":18},"1":{"loc":{"start":{"line":27,"column":4},"end":{"line":34,"column":5}},"type":"if","locations":[{"start":{"line":27,"column":4},"end":{"line":34,"column":5}},{"start":{},"end":{}}],"line":27},"2":{"loc":{"start":{"line":30,"column":24},"end":{"line":30,"column":48}},"type":"cond-expr","locations":[{"start":{"line":30,"column":32},"end":{"line":30,"column":38}},{"start":{"line":30,"column":41},"end":{"line":30,"column":48}}],"line":30},"3":{"loc":{"start":{"line":31,"column":28},"end":{"line":31,"column":71}},"type":"cond-expr","locations":[{"start":{"line":31,"column":36},"end":{"line":31,"column":43}},{"start":{"line":31,"column":46},"end":{"line":31,"column":71}}],"line":31},"4":{"loc":{"start":{"line":31,"column":46},"end":{"line":31,"column":71}},"type":"cond-expr","locations":[{"start":{"line":31,"column":53},"end":{"line":31,"column":59}},{"start":{"line":31,"column":62},"end":{"line":31,"column":71}}],"line":31},"5":{"loc":{"start":{"line":39,"column":34},"end":{"line":39,"column":58}},"type":"cond-expr","locations":[{"start":{"line":39,"column":42},"end":{"line":39,"column":53}},{"start":{"line":39,"column":56},"end":{"line":39,"column":58}}],"line":39},"6":{"loc":{"start":{"line":42,"column":9},"end":{"line":42,"column":66}},"type":"binary-expr","locations":[{"start":{"line":42,"column":9},"end":{"line":42,"column":17}},{"start":{"line":42,"column":21},"end":{"line":42,"column":66}}],"line":42},"7":{"loc":{"start":{"line":45,"column":7},"end":{"line":49,"column":7}},"type":"binary-expr","locations":[{"start":{"line":45,"column":7},"end":{"line":45,"column":11}},{"start":{"line":46,"column":8},"end":{"line":48,"column":14}}],"line":45},"8":{"loc":{"start":{"line":53,"column":33},"end":{"line":53,"column":44}},"type":"binary-expr","locations":[{"start":{"line":53,"column":33},"end":{"line":53,"column":38}},{"start":{"line":53,"column":42},"end":{"line":53,"column":44}}],"line":53}},"s":{"0":1,"1":9,"2":9,"3":9,"4":9,"5":9,"6":0,"7":9},"f":{"0":9,"1":9},"b":{"0":[8],"1":[9,0],"2":[3,6],"3":[3,6],"4":[1,5],"5":[3,6],"6":[9,1],"7":[9,1],"8":[9,6]},"_coverageSchema":"1a1c01bbd47fc00a2c39e90264f33305004495a9","hash":"f574f84ba087ba4a59c648cd9a0e833272b97cf5"}
,"C:\\Users\\amana\\Desktop\\s\\frontend\\src\\components\\Layout.tsx": {"path":"C:\\Users\\amana\\Desktop\\s\\frontend\\src\\components\\Layout.tsx","statementMap":{"0":{"start":{"line":9,"column":38},"end":{"line":141,"column":1}},"1":{"start":{"line":10,"column":19},"end":{"line":10,"column":32}},"2":{"start":{"line":11,"column":34},"end":{"line":11,"column":49}},"3":{"start":{"line":12,"column":34},"end":{"line":12,"column":49}},"4":{"start":{"line":15,"column":2},"end":{"line":24,"column":9}},"5":{"start":{"line":16,"column":25},"end":{"line":18,"column":5}},"6":{"start":{"line":17,"column":6},"end":{"line":17,"column":39}},"7":{"start":{"line":20,"column":4},"end":{"line":20,"column":52}},"8":{"start":{"line":21,"column":4},"end":{"line":23,"column":6}},"9":{"start":{"line":22,"column":6},"end":{"line":22,"column":57}},"10":{"start":{"line":27,"column":2},"end":{"line":29,"column":26}},"11":{"start":{"line":28,"column":4},"end":{"line":28,"column":23}},"12":{"start":{"line":31,"column":21},"end":{"line":33,"column":3}},"13":{"start":{"line":32,"column":4},"end":{"line":32,"column":27}},"14":{"start":{"line":36,"column":29},"end":{"line":40,"column":3}},"15":{"start":{"line":37,"column":4},"end":{"line":39,"column":5}},"16":{"start":{"line":38,"column":6},"end":{"line":38,"column":25}},"17":{"start":{"line":43,"column":2},"end":{"line":54,"column":17}},"18":{"start":{"line":44,"column":25},"end":{"line":48,"column":5}},"19":{"start":{"line":45,"column":6},"end":{"line":47,"column":7}},"20":{"start":{"line":46,"column":8},"end":{"line":46,"column":27}},"21":{"start":{"line":50,"column":4},"end":{"line":50,"column":55}},"22":{"start":{"line":51,"column":4},"end":{"line":53,"column":6}},"23":{"start":{"line":52,"column":6},"end":{"line":52,"column":60}},"24":{"start":{"line":56,"column":2},"end":{"line":140,"column":4}}},"fnMap":{"0":{"name":"(anonymous_0)","decl":{"start":{"line":9,"column":38},"end":{"line":9,"column":39}},"loc":{"start":{"line":9,"column":56},"end":{"line":141,"column":1}},"line":9},"1":{"name":"(anonymous_1)","decl":{"start":{"line":15,"column":12},"end":{"line":15,"column":13}},"loc":{"start":{"line":15,"column":18},"end":{"line":24,"column":3}},"line":15},"2":{"name":"(anonymous_2)","decl":{"start":{"line":16,"column":25},"end":{"line":16,"column":26}},"loc":{"start":{"line":16,"column":31},"end":{"line":18,"column":5}},"line":16},"3":{"name":"(anonymous_3)","decl":{"start":{"line":21,"column":11},"end":{"line":21,"column":12}},"loc":{"start":{"line":21,"column":17},"end":{"line":23,"column":5}},"line":21},"4":{"name":"(anonymous_4)","decl":{"start":{"line":27,"column":12},"end":{"line":27,"column":13}},"loc":{"start":{"line":27,"column":18},"end":{"line":29,"column":3}},"line":27},"5":{"name":"(anonymous_5)","decl":{"start":{"line":31,"column":21},"end":{"line":31,"column":22}},"loc":{"start":{"line":31,"column":27},"end":{"line":33,"column":3}},"line":31},"6":{"name":"(anonymous_6)","decl":{"start":{"line":36,"column":29},"end":{"line":36,"column":30}},"loc":{"start":{"line":36,"column":35},"end":{"line":40,"column":3}},"line":36},"7":{"name":"(anonymous_7)","decl":{"start":{"line":43,"column":12},"end":{"line":43,"column":13}},"loc":{"start":{"line":43,"column":18},"end":{"line":54,"column":3}},"line":43},"8":{"name":"(anonymous_8)","decl":{"start":{"line":44,"column":25},"end":{"line":44,"column":26}},"loc":{"start":{"line":44,"column":51},"end":{"line":48,"column":5}},"line":44},"9":{"name":"(anonymous_9)","decl":{"start":{"line":51,"column":11},"end":{"line":51,"column":12}},"loc":{"start":{"line":51,"column":17},"end":{"line":53,"column":5}},"line":51}},"branchMap":{"0":{"loc":{"start":{"line":37,"column":4},"end":{"line":39,"column":5}},"type":"if","locations":[{"start":{"line":37,"column":4},"end":{"line":39,"column":5}},{"start":{},"end":{}}],"line":37},"1":{"loc":{"start":{"line":45,"column":6},"end":{"line":47,"column":7}},"type":"if","locations":[{"start":{"line":45,"column":6},"end":{"line":47,"column":7}},{"start":{},"end":{}}],"line":45},"2":{"loc":{"start":{"line":45,"column":10},"end":{"line":45,"column":44}},"type":"binary-expr","locations":[{"start":{"line":45,"column":10},"end":{"line":45,"column":18}},{"start":{"line":45,"column":22},"end":{"line":45,"column":44}}],"line":45},"3":{"loc":{"start":{"line":58,"column":35},"end":{"line":58,"column":61}},"type":"cond-expr","locations":[{"start":{"line":58,"column":46},"end":{"line":58,"column":56}},{"start":{"line":58,"column":59},"end":{"line":58,"column":61}}],"line":58},"4":{"loc":{"start":{"line":73,"column":24},"end":{"line":73,"column":61}},"type":"cond-expr","locations":[{"start":{"line":73,"column":35},"end":{"line":73,"column":47}},{"start":{"line":73,"column":50},"end":{"line":73,"column":61}}],"line":73},"5":{"loc":{"start":{"line":75,"column":13},"end":{"line":75,"column":33}},"type":"cond-expr","locations":[{"start":{"line":75,"column":24},"end":{"line":75,"column":27}},{"start":{"line":75,"column":30},"end":{"line":75,"column":33}}],"line":75},"6":{"loc":{"start":{"line":78,"column":30},"end":{"line":78,"column":52}},"type":"cond-expr","locations":[{"start":{"line":78,"column":41},"end":{"line":78,"column":47}},{"start":{"line":78,"column":50},"end":{"line":78,"column":52}}],"line":78},"7":{"loc":{"start":{"line":86,"column":16},"end":{"line":88,"column":22}},"type":"cond-expr","locations":[{"start":{"line":87,"column":20},"end":{"line":87,"column":28}},{"start":{"line":88,"column":20},"end":{"line":88,"column":22}}],"line":86},"8":{"loc":{"start":{"line":86,"column":16},"end":{"line":86,"column":76}},"type":"binary-expr","locations":[{"start":{"line":86,"column":16},"end":{"line":86,"column":47}},{"start":{"line":86,"column":51},"end":{"line":86,"column":76}}],"line":86},"9":{"loc":{"start":{"line":92,"column":16},"end":{"line":94,"column":29}},"type":"cond-expr","locations":[{"start":{"line":93,"column":20},"end":{"line":93,"column":26}},{"start":{"line":94,"column":20},"end":{"line":94,"column":29}}],"line":92},"10":{"loc":{"start":{"line":92,"column":16},"end":{"line":92,"column":76}},"type":"binary-expr","locations":[{"start":{"line":92,"column":16},"end":{"line":92,"column":47}},{"start":{"line":92,"column":51},"end":{"line":92,"column":76}}],"line":92},"11":{"loc":{"start":{"line":105,"column":16},"end":{"line":105,"column":70}},"type":"cond-expr","locations":[{"start":{"line":105,"column":57},"end":{"line":105,"column":65}},{"start":{"line":105,"column":68},"end":{"line":105,"column":70}}],"line":105},"12":{"loc":{"start":{"line":109,"column":16},"end":{"line":109,"column":75}},"type":"cond-expr","locations":[{"start":{"line":109,"column":57},"end":{"line":109,"column":63}},{"start":{"line":109,"column":66},"end":{"line":109,"column":75}}],"line":109}},"s":{"0":2,"1":7,"2":7,"3":7,"4":7,"5":7,"6":0,"7":7,"8":7,"9":7,"10":7,"11":7,"12":7,"13":0,"14":7,"15":0,"16":0,"17":7,"18":7,"19":0,"20":0,"21":7,"22":7,"23":7,"24":7},"f":{"0":7,"1":7,"2":0,"3":7,"4":7,"5":0,"6":0,"7":7,"8":0,"9":7},"b":{"0":[0,0],"1":[0,0],"2":[0,0],"3":[0,7],"4":[0,7],"5":[0,7],"6":[0,7],"7":[7,0],"8":[7,7],"9":[7,0],"10":[7,7],"11":[0,7],"12":[0,7]},"_coverageSchema":"1a1c01bbd47fc00a2c39e90264f33305004495a9","hash":"4ab7e462c1317342ecb4a59f851145c25b1f58b7"}
,"C:\\Users\\amana\\Desktop\\s\\frontend\\src\\components\\LoadingIndicator.tsx": {"path":"C:\\Users\\amana\\Desktop\\s\\frontend\\src\\components\\LoadingIndicator.tsx","statementMap":{"0":{"start":{"line":14,"column":58},"end":{"line":43,"column":1}},"1":{"start":{"line":23,"column":20},"end":{"line":23,"column":72}},"2":{"start":{"line":24,"column":20},"end":{"line":24,"column":74}},"3":{"start":{"line":25,"column":25},"end":{"line":27,"column":24}},"4":{"start":{"line":29,"column":2},"end":{"line":42,"column":4}}},"fnMap":{"0":{"name":"(anonymous_0)","decl":{"start":{"line":14,"column":58},"end":{"line":14,"column":59}},"loc":{"start":{"line":22,"column":6},"end":{"line":43,"column":1}},"line":22}},"branchMap":{"0":{"loc":{"start":{"line":15,"column":2},"end":{"line":15,"column":17}},"type":"default-arg","locations":[{"start":{"line":15,"column":9},"end":{"line":15,"column":17}}],"line":15},"1":{"loc":{"start":{"line":16,"column":2},"end":{"line":16,"column":21}},"type":"default-arg","locations":[{"start":{"line":16,"column":9},"end":{"line":16,"column":21}}],"line":16},"2":{"loc":{"start":{"line":17,"column":2},"end":{"line":17,"column":17}},"type":"default-arg","locations":[{"start":{"line":17,"column":13},"end":{"line":17,"column":17}}],"line":17},"3":{"loc":{"start":{"line":18,"column":2},"end":{"line":18,"column":20}},"type":"default-arg","locations":[{"start":{"line":18,"column":15},"end":{"line":18,"column":20}}],"line":18},"4":{"loc":{"start":{"line":19,"column":2},"end":{"line":19,"column":18}},"type":"default-arg","locations":[{"start":{"line":19,"column":13},"end":{"line":19,"column":18}}],"line":19},"5":{"loc":{"start":{"line":20,"column":2},"end":{"line":20,"column":17}},"type":"default-arg","locations":[{"start":{"line":20,"column":12},"end":{"line":20,"column":17}}],"line":20},"6":{"loc":{"start":{"line":21,"column":2},"end":{"line":21,"column":16}},"type":"default-arg","locations":[{"start":{"line":21,"column":14},"end":{"line":21,"column":16}}],"line":21},"7":{"loc":{"start":{"line":23,"column":20},"end":{"line":23,"column":72}},"type":"cond-expr","locations":[{"start":{"line":23,"column":33},"end":{"line":23,"column":50}},{"start":{"line":23,"column":53},"end":{"line":23,"column":72}}],"line":23},"8":{"loc":{"start":{"line":24,"column":20},"end":{"line":24,"column":74}},"type":"cond-expr","locations":[{"start":{"line":24,"column":40},"end":{"line":24,"column":62}},{"start":{"line":24,"column":65},"end":{"line":24,"column":74}}],"line":24},"9":{"loc":{"start":{"line":25,"column":41},"end":{"line":25,"column":68}},"type":"cond-expr","locations":[{"start":{"line":25,"column":52},"end":{"line":25,"column":63}},{"start":{"line":25,"column":66},"end":{"line":25,"column":68}}],"line":25},"10":{"loc":{"start":{"line":26,"column":4},"end":{"line":26,"column":28}},"type":"cond-expr","locations":[{"start":{"line":26,"column":14},"end":{"line":26,"column":23}},{"start":{"line":26,"column":26},"end":{"line":26,"column":28}}],"line":26},"11":{"loc":{"start":{"line":39,"column":7},"end":{"line":39,"column":65}},"type":"binary-expr","locations":[{"start":{"line":39,"column":7},"end":{"line":39,"column":15}},{"start":{"line":39,"column":19},"end":{"line":39,"column":23}},{"start":{"line":39,"column":27},"end":{"line":39,"column":65}}],"line":39},"12":{"loc":{"start":{"line":40,"column":7},"end":{"line":40,"column":58}},"type":"binary-expr","locations":[{"start":{"line":40,"column":7},"end":{"line":40,"column":15}},{"start":{"line":40,"column":19},"end":{"line":40,"column":58}}],"line":40}},"s":{"0":3,"1":9,"2":9,"3":9,"4":9},"f":{"0":9},"b":{"0":[8],"1":[6],"2":[8],"3":[8],"4":[9],"5":[9],"6":[8],"7":[1,8],"8":[1,8],"9":[0,9],"10":[0,9],"11":[9,8,8],"12":[9,8]},"_coverageSchema":"1a1c01bbd47fc00a2c39e90264f33305004495a9","hash":"8e1099e9abfc6948719524c72b93f5bb37cf6509"}
,"C:\\Users\\amana\\Desktop\\s\\frontend\\src\\components\\SearchFilter.tsx": {"path":"C:\\Users\\amana\\Desktop\\s\\frontend\\src\\components\\SearchFilter.tsx","statementMap":{"0":{"start":{"line":13,"column":50},"end":{"line":223,"column":1}},"1":{"start":{"line":19,"column":38},"end":{"line":19,"column":76}},"2":{"start":{"line":22,"column":30},"end":{"line":22,"column":58}},"3":{"start":{"line":25,"column":2},"end":{"line":34,"column":54}},"4":{"start":{"line":26,"column":4},"end":{"line":33,"column":5}},"5":{"start":{"line":27,"column":25},"end":{"line":31,"column":7}},"6":{"start":{"line":32,"column":6},"end":{"line":32,"column":34}},"7":{"start":{"line":36,"column":29},"end":{"line":38,"column":8}},"8":{"start":{"line":37,"column":4},"end":{"line":37,"column":25}},"9":{"start":{"line":40,"column":31},"end":{"line":50,"column":3}},"10":{"start":{"line":42,"column":25},"end":{"line":46,"column":7}},"11":{"start":{"line":47,"column":6},"end":{"line":47,"column":34}},"12":{"start":{"line":52,"column":29},"end":{"line":62,"column":3}},"13":{"start":{"line":54,"column":25},"end":{"line":58,"column":7}},"14":{"start":{"line":59,"column":6},"end":{"line":59,"column":34}},"15":{"start":{"line":64,"column":29},"end":{"line":71,"column":41}},"16":{"start":{"line":65,"column":4},"end":{"line":65,"column":22}},"17":{"start":{"line":66,"column":27},"end":{"line":69,"column":5}},"18":{"start":{"line":70,"column":4},"end":{"line":70,"column":36}},"19":{"start":{"line":73,"column":27},"end":{"line":77,"column":3}},"20":{"start":{"line":79,"column":2},"end":{"line":222,"column":4}},"21":{"start":{"line":107,"column":31},"end":{"line":107,"column":65}},"22":{"start":{"line":127,"column":31},"end":{"line":127,"column":67}},"23":{"start":{"line":134,"column":16},"end":{"line":136,"column":25}},"24":{"start":{"line":151,"column":31},"end":{"line":151,"column":65}},"25":{"start":{"line":179,"column":20},"end":{"line":179,"column":38}},"26":{"start":{"line":180,"column":39},"end":{"line":184,"column":21}},"27":{"start":{"line":185,"column":20},"end":{"line":185,"column":48}},"28":{"start":{"line":198,"column":33},"end":{"line":198,"column":57}},"29":{"start":{"line":210,"column":33},"end":{"line":210,"column":55}}},"fnMap":{"0":{"name":"(anonymous_0)","decl":{"start":{"line":13,"column":50},"end":{"line":13,"column":51}},"loc":{"start":{"line":18,"column":6},"end":{"line":223,"column":1}},"line":18},"1":{"name":"(anonymous_1)","decl":{"start":{"line":25,"column":12},"end":{"line":25,"column":13}},"loc":{"start":{"line":25,"column":18},"end":{"line":34,"column":3}},"line":25},"2":{"name":"(anonymous_2)","decl":{"start":{"line":36,"column":41},"end":{"line":36,"column":42}},"loc":{"start":{"line":36,"column":60},"end":{"line":38,"column":3}},"line":36},"3":{"name":"(anonymous_3)","decl":{"start":{"line":41,"column":4},"end":{"line":41,"column":5}},"loc":{"start":{"line":41,"column":26},"end":{"line":48,"column":5}},"line":41},"4":{"name":"(anonymous_4)","decl":{"start":{"line":53,"column":4},"end":{"line":53,"column":5}},"loc":{"start":{"line":53,"column":24},"end":{"line":60,"column":5}},"line":53},"5":{"name":"(anonymous_5)","decl":{"start":{"line":64,"column":41},"end":{"line":64,"column":42}},"loc":{"start":{"line":64,"column":47},"end":{"line":71,"column":3}},"line":64},"6":{"name":"(anonymous_6)","decl":{"start":{"line":107,"column":24},"end":{"line":107,"column":25}},"loc":{"start":{"line":107,"column":31},"end":{"line":107,"column":65}},"line":107},"7":{"name":"(anonymous_7)","decl":{"start":{"line":127,"column":24},"end":{"line":127,"column":25}},"loc":{"start":{"line":127,"column":31},"end":{"line":127,"column":67}},"line":127},"8":{"name":"(anonymous_8)","decl":{"start":{"line":133,"column":30},"end":{"line":133,"column":31}},"loc":{"start":{"line":134,"column":16},"end":{"line":136,"column":25}},"line":134},"9":{"name":"(anonymous_9)","decl":{"start":{"line":151,"column":24},"end":{"line":151,"column":25}},"loc":{"start":{"line":151,"column":31},"end":{"line":151,"column":65}},"line":151},"10":{"name":"(anonymous_10)","decl":{"start":{"line":178,"column":27},"end":{"line":178,"column":28}},"loc":{"start":{"line":178,"column":33},"end":{"line":186,"column":19}},"line":178},"11":{"name":"(anonymous_11)","decl":{"start":{"line":198,"column":27},"end":{"line":198,"column":28}},"loc":{"start":{"line":198,"column":33},"end":{"line":198,"column":57}},"line":198},"12":{"name":"(anonymous_12)","decl":{"start":{"line":210,"column":27},"end":{"line":210,"column":28}},"loc":{"start":{"line":210,"column":33},"end":{"line":210,"column":55}},"line":210}},"branchMap":{"0":{"loc":{"start":{"line":17,"column":2},"end":{"line":17,"column":17}},"type":"default-arg","locations":[{"start":{"line":17,"column":12},"end":{"line":17,"column":17}}],"line":17},"1":{"loc":{"start":{"line":19,"column":55},"end":{"line":19,"column":75}},"type":"binary-expr","locations":[{"start":{"line":19,"column":55},"end":{"line":19,"column":69}},{"start":{"line":19,"column":73},"end":{"line":19,"column":75}}],"line":19},"2":{"loc":{"start":{"line":26,"column":4},"end":{"line":33,"column":5}},"type":"if","locations":[{"start":{"line":26,"column":4},"end":{"line":33,"column":5}},{"start":{},"end":{}}],"line":26},"3":{"loc":{"start":{"line":26,"column":33},"end":{"line":26,"column":53}},"type":"binary-expr","locations":[{"start":{"line":26,"column":33},"end":{"line":26,"column":47}},{"start":{"line":26,"column":51},"end":{"line":26,"column":53}}],"line":26},"4":{"loc":{"start":{"line":29,"column":16},"end":{"line":29,"column":48}},"type":"binary-expr","locations":[{"start":{"line":29,"column":16},"end":{"line":29,"column":35}},{"start
[...]
,"C:\\Users\\amana\\Desktop\\s\\frontend\\src\\test-utils\\mocks\\toastContextMock.ts": {"path":"C:\\Users\\amana\\Desktop\\s\\frontend\\src\\test-utils\\mocks\\toastContextMock.ts","statementMap":{"0":{"start":{"line":4,"column":32},"end":{"line":12,"column":1}},"1":{"start":{"line":15,"column":31},"end":{"line":23,"column":1}},"2":{"start":{"line":16,"column":2},"end":{"line":16,"column":40}},"3":{"start":{"line":17,"column":2},"end":{"line":17,"column":43}},"4":{"start":{"line":18,"column":2},"end":{"line":18,"column":43}},"5":{"start":{"line":19,"column":2},"end":{"line":19,"column":41}},"6":{"start":{"line":20,"column":2},"end":{"line":20,"column":40}},"7":{"start":{"line":21,"column":2},"end":{"line":21,"column":43}},"8":{"start":{"line":22,"column":2},"end":{"line":22,"column":46}},"9":{"start":{"line":26,"column":31},"end":{"line":32,"column":1}},"10":{"start":{"line":27,"column":2},"end":{"line":27,"column":70}},"11":{"start":{"line":27,"column":53},"end":{"line":27,"column":68}},"12":{"start":{"line":28,"column":2},"end":{"line":28,"column":73}},"13":{"start":{"line":28,"column":56},"end":{"line":28,"column":71}},"14":{"start":{"line":29,"column":2},"end":{"line":29,"column":71}},"15":{"start":{"line":29,"column":54},"end":{"line":29,"column":69}},"16":{"start":{"line":30,"column":2},"end":{"line":30,"column":70}},"17":{"start":{"line":30,"column":53},"end":{"line":30,"column":68}},"18":{"start":{"line":31,"column":2},"end":{"line":31,"column":73}},"19":{"start":{"line":31,"column":56},"end":{"line":31,"column":71}}},"fnMap":{"0":{"name":"(anonymous_0)","decl":{"start":{"line":15,"column":31},"end":{"line":15,"column":32}},"loc":{"start":{"line":15,"column":37},"end":{"line":23,"column":1}},"line":15},"1":{"name":"(anonymous_1)","decl":{"start":{"line":26,"column":31},"end":{"line":26,"column":32}},"loc":{"start":{"line":26,"column":37},"end":{"line":32,"column":1}},"line":26},"2":{"name":"(anonymous_2)","decl":{"start":{"line":27,"column":47},"end":{"line":27,"column":48}},"loc":{"start":{"line":27,"column":53},"end":{"line":27,"column":68}},"line":27},"3":{"name":"(anonymous_3)","decl":{"start":{"line":28,"column":50},"end":{"line":28,"column":51}},"loc":{"start":{"line":28,"column":56},"end":{"line":28,"column":71}},"line":28},"4":{"name":"(anonymous_4)","decl":{"start":{"line":29,"column":48},"end":{"line":29,"column":49}},"loc":{"start":{"line":29,"column":54},"end":{"line":29,"column":69}},"line":29},"5":{"name":"(anonymous_5)","decl":{"start":{"line":30,"column":47},"end":{"line":30,"column":48}},"loc":{"start":{"line":30,"column":53},"end":{"line":30,"column":68}},"line":30},"6":{"name":"(anonymous_6)","decl":{"start":{"line":31,"column":50},"end":{"line":31,"column":51}},"loc":{"start":{"line":31,"column":56},"end":{"line":31,"column":71}},"line":31}},"branchMap":{},"s":{"0":0,"1":0,"2":0,"3":0,"4":0,"5":0,"6":0,"7":0,"8":0,"9":0,"10":0,"11":0,"12":0,"13":0,"14":0,"15":0,"16":0,"17":0,"18":0,"19":0},"f":{"0":0,"1":0,"2":0,"3":0,"4":0,"5":0,"6":0},"b":{}}
,"C:\\Users\\amana\\Desktop\\s\\frontend\\src\\types\\api.ts": {"path":"C:\\Users\\amana\\Desktop\\s\\frontend\\src\\types\\api.ts","statementMap":{"0":{"start":{"line":20,"column":4},"end":{"line":20,"column":19}},"1":{"start":{"line":21,"column":4},"end":{"line":21,"column":31}},"2":{"start":{"line":22,"column":4},"end":{"line":22,"column":25}},"3":{"start":{"line":23,"column":4},"end":{"line":23,"column":21}},"4":{"start":{"line":24,"column":4},"end":{"line":24,"column":27}}},"fnMap":{"0":{"name":"(anonymous_0)","decl":{"start":{"line":19,"column":2},"end":{"line":19,"column":3}},"loc":{"start":{"line":19,"column":76},"end":{"line":25,"column":3}},"line":19}},"branchMap":{},"s":{"0":16,"1":16,"2":16,"3":16,"4":16},"f":{"0":16},"b":{},"_coverageSchema":"1a1c01bbd47fc00a2c39e90264f33305004495a9","hash":"7a43df83215b5662cf3c72edcaba3f222b48bb79"}
,"C:\\Users\\amana\\Desktop\\s\\frontend\\src\\types\\asset.ts": {"path":"C:\\Users\\amana\\Desktop\\s\\frontend\\src\\types\\asset.ts","statementMap":{},"fnMap":{},"branchMap":{},"s":{},"f":{},"b":{},"_coverageSchema":"1a1c01bbd47fc00a2c39e90264f33305004495a9","hash":"b9bc399c7531f5bc65d5fd289b071179362a2b75"}
,"C:\\Users\\amana\\Desktop\\s\\frontend\\src\\types\\index.ts": {"path":"C:\\Users\\amana\\Desktop\\s\\frontend\\src\\types\\index.ts","statementMap":{},"fnMap":{},"branchMap":{},"s":{},"f":{},"b":{},"_coverageSchema":"1a1c01bbd47fc00a2c39e90264f33305004495a9","hash":"4bb64d0cccf425c88b9baa250f3ec76855dd6dab"}
,"C:\\Users\\amana\\Desktop\\s\\frontend\\src\\utils\\apiClient.ts": {"path":"C:\\Users\\amana\\Desktop\\s\\frontend\\src\\utils\\apiClient.ts","statementMap":{"0":{"start":{"line":10,"column":21},"end":{"line":10,"column":77}},"1":{"start":{"line":13,"column":37},"end":{"line":19,"column":2}},"2":{"start":{"line":22,"column":0},"end":{"line":34,"column":2}},"3":{"start":{"line":29,"column":4},"end":{"line":29,"column":18}},"4":{"start":{"line":32,"column":4},"end":{"line":32,"column":33}},"5":{"start":{"line":37,"column":0},"end":{"line":58,"column":2}},"6":{"start":{"line":39,"column":4},"end":{"line":39,"column":20}},"7":{"start":{"line":43,"column":27},"end":{"line":43,"column":45}},"8":{"start":{"line":46,"column":4},"end":{"line":48,"column":5}},"9":{"start":{"line":47,"column":6},"end":{"line":47,"column":50}},"10":{"start":{"line":51,"column":4},"end":{"line":54,"column":5}},"11":{"start":{"line":56,"column":4},"end":{"line":56,"column":42}},"12":{"start":{"line":61,"column":25},"end":{"line":116,"column":1}},"13":{"start":{"line":66,"column":39},"end":{"line":66,"column":75}},"14":{"start":{"line":67,"column":4},"end":{"line":67,"column":25}},"15":{"start":{"line":75,"column":39},"end":{"line":79,"column":5}},"16":{"start":{"line":80,"column":4},"end":{"line":80,"column":25}},"17":{"start":{"line":88,"column":39},"end":{"line":92,"column":5}},"18":{"start":{"line":93,"column":4},"end":{"line":93,"column":25}},"19":{"start":{"line":100,"column":39},"end":{"line":100,"column":78}},"20":{"start":{"line":101,"column":4},"end":{"line":101,"column":25}},"21":{"start":{"line":109,"column":39},"end":{"line":113,"column":5}},"22":{"start":{"line":114,"column":4},"end":{"line":114,"column":25}}},"fnMap":{"0":{"name":"(anonymous_0)","decl":{"start":{"line":23,"column":2},"end":{"line":23,"column":3}},"loc":{"start":{"line":23,"column":14},"end":{"line":30,"column":3}},"line":23},"1":{"name":"(anonymous_1)","decl":{"start":{"line":31,"column":2},"end":{"line":31,"column":3}},"loc":{"start":{"line":31,"column":13},"end":{"line":33,"column":3}},"line":31},"2":{"name":"(anonymous_2)","decl":{"start":{"line":38,"column":2},"end":{"line":38,"column":3}},"loc":{"start":{"line":38,"column":16},"end":{"line":40,"column":3}},"line":38},"3":{"name":"(anonymous_3)","decl":{"start":{"line":41,"column":2},"end":{"line":41,"column":3}},"loc":{"start":{"line":41,"column":25},"end":{"line":57,"column":3}},"line":41},"4":{"name":"(anonymous_4)","decl":{"start":{"line":62,"column":7},"end":{"line":62,"column":8}},"loc":{"start":{"line":65,"column":19},"end":{"line":68,"column":3}},"line":65},"5":{"name":"(anonymous_5)","decl":{"start":{"line":70,"column":8},"end":{"line":70,"column":9}},"loc":{"start":{"line":74,"column":19},"end":{"line":81,"column":3}},"line":74},"6":{"name":"(anonymous_6)","decl":{"start":{"line":83,"column":7},"end":{"line":83,"column":8}},"loc":{"start":{"line":87,"column":19},"end":{"line":94,"column":3}},"line":87},"7":{"name":"(anonymous_7)","decl":{"start":{"line":96,"column":10},"end":{"line":96,"column":11}},"loc":{"start":{"line":99,"column":19},"end":{"line":102,"column":3}},"line":99},"8":{"name":"(anonymous_8)","decl":{"start":{"line":104,"column":9},"end":{"line":104,"column":10}},"loc":{"start":{"line":108,"column":19},"end":{"line":115,"column":3}},"line":108}},"branchMap":{"0":{"loc":{"start":{"line":10,"column":21},"end":{"line":10,"column":77}},"type":"binary-expr","locations":[{"start":{"line":10,"column":21},"end":{"line":10,"column":50}},{"start":{"line":10,"column":54},"end":{"line":10,"column":77}}],"line":10},"1":{"loc":{"start":{"line":46,"column":4},"end":{"line":48,"column":5}},"type":"if","locations":[{"start":{"line":46,"column":4},"end":{"line":48,"column":5}},{"start":{},"end":{}}],"line":46},"2":{"loc":{"start":{"line":51,"column":4},"end":{"line":54,"column":5}},"type":"if","locations":[{"start":{"line":51,"column":4},"end":{"line":54,"column":5}},{"start":{},"end":{}}],"line":51}},"s":{"0":1,"1":1,"2":1,"3":0,"4":0,"5":1,"6":0,"7":0,"8":0,"9":0,"10":0,"11":0,"12":1,"13":0,"14":0,"15":0,"16":0,"17":0,"18":0,"19":0,"20":0,"21":0,"22":0},"f":{"0":0,"1":0,"2":0,"3":0,"4":0,"5":0,"6":0,"7":0,"8":0},"b":{"0":[1,1],"1":[0,0],"2":[0,0]},"_coverageSchema":"1a1c01bbd47fc00a2c39e90264f33305004495a9","hash":"04a25ad770a1c97cf8128c2277e6085080ca46d9"}
,"C:\\Users\\amana\\Desktop\\s\\frontend\\src\\utils\\errorHandler.ts": {"path":"C:\\Users\\amana\\Desktop\\s\\frontend\\src\\utils\\errorHandler.ts","statementMap":{"0":{"start":{"line":13,"column":27},"end":{"line":80,"column":1}},"1":{"start":{"line":15,"column":2},"end":{"line":57,"column":3}},"2":{"start":{"line":16,"column":19},"end":{"line":16,"column":41}},"3":{"start":{"line":17,"column":25},"end":{"line":17,"column":45}},"4":{"start":{"line":20,"column":4},"end":{"line":31,"column":5}},"5":{"start":{"line":25,"column":6},"end":{"line":30,"column":8}},"6":{"start":{"line":34,"column":4},"end":{"line":40,"column":5}},"7":{"start":{"line":35,"column":6},"end":{"line":39,"column":8}},"8":{"start":{"line":43,"column":4},"end":{"line":49,"column":5}},"9":{"start":{"line":44,"column":6},"end":{"line":48,"column":8}},"10":{"start":{"line":52,"column":4},"end":{"line":56,"column":6}},"11":{"start":{"line":60,"column":2},"end":{"line":65,"column":3}},"12":{"start":{"line":61,"column":4},"end":{"line":64,"column":6}},"13":{"start":{"line":68,"column":2},"end":{"line":73,"column":3}},"14":{"start":{"line":69,"column":4},"end":{"line":72,"column":6}},"15":{"start":{"line":76,"column":2},"end":{"line":79,"column":4}},"16":{"start":{"line":85,"column":43},"end":{"line":124,"column":1}},"17":{"start":{"line":87,"column":2},"end":{"line":108,"column":3}},"18":{"start":{"line":88,"column":4},"end":{"line":107,"column":5}},"19":{"start":{"line":90,"column":8},"end":{"line":90,"column":91}},"20":{"start":{"line":92,"column":8},"end":{"line":92,"column":66}},"21":{"start":{"line":94,"column":8},"end":{"line":94,"column":67}},"22":{"start":{"line":96,"column":8},"end":{"line":96,"column":55}},"23":{"start":{"line":98,"column":8},"end":{"line":98,"column":92}},"24":{"start":{"line":100,"column":8},"end":{"line":100,"column":87}},"25":{"start":{"line":102,"column":8},"end":{"line":102,"column":60}},"26":{"start":{"line":104,"column":8},"end":{"line":104,"column":76}},"27":{"start":{"line":106,"column":8},"end":{"line":106,"column":81}},"28":{"start":{"line":111,"column":2},"end":{"line":120,"column":3}},"29":{"start":{"line":112,"column":4},"end":{"line":119,"column":5}},"30":{"start":{"line":114,"column":8},"end":{"line":114,"column":89}},"31":{"start":{"line":116,"column":8},"end":{"line":116,"column":64}},"32":{"start":{"line":118,"column":8},"end":{"line":118,"column":66}},"33":{"start":{"line":123,"column":2},"end":{"line":123,"column":23}},"34":{"start":{"line":130,"column":2},"end":{"line":130,"column":46}}},"fnMap":{"0":{"name":"(anonymous_0)","decl":{"start":{"line":13,"column":27},"end":{"line":13,"column":28}},"loc":{"start":{"line":13,"column":57},"end":{"line":80,"column":1}},"line":13},"1":{"name":"(anonymous_1)","decl":{"start":{"line":85,"column":43},"end":{"line":85,"column":44}},"loc":{"start":{"line":85,"column":72},"end":{"line":124,"column":1}},"line":85},"2":{"name":"isAxiosError","decl":{"start":{"line":129,"column":9},"end":{"line":129,"column":21}},"loc":{"start":{"line":129,"column":55},"end":{"line":131,"column":1}},"line":129}},"branchMap":{"0":{"loc":{"start":{"line":15,"column":2},"end":{"line":57,"column":3}},"type":"if","locations":[{"start":{"line":15,"column":2},"end":{"line":57,"column":3}},{"start":{},"end":{}}],"line":15},"1":{"loc":{"start":{"line":20,"column":4},"end":{"line":31,"column":5}},"type":"if","locations":[{"start":{"line":20,"column":4},"end":{"line":31,"column":5}},{"start":{},"end":{}}],"line":20},"2":{"loc":{"start":{"line":21,"column":6},"end":{"line":23,"column":24}},"type":"binary-expr","locations":[{"start":{"line":21,"column":6},"end":{"line":21,"column":18}},{"start":{"line":22,"column":6},"end":{"line":22,"column":38}},{"start":{"line":23,"column":6},"end":{"line":23,"column":24}}],"line":21},"3":{"loc":{"start":{"line":26,"column":17},"end":{"line":26,"column":66}},"type":"binary-expr","locations":[{"start":{"line":26,"column":17},"end":{"line":26,"column":43}},{"start":{"line":26,"column":47},"end":{"line":26,"column":66}}],"line":26},"4":{"loc":{"start":{"line":27,"column":14},"end":{"line":27,"column":57}},"type":"binary-expr","locations":[{"start":{"line":27,"column":14},"end":{"line":27,"column":37}},{"start":{"line":27,"column":41},"end":{"line":27,"column":57}}],"line":27},"5":{"loc":{"start":{"line":34,"column":4},"end":{"line":40,"column":5}},"type":"if","locations":[{"start":{"line":34,"column":4},"end":{"line":40,"column":5}},{"start":{},"end":{}}],"line":34},"6":{"loc":{"start":{"line":34,"column":8},"end":{"line":34,"column":56}},"type":"binary-expr","locations":[{"start":{"line":34,"column":8},"end":{"line":34,"column":20}},{"start":{"line":34,"column":24},"end":{"line":34,"column":56}}],"line":34},"7":{"loc":{"start":{"line":43,"column":4},"end":{"line":49,"column":5}},"type":"if","locations":[{"start":{"line":43,"column":4},"end":{"line":49,"column":5}},{"start":{},"end":{}}],"line":43},"8":{"loc":{"start":{"line":53,"column":15},"end":{"line":53,"column":62}},"type":"binary-expr","locations":[{"start":{"line":53,"column":15},"end":{"line":53,"column":28}},{"start":{"line":53,"column":32},"end":{"line":53,"column":62}}],"line":53},"9":{"loc":{"start":{"line":54,"column":20},"end":{"line":54,"column":37}},"type":"binary-expr","locations":[{"start":{"line":54,"column":20},"end":{"line":54,"column":26}},{"start":{"line":54,"column":30},"end":{"line":54,"column":37}}],"line":54},"10":{"loc":{"start":{"line":60,"column":2},"end":{"line":65,"column":3}},"type":"if","locations":[{"start":{"line":60,"column":2},"end":{"line":65,"column":3}},{"start":{},"end":{}}],"line":60},"11":{"loc":{"start":{"line":62,"column":15},"end":{"line":62,"column":62}},"type":"binary-expr","locations":[{"start":{"line":62,"column":15},"end":{"line":62,"column":28}},{"start":{"line":62,"column":32},"end":{"line":62,"column":62}}],"line":62},"12":{"loc":{"start":{"line":68,"column":2},"end":{"line":73,"column":3}},"type":"if","locations":[{"start":{"line":68,"column":2},"end":{"line":73,"column":3}},{"start":{},"end":{}}],"line":68},"13":{"loc":{"start":{"line":87,"column":2},"end":{"line":108,"column":3}},"type":"if","locations":[{"start":{"line":87,"column":2},"end":{"line":108,"column":3}},{"start":{},"end":{}}],"line":87},"14":{"loc":{"start":{"line":88,"column":4},"end":{"line":107,"column":5}},"type":"switch","locations":[{"start":{"line":89,"column":6},"end":{"line":90,"column":91}},{"start":{"line":91,"column":6},"end":{"line":92,"column":66}},{"start":{"line":93,"column":6},"end":{"line":94,"column":67}},{"start":{"line":95,"column":6},"end":{"line":96,"column":55}},{"start":{"line":97,"column":6},"end":{"line":98,"column":92}},{"start":{"line":99,"column":6},"end":{"line":100,"column":87}},{"start":{"line":101,"column":6},"end":{"line":102,"column":60}},{"start":{"line":103,"column":6},"end":{"line":104,"column":76}},{"start":{"line":105,"column":6},"end":{"line":106,"column":81}}],"line":88},"15":{"loc":{"start":{"line":111,"column":2},"end":{"line":120,"column":3}},"type":"if","locations":[{"start":{"line":111,"column":2},"end":{"line":120,"column":3}},{"start":{},"end":{}}],"line":111},"16":{"loc":{"start":{"line":112,"column":4},"end":{"line":119,"column":5}},"type":"switch","locations":[{"start":{"line":113,"column":6},"end":{"line":114,"column":89}},{"start":{"line":115,"column":6},"end":{"line":116,"column":64}},{"start":{"line":117,"column":6},"end":{"line":118,"column":66}}],"line":112},"17":{"loc":{"start":{"line":130,"column":9},"end":{"line":130,"column":45}},"type":"binary-expr","locations":[{"start":{"line":130,"column":9},"end":{"line":130,"column":14}},{"start":{"line":130,"column":18},"end":{"line":130,"column":45}}],"line":130}},"s":{"0":4,"1":8,"2":3,"3":3,"4":3,"5":1,"6":2,"7":1,"8":1,"9":1,"10":0,"11":5,"12":3,"13":2,"14":1,"15":1,"16":4,"17":13,"18":10,"19":1,"20":1,"21":1,"22":1,"23":1,"24":1,"25":1,"26":1,"27":1,"28":4,"29":4,"30":1,"31":1,"32":1,"33":1,"34":8},"f":{"0":8,"1":13,"2":8},"b":{"0":[3,5],"1":[1,2],"2":[3,2,1],"3":[1,0],"4":[1,0],"5":[1,1],"6":[2,1],"7":[1,0],"8":[0,0],"9":[0,0],"10":[3,2],"11":[3,0],"12":[1,1],"13":[10,3],"14":[1,1,1,1,1,1,1,1,1],"15":[4,0],"16":[1,1,1],"17":[8,7]},"_coverageSchema":"1a1c01bbd47fc00a2c39e90264f33305004495a9","hash":"c14d789713db0fd85e4bc992fd4e7263d66a1d8f"}
,"C:\\Users\\amana\\Desktop\\s\\frontend\\src\\utils\\globalErrorHandler.ts": {"path":"C:\\Users\\amana\\Desktop\\s\\frontend\\src\\utils\\globalErrorHandler.ts","statementMap":{"0":{"start":{"line":8,"column":52},"end":{"line":8,"column":56}},"1":{"start":{"line":14,"column":38},"end":{"line":19,"column":1}},"2":{"start":{"line":15,"column":2},"end":{"line":15,"column":32}},"3":{"start":{"line":18,"column":2},"end":{"line":18,"column":24}},"4":{"start":{"line":24,"column":28},"end":{"line":36,"column":1}},"5":{"start":{"line":26,"column":2},"end":{"line":29,"column":5}},"6":{"start":{"line":27,"column":4},"end":{"line":27,"column":63}},"7":{"start":{"line":32,"column":2},"end":{"line":35,"column":5}},"8":{"start":{"line":33,"column":4},"end":{"line":33,"column":36}},"9":{"start":{"line":42,"column":26},"end":{"line":57,"column":1}},"10":{"start":{"line":43,"column":25},"end":{"line":43,"column":43}},"11":{"start":{"line":46,"column":2},"end":{"line":46,"column":51}},"12":{"start":{"line":49,"column":2},"end":{"line":51,"column":3}},"13":{"start":{"line":50,"column":4},"end":{"line":50,"column":35}}},"fnMap":{"0":{"name":"(anonymous_0)","decl":{"start":{"line":14,"column":38},"end":{"line":14,"column":39}},"loc":{"start":{"line":14,"column":78},"end":{"line":19,"column":1}},"line":14},"1":{"name":"(anonymous_1)","decl":{"start":{"line":24,"column":28},"end":{"line":24,"column":29}},"loc":{"start":{"line":24,"column":34},"end":{"line":36,"column":1}},"line":24},"2":{"name":"(anonymous_2)","decl":{"start":{"line":26,"column":35},"end":{"line":26,"column":36}},"loc":{"start":{"line":26,"column":46},"end":{"line":29,"column":3}},"line":26},"3":{"name":"(anonymous_3)","decl":{"start":{"line":32,"column":48},"end":{"line":32,"column":49}},"loc":{"start":{"line":32,"column":59},"end":{"line":35,"column":3}},"line":32},"4":{"name":"(anonymous_4)","decl":{"start":{"line":42,"column":26},"end":{"line":42,"column":27}},"loc":{"start":{"line":42,"column":42},"end":{"line":57,"column":1}},"line":42}},"branchMap":{"0":{"loc":{"start":{"line":27,"column":22},"end":{"line":27,"column":61}},"type":"binary-expr","locations":[{"start":{"line":27,"column":22},"end":{"line":27,"column":33}},{"start":{"line":27,"column":37},"end":{"line":27,"column":61}}],"line":27},"1":{"loc":{"start":{"line":49,"column":2},"end":{"line":51,"column":3}},"type":"if","locations":[{"start":{"line":49,"column":2},"end":{"line":51,"column":3}},{"start":{},"end":{}}],"line":49}},"s":{"0":1,"1":1,"2":1,"3":1,"4":1,"5":1,"6":0,"7":1,"8":0,"9":1,"10":0,"11":0,"12":0,"13":0},"f":{"0":1,"1":1,"2":0,"3":0,"4":0},"b":{"0":[0,0],"1":[0,0]},"_coverageSchema":"1a1c01bbd47fc00a2c39e90264f33305004495a9","hash":"2b8c4e86ee3616cecd39d9e3762716daee647527"}
}
