TN:
SF:src\App.tsx
FN:14,(anonymous_0)
FN:18,(anonymous_1)
FN:44,App
FNF:3
FNH:3
FNDA:1,(anonymous_0)
FNDA:1,(anonymous_1)
FNDA:1,App
DA:14,1
DA:15,1
DA:18,1
DA:19,1
DA:22,1
DA:45,1
LF:6
LH:6
BRF:0
BRH:0
end_of_record
TN:
SF:src\index.tsx
FNF:0
FNH:0
DA:6,0
DA:10,0
LF:2
LH:0
BRF:0
BRH:0
end_of_record
TN:
SF:src\components\AssetDetail.tsx
FN:12,(anonymous_0)
FN:19,(anonymous_1)
FN:23,(anonymous_2)
FN:30,(anonymous_3)
FN:50,(anonymous_4)
FNF:5
FNH:5
FNDA:16,(anonymous_0)
FNDA:48,(anonymous_1)
FNDA:16,(anonymous_2)
FNDA:32,(anonymous_3)
FNDA:1,(anonymous_4)
DA:12,2
DA:17,16
DA:19,16
DA:20,48
DA:23,16
DA:24,16
DA:30,16
DA:31,32
DA:33,26
DA:35,2
DA:37,2
DA:39,2
DA:41,0
DA:45,16
DA:50,1
LF:15
LH:14
BRDA:31,0,0,26
BRDA:31,0,1,2
BRDA:31,0,2,2
BRDA:31,0,3,2
BRDA:31,0,4,0
BRDA:90,1,0,16
BRDA:90,1,1,1
BRF:7
BRH:6
end_of_record
TN:
SF:src\components\AssetForm.tsx
FN:46,(anonymous_0)
FN:69,(anonymous_1)
FN:83,(anonymous_2)
FN:130,(anonymous_3)
FN:135,(anonymous_4)
FN:148,(anonymous_5)
FN:156,(anonymous_6)
FN:163,(anonymous_7)
FN:170,(anonymous_8)
FN:178,(anonymous_9)
FN:185,(anonymous_10)
FN:191,(anonymous_11)
FN:196,(anonymous_12)
FN:226,(anonymous_13)
FN:254,(anonymous_14)
FN:324,(anonymous_15)
FN:351,(anonymous_16)
FNF:17
FNH:16
FNDA:28,(anonymous_0)
FNDA:11,(anonymous_1)
FNDA:17,(anonymous_2)
FNDA:2,(anonymous_3)
FNDA:14,(anonymous_4)
FNDA:9,(anonymous_5)
FNDA:9,(anonymous_6)
FNDA:0,(anonymous_7)
FNDA:3,(anonymous_8)
FNDA:3,(anonymous_9)
FNDA:3,(anonymous_10)
FNDA:2,(anonymous_11)
FNDA:14,(anonymous_12)
FNDA:1,(anonymous_13)
FNDA:400,(anonymous_14)
FNDA:112,(anonymous_15)
FNDA:112,(anonymous_16)
DA:39,2
DA:46,2
DA:53,28
DA:55,28
DA:65,28
DA:66,28
DA:69,28
DA:70,11
DA:71,2
DA:83,28
DA:87,17
DA:89,3
DA:90,1
DA:91,0
DA:92,1
DA:95,2
DA:96,1
DA:97,0
DA:98,1
DA:101,2
DA:102,1
DA:103,0
DA:104,1
DA:107,3
DA:108,2
DA:109,2
DA:110,2
DA:111,1
DA:114,3
DA:115,2
DA:116,2
DA:117,2
DA:118,1
DA:119,1
DA:122,2
DA:123,2
DA:124,0
DA:125,2
DA:127,9
DA:130,28
DA:131,2
DA:132,2
DA:135,2
DA:136,14
DA:137,14
DA:138,14
DA:139,5
DA:140,5
DA:144,2
DA:145,2
DA:148,28
DA:153,9
DA:154,9
DA:156,9
DA:162,9
DA:163,0
DA:170,28
DA:175,3
DA:176,3
DA:178,3
DA:184,3
DA:185,3
DA:191,28
DA:192,2
DA:195,2
DA:196,14
DA:202,2
DA:204,2
DA:205,1
DA:208,1
DA:209,1
DA:219,1
DA:222,0
DA:226,28
DA:227,1
DA:229,1
DA:240,0
DA:250,1
DA:251,1
DA:254,28
DA:255,400
DA:258,28
DA:325,112
DA:352,112
LF:84
LH:77
BRDA:50,0,0,27
BRDA:51,1,0,27
BRDA:70,2,0,2
BRDA:70,2,1,9
BRDA:87,3,0,3
BRDA:87,3,1,2
BRDA:87,3,2,2
BRDA:87,3,3,3
BRDA:87,3,4,3
BRDA:87,3,5,2
BRDA:89,4,0,2
BRDA:89,4,1,1
BRDA:90,5,0,0
BRDA:90,5,1,1
BRDA:95,6,0,1
BRDA:95,6,1,1
BRDA:96,7,0,0
BRDA:96,7,1,1
BRDA:101,8,0,1
BRDA:101,8,1,1
BRDA:102,9,0,0
BRDA:102,9,1,1
BRDA:107,10,0,1
BRDA:107,10,1,2
BRDA:109,11,0,0
BRDA:109,11,1,2
BRDA:110,12,0,1
BRDA:110,12,1,1
BRDA:114,13,0,1
BRDA:114,13,1,2
BRDA:116,14,0,0
BRDA:116,14,1,2
BRDA:117,15,0,1
BRDA:117,15,1,1
BRDA:118,16,0,0
BRDA:118,16,1,1
BRDA:122,17,0,0
BRDA:122,17,1,2
BRDA:123,18,0,0
BRDA:123,18,1,2
BRDA:138,19,0,5
BRDA:138,19,1,9
BRDA:162,20,0,0
BRDA:162,20,1,9
BRDA:204,21,0,1
BRDA:204,21,1,1
BRDA:227,22,0,1
BRDA:227,22,1,0
BRDA:255,23,0,42
BRDA:255,23,1,358
BRDA:272,24,0,2
BRDA:272,24,1,26
BRDA:277,25,0,28
BRDA:277,25,1,2
BRDA:293,26,0,0
BRDA:293,26,1,28
BRDA:299,27,0,28
BRDA:299,27,1,0
BRDA:318,28,0,1
BRDA:318,28,1,27
BRDA:320,29,0,28
BRDA:320,29,1,27
BRDA:330,30,0,28
BRDA:330,30,1,1
BRDA:346,31,0,0
BRDA:346,31,1,28
BRDA:357,32,0,28
BRDA:357,32,1,0
BRDA:375,33,0,1
BRDA:375,33,1,27
BRDA:381,34,0,28
BRDA:381,34,1,1
BRDA:401,35,0,2
BRDA:401,35,1,26
BRDA:406,36,0,28
BRDA:406,36,1,2
BRDA:425,37,0,2
BRDA:425,37,1,26
BRDA:433,38,0,28
BRDA:433,38,1,2
BRDA:459,39,0,1
BRDA:459,39,1,27
BRF:82
BRH:68
end_of_record
TN:
SF:src\components\AssetList.tsx
FN:12,(anonymous_0)
FN:25,(anonymous_1)
FN:33,(anonymous_2)
FN:42,(anonymous_3)
FN:49,(anonymous_4)
FN:58,(anonymous_5)
FN:65,(anonymous_6)
FN:69,(anonymous_7)
FN:89,(anonymous_8)
FN:141,(anonymous_9)
FN:144,(anonymous_10)
FN:145,(anonymous_11)
FN:178,(anonymous_12)
FN:186,(anonymous_13)
FN:201,(anonymous_14)
FN:213,(anonymous_15)
FNF:16
FNH:13
FNDA:22,(anonymous_0)
FNDA:0,(anonymous_1)
FNDA:1,(anonymous_2)
FNDA:3,(anonymous_3)
FNDA:3,(anonymous_4)
FNDA:51,(anonymous_5)
FNDA:51,(anonymous_6)
FNDA:51,(anonymous_7)
FNDA:1,(anonymous_8)
FNDA:51,(anonymous_9)
FNDA:1,(anonymous_10)
FNDA:3,(anonymous_11)
FNDA:0,(anonymous_12)
FNDA:34,(anonymous_13)
FNDA:0,(anonymous_14)
FNDA:1,(anonymous_15)
DA:12,2
DA:13,22
DA:14,22
DA:21,22
DA:22,22
DA:24,22
DA:26,0
DA:27,0
DA:32,22
DA:34,1
DA:35,1
DA:36,1
DA:41,22
DA:43,3
DA:48,22
DA:50,3
DA:51,2
DA:52,2
DA:58,22
DA:59,51
DA:65,22
DA:66,51
DA:69,22
DA:70,51
DA:72,17
DA:74,17
DA:76,17
DA:78,0
DA:80,0
DA:84,22
DA:85,1
DA:89,1
DA:96,21
DA:142,51
DA:144,1
DA:145,3
DA:178,0
DA:188,34
DA:189,34
DA:190,0
DA:191,0
DA:192,0
DA:193,0
DA:195,0
DA:198,34
DA:201,0
DA:213,1
LF:47
LH:36
BRDA:15,0,0,22
BRDA:15,0,1,21
BRDA:50,1,0,2
BRDA:50,1,1,1
BRDA:50,2,0,3
BRDA:50,2,1,2
BRDA:70,3,0,17
BRDA:70,3,1,17
BRDA:70,3,2,17
BRDA:70,3,3,0
BRDA:70,3,4,0
BRDA:84,4,0,1
BRDA:84,4,1,21
BRDA:107,5,0,21
BRDA:107,5,1,2
BRDA:115,6,0,21
BRDA:115,6,1,19
BRDA:134,7,0,2
BRDA:134,7,1,17
BRDA:134,8,0,19
BRDA:134,8,1,19
BRDA:169,9,0,19
BRDA:169,9,1,17
BRDA:188,10,0,34
BRDA:188,10,1,0
BRDA:190,11,0,0
BRDA:190,11,1,0
BRDA:192,12,0,0
BRDA:192,12,1,0
BRDA:203,13,0,17
BRDA:203,13,1,17
BRF:31
BRH:24
end_of_record
TN:
SF:src\components\Button.tsx
FN:14,(anonymous_0)
FNF:1
FNH:1
FNDA:10,(anonymous_0)
DA:14,1
DA:27,10
DA:38,10
LF:3
LH:3
BRDA:16,0,0,9
BRDA:17,1,0,9
BRDA:18,2,0,8
BRDA:21,3,0,8
BRDA:22,4,0,9
BRDA:24,5,0,9
BRDA:31,6,0,1
BRDA:31,6,1,9
BRDA:32,7,0,2
BRDA:32,7,1,8
BRDA:41,8,0,10
BRDA:41,8,1,8
BRDA:42,9,0,2
BRDA:42,9,1,8
BRDA:45,10,0,10
BRDA:45,10,1,2
BRDA:52,11,0,10
BRDA:52,11,1,2
BRDA:52,11,2,1
BRDA:57,12,0,1
BRDA:57,12,1,9
BRDA:57,13,0,10
BRDA:57,13,1,2
BRDA:60,14,0,10
BRDA:60,14,1,2
BRDA:60,14,2,1
BRF:26
BRH:26
end_of_record
TN:
SF:src\components\ConfirmDialog.tsx
FN:17,(anonymous_0)
FN:34,(anonymous_1)
FN:50,(anonymous_2)
FN:51,(anonymous_3)
FN:58,(anonymous_4)
FN:64,(anonymous_5)
FN:65,(anonymous_6)
FN:100,(anonymous_7)
FN:106,(anonymous_8)
FN:113,(anonymous_9)
FN:120,(anonymous_10)
FNF:11
FNH:9
FNDA:8,(anonymous_0)
FNDA:8,(anonymous_1)
FNDA:8,(anonymous_2)
FNDA:0,(anonymous_3)
FNDA:8,(anonymous_4)
FNDA:8,(anonymous_5)
FNDA:0,(anonymous_6)
FNDA:8,(anonymous_7)
FNDA:8,(anonymous_8)
FNDA:8,(anonymous_9)
FNDA:2,(anonymous_10)
DA:17,2
DA:29,8
DA:30,8
DA:31,8
DA:34,8
DA:35,8
DA:37,7
DA:40,7
DA:41,7
DA:43,1
DA:45,0
DA:50,8
DA:51,8
DA:52,0
DA:53,0
DA:57,8
DA:58,8
DA:59,8
DA:64,8
DA:65,8
DA:66,0
DA:68,0
DA:72,0
DA:74,0
DA:75,0
DA:80,0
DA:85,0
DA:86,0
DA:89,0
DA:94,0
DA:95,0
DA:99,8
DA:100,8
DA:101,8
DA:106,8
DA:107,8
DA:108,7
DA:110,1
DA:113,8
DA:114,8
DA:118,8
DA:120,7
DA:121,2
DA:122,0
DA:126,7
LF:45
LH:30
BRDA:21,0,0,7
BRDA:22,1,0,7
BRDA:25,2,0,8
BRDA:26,3,0,7
BRDA:27,4,0,7
BRDA:35,5,0,7
BRDA:35,5,1,1
BRDA:40,6,0,7
BRDA:40,6,1,0
BRDA:43,7,0,0
BRDA:43,7,1,1
BRDA:52,8,0,0
BRDA:52,8,1,0
BRDA:52,9,0,0
BRDA:52,9,1,0
BRDA:66,10,0,0
BRDA:66,10,1,0
BRDA:66,11,0,0
BRDA:66,11,1,0
BRDA:72,12,0,0
BRDA:72,12,1,0
BRDA:80,13,0,0
BRDA:80,13,1,0
BRDA:81,14,0,0
BRDA:81,14,1,0
BRDA:81,14,2,0
BRDA:89,15,0,0
BRDA:89,15,1,0
BRDA:90,16,0,0
BRDA:90,16,1,0
BRDA:90,16,2,0
BRDA:107,17,0,7
BRDA:107,17,1,1
BRDA:118,18,0,1
BRDA:118,18,1,7
BRDA:121,19,0,0
BRDA:121,19,1,2
BRDA:153,20,0,1
BRDA:153,20,1,6
BRDA:154,21,0,1
BRDA:154,21,1,6
BRF:41
BRH:18
end_of_record
TN:
SF:src\components\ErrorBoundary.tsx
FN:20,(anonymous_0)
FN:28,(anonymous_1)
FN:33,(anonymous_2)
FN:43,(anonymous_3)
FN:61,(anonymous_4)
FN:64,(anonymous_5)
FN:68,(anonymous_6)
FN:108,(anonymous_7)
FNF:8
FNH:7
FNDA:14,(anonymous_0)
FNDA:8,(anonymous_1)
FNDA:4,(anonymous_2)
FNDA:21,(anonymous_3)
FNDA:6,(anonymous_4)
FNDA:1,(anonymous_5)
FNDA:0,(anonymous_6)
FNDA:14,(anonymous_7)
DA:21,14
DA:22,13
DA:30,8
DA:35,4
DA:38,4
DA:39,1
DA:44,21
DA:46,8
DA:47,2
DA:50,6
DA:53,13
DA:61,3
DA:62,6
DA:64,6
DA:65,1
DA:68,6
DA:69,0
DA:70,0
DA:73,6
DA:108,3
DA:109,14
LF:21
LH:19
BRDA:38,0,0,1
BRDA:38,0,1,3
BRDA:44,1,0,8
BRDA:44,1,1,13
BRDA:46,2,0,2
BRDA:46,2,1,6
BRDA:80,3,0,6
BRDA:80,3,1,6
BRF:8
BRH:8
end_of_record
TN:
SF:src\components\ErrorDisplay.tsx
FN:15,(anonymous_0)
FN:47,(anonymous_1)
FNF:2
FNH:2
FNDA:7,(anonymous_0)
FNDA:2,(anonymous_1)
DA:15,2
DA:24,7
DA:48,2
LF:3
LH:3
BRDA:17,0,0,6
BRDA:21,1,0,7
BRDA:22,2,0,7
BRDA:44,3,0,7
BRDA:44,3,1,7
BRDA:45,4,0,7
BRDA:45,4,1,1
BRDA:55,5,0,7
BRDA:55,5,1,1
BRDA:64,6,0,7
BRDA:64,6,1,0
BRDA:73,7,0,7
BRDA:73,7,1,0
BRF:13
BRH:11
end_of_record
TN:
SF:src\components\FormErrorMessage.tsx
FN:9,(anonymous_0)
FNF:1
FNH:1
FNDA:12,(anonymous_0)
DA:9,2
DA:10,12
DA:12,5
LF:3
LH:3
BRDA:10,0,0,7
BRDA:10,0,1,5
BRF:2
BRH:2
end_of_record
TN:
SF:src\components\FormField.tsx
FN:14,(anonymous_0)
FN:26,(anonymous_1)
FNF:2
FNH:2
FNDA:9,(anonymous_0)
FNDA:9,(anonymous_1)
DA:14,1
DA:22,9
DA:23,9
DA:26,9
DA:27,9
DA:28,9
DA:35,0
DA:38,9
LF:8
LH:7
BRDA:18,0,0,8
BRDA:27,1,0,9
BRDA:27,1,1,0
BRDA:30,2,0,3
BRDA:30,2,1,6
BRDA:31,3,0,3
BRDA:31,3,1,6
BRDA:31,4,0,1
BRDA:31,4,1,5
BRDA:39,5,0,3
BRDA:39,5,1,6
BRDA:42,6,0,9
BRDA:42,6,1,1
BRDA:45,7,0,9
BRDA:45,7,1,1
BRDA:53,8,0,9
BRDA:53,8,1,6
BRF:17
BRH:16
end_of_record
TN:
SF:src\components\Layout.tsx
FN:9,(anonymous_0)
FN:15,(anonymous_1)
FN:16,(anonymous_2)
FN:21,(anonymous_3)
FN:27,(anonymous_4)
FN:31,(anonymous_5)
FN:36,(anonymous_6)
FN:43,(anonymous_7)
FN:44,(anonymous_8)
FN:51,(anonymous_9)
FNF:10
FNH:6
FNDA:7,(anonymous_0)
FNDA:7,(anonymous_1)
FNDA:0,(anonymous_2)
FNDA:7,(anonymous_3)
FNDA:7,(anonymous_4)
FNDA:0,(anonymous_5)
FNDA:0,(anonymous_6)
FNDA:7,(anonymous_7)
FNDA:0,(anonymous_8)
FNDA:7,(anonymous_9)
DA:9,2
DA:10,7
DA:11,7
DA:12,7
DA:15,7
DA:16,7
DA:17,0
DA:20,7
DA:21,7
DA:22,7
DA:27,7
DA:28,7
DA:31,7
DA:32,0
DA:36,7
DA:37,0
DA:38,0
DA:43,7
DA:44,7
DA:45,0
DA:46,0
DA:50,7
DA:51,7
DA:52,7
DA:56,7
LF:25
LH:19
BRDA:37,0,0,0
BRDA:37,0,1,0
BRDA:45,1,0,0
BRDA:45,1,1,0
BRDA:45,2,0,0
BRDA:45,2,1,0
BRDA:58,3,0,0
BRDA:58,3,1,7
BRDA:73,4,0,0
BRDA:73,4,1,7
BRDA:75,5,0,0
BRDA:75,5,1,7
BRDA:78,6,0,0
BRDA:78,6,1,7
BRDA:86,7,0,7
BRDA:86,7,1,0
BRDA:86,8,0,7
BRDA:86,8,1,7
BRDA:92,9,0,7
BRDA:92,9,1,0
BRDA:92,10,0,7
BRDA:92,10,1,7
BRDA:105,11,0,0
BRDA:105,11,1,7
BRDA:109,12,0,0
BRDA:109,12,1,7
BRF:26
BRH:12
end_of_record
TN:
SF:src\components\LoadingIndicator.tsx
FN:14,(anonymous_0)
FNF:1
FNH:1
FNDA:9,(anonymous_0)
DA:14,3
DA:23,9
DA:24,9
DA:25,9
DA:29,9
LF:5
LH:5
BRDA:15,0,0,8
BRDA:16,1,0,6
BRDA:17,2,0,8
BRDA:18,3,0,8
BRDA:19,4,0,9
BRDA:20,5,0,9
BRDA:21,6,0,8
BRDA:23,7,0,1
BRDA:23,7,1,8
BRDA:24,8,0,1
BRDA:24,8,1,8
BRDA:25,9,0,0
BRDA:25,9,1,9
BRDA:26,10,0,0
BRDA:26,10,1,9
BRDA:39,11,0,9
BRDA:39,11,1,8
BRDA:39,11,2,8
BRDA:40,12,0,9
BRDA:40,12,1,8
BRF:20
BRH:18
end_of_record
TN:
SF:src\components\SearchFilter.tsx
FN:13,(anonymous_0)
FN:25,(anonymous_1)
FN:36,(anonymous_2)
FN:41,(anonymous_3)
FN:53,(anonymous_4)
FN:64,(anonymous_5)
FN:107,(anonymous_6)
FN:127,(anonymous_7)
FN:133,(anonymous_8)
FN:151,(anonymous_9)
FN:178,(anonymous_10)
FN:198,(anonymous_11)
FN:210,(anonymous_12)
FNF:13
FNH:13
FNDA:36,(anonymous_0)
FNDA:35,(anonymous_1)
FNDA:1,(anonymous_2)
FNDA:2,(anonymous_3)
FNDA:2,(anonymous_4)
FNDA:1,(anonymous_5)
FNDA:1,(anonymous_6)
FNDA:1,(anonymous_7)
FNDA:170,(anonymous_8)
FNDA:1,(anonymous_9)
FNDA:1,(anonymous_10)
FNDA:1,(anonymous_11)
FNDA:1,(anonymous_12)
DA:13,3
DA:19,36
DA:22,36
DA:25,36
DA:26,35
DA:27,4
DA:32,4
DA:36,36
DA:37,1
DA:40,36
DA:42,2
DA:47,2
DA:52,36
DA:54,2
DA:59,2
DA:64,36
DA:65,1
DA:66,1
DA:70,1
DA:73,36
DA:79,36
DA:107,1
DA:127,1
DA:134,170
DA:151,1
DA:179,1
DA:180,1
DA:185,1
DA:198,1
DA:210,1
LF:30
LH:30
BRDA:17,0,0,14
BRDA:19,1,0,36
BRDA:19,1,1,30
BRDA:26,2,0,4
BRDA:26,2,1,31
BRDA:26,3,0,35
BRDA:26,3,1,29
BRDA:29,4,0,4
BRDA:29,4,1,3
BRDA:44,5,0,2
BRDA:44,5,1,1
BRDA:56,6,0,2
BRDA:56,6,1,1
BRDA:68,7,0,1
BRDA:68,7,1,0
BRDA:74,8,0,36
BRDA:74,8,1,30
BRDA:74,8,2,28
BRDA:83,9,0,36
BRDA:83,9,1,9
BRDA:126,10,0,36
BRDA:126,10,1,31
BRDA:150,11,0,36
BRDA:150,11,1,32
BRDA:170,12,0,36
BRDA:170,12,1,9
BRDA:174,13,0,9
BRDA:174,13,1,6
BRDA:194,14,0,9
BRDA:194,14,1,5
BRDA:206,15,0,9
BRDA:206,15,1,4
BRF:32
BRH:31
end_of_record
TN:
SF:src\components\Toast.tsx
FN:14,(anonymous_0)
FN:24,(anonymous_1)
FN:31,(anonymous_2)
FN:33,(anonymous_3)
FN:39,(anonymous_4)
FN:45,(anonymous_5)
FN:49,(anonymous_6)
FN:53,(anonymous_7)
FN:58,(anonymous_8)
FN:111,(anonymous_9)
FN:119,(anonymous_10)
FNF:11
FNH:11
FNDA:29,(anonymous_0)
FNDA:21,(anonymous_1)
FNDA:12,(anonymous_2)
FNDA:4,(anonymous_3)
FNDA:20,(anonymous_4)
FNDA:2,(anonymous_5)
FNDA:1,(anonymous_6)
FNDA:1,(anonymous_7)
FNDA:29,(anonymous_8)
FNDA:21,(anonymous_9)
FNDA:13,(anonymous_10)
DA:14,3
DA:21,29
DA:22,29
DA:24,29
DA:25,21
DA:30,20
DA:31,19
DA:32,12
DA:33,12
DA:34,4
DA:39,20
DA:40,20
DA:41,20
DA:45,29
DA:46,2
DA:49,29
DA:50,1
DA:53,29
DA:54,1
DA:58,29
DA:59,29
DA:61,20
DA:63,5
DA:65,1
DA:67,3
DA:69,0
DA:73,29
DA:111,3
DA:115,21
DA:117,10
DA:120,13
LF:31
LH:30
BRDA:18,0,0,7
BRDA:25,1,0,1
BRDA:25,1,1,20
BRDA:30,2,0,19
BRDA:30,2,1,1
BRDA:40,3,0,19
BRDA:40,3,1,1
BRDA:41,4,0,12
BRDA:41,4,1,8
BRDA:59,5,0,20
BRDA:59,5,1,5
BRDA:59,5,2,1
BRDA:59,5,3,3
BRDA:59,5,4,0
BRDA:75,6,0,4
BRDA:75,6,1,25
BRDA:115,7,0,11
BRDA:115,7,1,10
BRF:18
BRH:17
end_of_record
TN:
SF:src\components\withErrorHandling.tsx
FN:18,withErrorHandling
FN:22,WithErrorHandling
FN:28,(anonymous_2)
FN:36,(anonymous_3)
FNF:4
FNH:4
FNDA:5,withErrorHandling
FNDA:5,WithErrorHandling
FNDA:5,(anonymous_2)
FNDA:5,(anonymous_3)
DA:22,5
DA:23,5
DA:24,5
DA:25,5
DA:28,5
DA:29,5
DA:30,0
DA:31,0
DA:36,5
DA:37,5
DA:38,5
DA:42,5
DA:43,2
DA:46,3
LF:14
LH:12
BRDA:20,0,0,4
BRDA:29,1,0,0
BRDA:29,1,1,5
BRDA:29,2,0,5
BRDA:29,2,1,0
BRDA:37,3,0,5
BRDA:37,3,1,0
BRDA:42,4,0,2
BRDA:42,4,1,3
BRF:9
BRH:6
end_of_record
TN:
SF:src\contexts\ToastContext.tsx
FN:27,(anonymous_0)
FN:35,(anonymous_1)
FN:41,(anonymous_2)
FN:43,(anonymous_3)
FN:45,(anonymous_4)
FN:52,(anonymous_5)
FN:53,(anonymous_6)
FN:53,(anonymous_7)
FN:56,(anonymous_8)
FN:62,(anonymous_9)
FN:69,(anonymous_10)
FN:78,(anonymous_11)
FN:85,(anonymous_12)
FNF:13
FNH:8
FNDA:20,(anonymous_0)
FNDA:21,(anonymous_1)
FNDA:9,(anonymous_2)
FNDA:9,(anonymous_3)
FNDA:0,(anonymous_4)
FNDA:3,(anonymous_5)
FNDA:3,(anonymous_6)
FNDA:4,(anonymous_7)
FNDA:1,(anonymous_8)
FNDA:0,(anonymous_9)
FNDA:0,(anonymous_10)
FNDA:0,(anonymous_11)
FNDA:0,(anonymous_12)
DA:25,2
DA:27,2
DA:28,20
DA:29,20
DA:30,0
DA:32,20
DA:35,2
DA:38,21
DA:40,21
DA:42,9
DA:43,9
DA:47,9
DA:52,21
DA:53,4
DA:56,21
DA:57,1
DA:61,21
DA:63,0
DA:68,21
DA:70,0
DA:71,0
DA:72,0
DA:77,21
DA:79,0
DA:84,21
DA:86,0
DA:91,21
DA:101,21
LF:28
LH:21
BRDA:29,0,0,0
BRDA:29,0,1,20
BRDA:41,1,0,8
BRDA:69,2,0,0
BRF:4
BRH:2
end_of_record
TN:
SF:src\examples\AssetApiUsage.tsx
FN:16,(anonymous_0)
FN:69,(anonymous_1)
FN:87,(anonymous_2)
FN:104,(anonymous_3)
FN:115,(anonymous_4)
FN:116,(anonymous_5)
FN:130,(anonymous_6)
FN:144,(anonymous_7)
FN:147,(anonymous_8)
FN:150,(anonymous_9)
FN:157,(anonymous_10)
FN:185,(anonymous_11)
FN:192,(anonymous_12)
FNF:13
FNH:0
FNDA:0,(anonymous_0)
FNDA:0,(anonymous_1)
FNDA:0,(anonymous_2)
FNDA:0,(anonymous_3)
FNDA:0,(anonymous_4)
FNDA:0,(anonymous_5)
FNDA:0,(anonymous_6)
FNDA:0,(anonymous_7)
FNDA:0,(anonymous_8)
FNDA:0,(anonymous_9)
FNDA:0,(anonymous_10)
FNDA:0,(anonymous_11)
FNDA:0,(anonymous_12)
DA:16,0
DA:17,0
DA:18,0
DA:30,0
DA:38,0
DA:45,0
DA:52,0
DA:59,0
DA:66,0
DA:69,0
DA:70,0
DA:80,0
DA:81,0
DA:82,0
DA:83,0
DA:87,0
DA:88,0
DA:90,0
DA:96,0
DA:97,0
DA:98,0
DA:99,0
DA:100,0
DA:104,0
DA:105,0
DA:107,0
DA:108,0
DA:109,0
DA:110,0
DA:111,0
DA:115,0
DA:116,0
DA:119,0
DA:131,0
DA:144,0
DA:147,0
DA:151,0
DA:157,0
DA:186,0
DA:192,0
LF:40
LH:0
BRDA:81,0,0,0
BRDA:81,0,1,0
BRDA:88,1,0,0
BRDA:88,1,1,0
BRDA:97,2,0,0
BRDA:97,2,1,0
BRDA:105,3,0,0
BRDA:105,3,1,0
BRDA:108,4,0,0
BRDA:108,4,1,0
BRDA:126,5,0,0
BRDA:126,5,1,0
BRDA:127,6,0,0
BRDA:127,6,1,0
BRDA:128,7,0,0
BRDA:128,7,1,0
BRDA:171,8,0,0
BRDA:171,8,1,0
BRDA:172,9,0,0
BRDA:172,9,1,0
BRDA:173,10,0,0
BRDA:173,10,1,0
BRDA:206,11,0,0
BRDA:206,11,1,0
BRDA:207,12,0,0
BRDA:207,12,1,0
BRDA:208,13,0,0
BRDA:208,13,1,0
BRDA:237,14,0,0
BRDA:237,14,1,0
BRDA:239,15,0,0
BRDA:239,15,1,0
BRDA:243,16,0,0
BRDA:243,16,1,0
BRDA:245,17,0,0
BRDA:245,17,1,0
BRDA:247,18,0,0
BRDA:247,18,1,0
BRDA:251,19,0,0
BRDA:251,19,1,0
BRDA:253,20,0,0
BRDA:253,20,1,0
BRDA:255,21,0,0
BRDA:255,21,1,0
BRF:44
BRH:0
end_of_record
TN:
SF:src\hooks\useAssets.ts
FN:26,(anonymous_0)
FN:37,(anonymous_1)
FN:55,(anonymous_2)
FN:80,(anonymous_3)
FN:85,(anonymous_4)
FN:103,(anonymous_5)
FN:126,(anonymous_6)
FN:131,(anonymous_7)
FN:168,(anonymous_8)
FN:173,(anonymous_9)
FN:210,(anonymous_10)
FN:214,(anonymous_11)
FN:250,(anonymous_12)
FN:255,(anonymous_13)
FN:273,(anonymous_14)
FNF:15
FNH:15
FNDA:17,(anonymous_0)
FNDA:7,(anonymous_1)
FNDA:6,(anonymous_2)
FNDA:11,(anonymous_3)
FNDA:4,(anonymous_4)
FNDA:4,(anonymous_5)
FNDA:4,(anonymous_6)
FNDA:2,(anonymous_7)
FNDA:4,(anonymous_8)
FNDA:2,(anonymous_9)
FNDA:4,(anonymous_10)
FNDA:2,(anonymous_11)
FNDA:12,(anonymous_12)
FNDA:5,(anonymous_13)
FNDA:4,(anonymous_14)
DA:26,2
DA:27,17
DA:34,17
DA:35,17
DA:37,17
DA:38,7
DA:39,7
DA:41,7
DA:42,7
DA:43,5
DA:45,1
DA:46,1
DA:48,0
DA:51,6
DA:55,17
DA:56,6
DA:59,17
DA:80,2
DA:81,11
DA:82,11
DA:83,11
DA:85,11
DA:86,4
DA:87,4
DA:89,4
DA:90,4
DA:91,3
DA:93,1
DA:94,1
DA:96,0
DA:99,4
DA:103,11
DA:104,4
DA:105,3
DA:109,11
DA:126,2
DA:127,4
DA:128,4
DA:130,4
DA:132,2
DA:133,2
DA:135,2
DA:136,2
DA:137,1
DA:139,1
DA:140,1
DA:142,0
DA:144,1
DA:146,2
DA:152,4
DA:168,2
DA:169,4
DA:170,4
DA:172,4
DA:174,2
DA:175,2
DA:177,2
DA:178,2
DA:179,1
DA:181,1
DA:182,1
DA:184,0
DA:186,1
DA:188,2
DA:194,4
DA:210,2
DA:211,4
DA:212,4
DA:214,4
DA:215,2
DA:216,2
DA:218,2
DA:219,2
DA:220,1
DA:222,1
DA:223,1
DA:225,0
DA:227,1
DA:229,2
DA:233,4
DA:250,2
DA:251,12
DA:252,12
DA:253,12
DA:255,12
DA:256,5
DA:257,5
DA:259,5
DA:260,5
DA:261,3
DA:263,1
DA:264,1
DA:266,0
DA:269,4
DA:273,12
DA:274,4
DA:277,12
LF:97
LH:91
BRDA:45,0,0,1
BRDA:45,0,1,0
BRDA:93,1,0,1
BRDA:93,1,1,0
BRDA:104,2,0,3
BRDA:104,2,1,1
BRDA:139,3,0,1
BRDA:139,3,1,0
BRDA:181,4,0,1
BRDA:181,4,1,0
BRDA:222,5,0,1
BRDA:222,5,1,0
BRDA:263,6,0,1
BRDA:263,6,1,0
BRF:14
BRH:8
end_of_record
TN:
SF:src\hooks\useDebounce.ts
FN:9,useDebounce
FN:12,(anonymous_1)
FN:13,(anonymous_2)
FN:17,(anonymous_3)
FNF:4
FNH:4
FNDA:52,useDebounce
FNDA:41,(anonymous_1)
FNDA:9,(anonymous_2)
FNDA:41,(anonymous_3)
DA:10,52
DA:12,52
DA:13,41
DA:14,9
DA:17,41
DA:18,41
DA:22,52
LF:7
LH:7
BRF:0
BRH:0
end_of_record
TN:
SF:src\hooks\useFormSubmit.ts
FN:17,useFormSubmit
FN:26,(anonymous_1)
FN:60,(anonymous_2)
FNF:3
FNH:3
FNDA:14,useFormSubmit
FNDA:6,(anonymous_1)
FNDA:1,(anonymous_2)
DA:21,14
DA:22,14
DA:23,14
DA:25,14
DA:27,6
DA:28,6
DA:29,6
DA:31,6
DA:33,4
DA:34,1
DA:37,4
DA:38,1
DA:41,4
DA:43,2
DA:44,2
DA:46,2
DA:48,2
DA:49,1
DA:52,2
DA:54,6
DA:60,14
DA:61,1
DA:64,14
LF:23
LH:23
BRDA:19,0,0,8
BRDA:33,1,0,1
BRDA:33,1,1,3
BRDA:37,2,0,1
BRDA:37,2,1,3
BRDA:48,3,0,1
BRDA:48,3,1,1
BRF:7
BRH:7
end_of_record
TN:
SF:src\pages\AssetDetailPage.tsx
FN:11,(anonymous_0)
FN:29,(anonymous_1)
FN:48,(anonymous_2)
FN:82,(anonymous_3)
FN:92,(anonymous_4)
FN:97,(anonymous_5)
FN:102,(anonymous_6)
FN:124,(anonymous_7)
FNF:8
FNH:6
FNDA:16,(anonymous_0)
FNDA:15,(anonymous_1)
FNDA:0,(anonymous_2)
FNDA:0,(anonymous_3)
FNDA:1,(anonymous_4)
FNDA:4,(anonymous_5)
FNDA:2,(anonymous_6)
FNDA:1,(anonymous_7)
DA:11,2
DA:12,16
DA:13,16
DA:14,16
DA:15,16
DA:18,15
DA:19,15
DA:21,15
DA:26,15
DA:29,15
DA:30,15
DA:31,2
DA:36,15
DA:37,0
DA:43,0
DA:48,0
DA:56,15
DA:57,1
DA:65,14
DA:67,2
DA:69,2
DA:77,2
DA:82,0
DA:92,12
DA:93,1
DA:97,12
DA:98,4
DA:102,12
DA:103,2
DA:104,2
DA:105,2
DA:107,1
DA:109,1
DA:111,1
DA:113,1
DA:114,0
DA:118,0
DA:119,0
DA:124,12
DA:125,1
DA:128,12
LF:41
LH:34
BRDA:18,0,0,15
BRDA:18,0,1,0
BRDA:19,1,0,15
BRDA:19,1,1,15
BRDA:21,2,0,15
BRDA:21,2,1,0
BRDA:30,3,0,2
BRDA:30,3,1,13
BRDA:36,4,0,0
BRDA:36,4,1,15
BRDA:56,5,0,1
BRDA:56,5,1,14
BRDA:65,6,0,2
BRDA:65,6,1,12
BRDA:65,7,0,14
BRDA:65,7,1,12
BRDA:67,8,0,2
BRDA:67,8,1,2
BRDA:67,8,2,2
BRDA:70,9,0,1
BRDA:70,9,1,1
BRDA:72,10,0,1
BRDA:72,10,1,0
BRDA:73,11,0,1
BRDA:73,11,1,1
BRDA:74,12,0,1
BRDA:74,12,1,1
BRDA:81,13,0,1
BRDA:81,13,1,1
BRDA:84,14,0,1
BRDA:84,14,1,1
BRDA:105,15,0,1
BRDA:105,15,1,1
BRDA:113,16,0,0
BRDA:113,16,1,1
BRDA:136,17,0,1
BRDA:136,17,1,11
BRF:37
BRH:32
end_of_record
TN:
SF:src\pages\AssetListPage.tsx
FN:5,(anonymous_0)
FN:8,(anonymous_1)
FN:38,(anonymous_2)
FN:41,(anonymous_3)
FNF:4
FNH:4
FNDA:6,(anonymous_0)
FNDA:1,(anonymous_1)
FNDA:1,(anonymous_2)
FNDA:1,(anonymous_3)
DA:5,2
DA:6,6
DA:8,6
DA:9,1
DA:12,6
DA:39,1
DA:42,1
LF:7
LH:7
BRF:0
BRH:0
end_of_record
TN:
SF:src\pages\CreateAssetPage.tsx
FN:8,(anonymous_0)
FN:12,(anonymous_1)
FN:20,(anonymous_2)
FNF:3
FNH:3
FNDA:7,(anonymous_0)
FNDA:3,(anonymous_1)
FNDA:1,(anonymous_2)
DA:8,2
DA:9,7
DA:10,7
DA:12,7
DA:13,3
DA:14,3
DA:16,2
DA:20,7
DA:21,1
DA:24,7
LF:10
LH:10
BRDA:14,0,0,2
BRDA:14,0,1,1
BRDA:31,1,0,7
BRDA:31,1,1,1
BRF:4
BRH:4
end_of_record
TN:
SF:src\pages\EditAssetPage.tsx
FN:8,(anonymous_0)
FN:20,(anonymous_1)
FN:28,(anonymous_2)
FN:51,(anonymous_3)
FNF:4
FNH:4
FNDA:11,(anonymous_0)
FNDA:3,(anonymous_1)
FNDA:1,(anonymous_2)
FNDA:1,(anonymous_3)
DA:8,2
DA:9,11
DA:10,11
DA:11,11
DA:13,11
DA:18,11
DA:20,11
DA:21,3
DA:22,3
DA:24,2
DA:28,11
DA:29,1
DA:33,11
DA:34,1
DA:44,10
DA:45,2
DA:51,1
DA:61,8
LF:18
LH:18
BRDA:11,0,0,11
BRDA:11,0,1,0
BRDA:22,1,0,2
BRDA:22,1,1,1
BRDA:33,2,0,1
BRDA:33,2,1,10
BRDA:44,3,0,2
BRDA:44,3,1,8
BRDA:44,4,0,10
BRDA:44,4,1,8
BRDA:49,5,0,2
BRDA:49,5,1,0
BRDA:68,6,0,8
BRDA:68,6,1,1
BRF:14
BRH:12
end_of_record
TN:
SF:src\services\api.ts
FN:14,(anonymous_0)
FN:21,(anonymous_1)
FN:29,(anonymous_2)
FN:36,(anonymous_3)
FNF:4
FNH:1
FNDA:2,(anonymous_0)
FNDA:0,(anonymous_1)
FNDA:0,(anonymous_2)
FNDA:0,(anonymous_3)
DA:4,3
DA:13,3
DA:16,2
DA:19,2
DA:22,0
DA:23,0
DA:28,3
DA:30,0
DA:34,0
DA:37,0
DA:40,0
DA:42,0
DA:44,0
DA:46,0
DA:47,0
DA:49,0
DA:50,0
DA:52,0
DA:53,0
DA:55,0
DA:56,0
DA:58,0
DA:59,0
DA:61,0
DA:63,0
DA:65,0
DA:68,0
DA:71,0
LF:28
LH:5
BRDA:5,0,0,3
BRDA:5,0,1,3
BRDA:40,1,0,0
BRDA:40,1,1,0
BRDA:44,2,0,0
BRDA:44,2,1,0
BRDA:44,2,2,0
BRDA:44,2,3,0
BRDA:44,2,4,0
BRDA:44,2,5,0
BRDA:63,3,0,0
BRDA:63,3,1,0
BRF:12
BRH:2
end_of_record
TN:
SF:src\services\assetApi.ts
FN:17,(anonymous_0)
FN:52,(anonymous_1)
FN:64,(anonymous_2)
FN:76,(anonymous_3)
FN:91,(anonymous_4)
FN:102,(anonymous_5)
FN:114,(anonymous_6)
FN:124,(anonymous_7)
FN:134,(anonymous_8)
FN:144,(anonymous_9)
FN:159,(anonymous_10)
FN:189,(anonymous_11)
FNF:12
FNH:12
FNDA:8,(anonymous_0)
FNDA:8,(anonymous_1)
FNDA:2,(anonymous_2)
FNDA:2,(anonymous_3)
FNDA:2,(anonymous_4)
FNDA:2,(anonymous_5)
FNDA:2,(anonymous_6)
FNDA:1,(anonymous_7)
FNDA:1,(anonymous_8)
FNDA:3,(anonymous_9)
FNDA:3,(anonymous_10)
FNDA:10,(anonymous_11)
DA:12,3
DA:18,8
DA:19,8
DA:21,8
DA:22,3
DA:24,8
DA:25,3
DA:27,8
DA:28,2
DA:30,8
DA:31,2
DA:33,8
DA:34,2
DA:37,8
DA:38,8
DA:42,8
DA:43,6
DA:45,1
DA:53,8
DA:54,8
DA:55,2
DA:57,6
DA:65,2
DA:66,2
DA:67,1
DA:69,1
DA:80,2
DA:81,2
DA:82,1
DA:84,1
DA:92,2
DA:93,2
DA:95,1
DA:103,2
DA:104,2
DA:105,1
DA:107,0
DA:118,2
DA:128,1
DA:138,1
DA:145,3
DA:146,3
DA:147,1
DA:149,2
DA:150,1
DA:152,1
DA:162,3
DA:164,3
DA:165,2
DA:167,3
DA:168,2
DA:170,3
DA:171,2
DA:173,3
DA:174,1
DA:176,3
DA:177,1
DA:179,3
DA:180,1
DA:183,3
DA:190,10
DA:191,8
DA:193,8
DA:194,8
DA:195,8
DA:197,8
DA:198,2
DA:199,1
DA:205,1
LF:69
LH:68
BRDA:21,0,0,3
BRDA:21,0,1,5
BRDA:24,1,0,3
BRDA:24,1,1,5
BRDA:27,2,0,2
BRDA:27,2,1,6
BRDA:30,3,0,2
BRDA:30,3,1,6
BRDA:33,4,0,2
BRDA:33,4,1,6
BRDA:38,5,0,6
BRDA:38,5,1,2
BRDA:149,6,0,1
BRDA:149,6,1,1
BRDA:149,7,0,2
BRDA:149,7,1,2
BRDA:164,8,0,2
BRDA:164,8,1,1
BRDA:167,9,0,2
BRDA:167,9,1,1
BRDA:170,10,0,2
BRDA:170,10,1,1
BRDA:173,11,0,1
BRDA:173,11,1,2
BRDA:176,12,0,1
BRDA:176,12,1,2
BRDA:179,13,0,1
BRDA:179,13,1,2
BRDA:190,14,0,8
BRDA:190,14,1,2
BRDA:193,15,0,8
BRDA:193,15,1,0
BRDA:193,15,2,0
BRDA:194,16,0,8
BRDA:194,16,1,7
BRDA:195,17,0,8
BRDA:195,17,1,7
BRDA:198,18,0,1
BRDA:198,18,1,1
BRDA:208,19,0,1
BRDA:208,19,1,0
BRF:41
BRH:38
end_of_record
TN:
SF:src\test-utils\test-utils.tsx
FN:6,(anonymous_0)
FN:7,(anonymous_1)
FN:16,(anonymous_2)
FN:22,(anonymous_3)
FN:28,(anonymous_4)
FNF:5
FNH:4
FNDA:2,(anonymous_0)
FNDA:21,(anonymous_1)
FNDA:0,(anonymous_2)
FNDA:165,(anonymous_3)
FNDA:154,(anonymous_4)
DA:6,18
DA:7,21
DA:17,0
DA:22,18
DA:25,165
DA:28,18
DA:31,154
LF:7
LH:6
BRF:0
BRH:0
end_of_record
TN:
SF:src\test-utils\mocks\apiClientMock.ts
FN:13,(anonymous_0)
FN:22,(anonymous_1)
FN:27,(anonymous_2)
FN:32,(anonymous_3)
FNF:4
FNH:0
FNDA:0,(anonymous_0)
FNDA:0,(anonymous_1)
FNDA:0,(anonymous_2)
FNDA:0,(anonymous_3)
DA:4,0
DA:13,0
DA:14,0
DA:15,0
DA:16,0
DA:17,0
DA:18,0
DA:22,0
DA:23,0
DA:27,0
DA:28,0
DA:32,0
DA:36,0
LF:13
LH:0
BRF:0
BRH:0
end_of_record
TN:
SF:src\test-utils\mocks\mockData.ts
FNF:0
FNH:0
DA:2,8
DA:16,8
DA:45,8
DA:54,8
DA:63,8
DA:66,8
DA:72,8
DA:82,8
LF:8
LH:8
BRF:0
BRH:0
end_of_record
TN:
SF:src\test-utils\mocks\toastContextMock.ts
FN:15,(anonymous_0)
FN:26,(anonymous_1)
FN:27,(anonymous_2)
FN:28,(anonymous_3)
FN:29,(anonymous_4)
FN:30,(anonymous_5)
FN:31,(anonymous_6)
FNF:7
FNH:0
FNDA:0,(anonymous_0)
FNDA:0,(anonymous_1)
FNDA:0,(anonymous_2)
FNDA:0,(anonymous_3)
FNDA:0,(anonymous_4)
FNDA:0,(anonymous_5)
FNDA:0,(anonymous_6)
DA:4,0
DA:15,0
DA:16,0
DA:17,0
DA:18,0
DA:19,0
DA:20,0
DA:21,0
DA:22,0
DA:26,0
DA:27,0
DA:28,0
DA:29,0
DA:30,0
DA:31,0
LF:15
LH:0
BRF:0
BRH:0
end_of_record
TN:
SF:src\types\api.ts
FN:19,(anonymous_0)
FNF:1
FNH:1
FNDA:16,(anonymous_0)
DA:20,16
DA:21,16
DA:22,16
DA:23,16
DA:24,16
LF:5
LH:5
BRF:0
BRH:0
end_of_record
TN:
SF:src\types\asset.ts
FNF:0
FNH:0
LF:0
LH:0
BRF:0
BRH:0
end_of_record
TN:
SF:src\types\index.ts
FNF:0
FNH:0
LF:0
LH:0
BRF:0
BRH:0
end_of_record
TN:
SF:src\utils\apiClient.ts
FN:23,(anonymous_0)
FN:31,(anonymous_1)
FN:38,(anonymous_2)
FN:41,(anonymous_3)
FN:62,(anonymous_4)
FN:70,(anonymous_5)
FN:83,(anonymous_6)
FN:96,(anonymous_7)
FN:104,(anonymous_8)
FNF:9
FNH:0
FNDA:0,(anonymous_0)
FNDA:0,(anonymous_1)
FNDA:0,(anonymous_2)
FNDA:0,(anonymous_3)
FNDA:0,(anonymous_4)
FNDA:0,(anonymous_5)
FNDA:0,(anonymous_6)
FNDA:0,(anonymous_7)
FNDA:0,(anonymous_8)
DA:10,1
DA:13,1
DA:22,1
DA:29,0
DA:32,0
DA:37,1
DA:39,0
DA:43,0
DA:46,0
DA:47,0
DA:51,0
DA:56,0
DA:61,1
DA:66,0
DA:67,0
DA:75,0
DA:80,0
DA:88,0
DA:93,0
DA:100,0
DA:101,0
DA:109,0
DA:114,0
LF:23
LH:5
BRDA:10,0,0,1
BRDA:10,0,1,1
BRDA:46,1,0,0
BRDA:46,1,1,0
BRDA:51,2,0,0
BRDA:51,2,1,0
BRF:6
BRH:2
end_of_record
TN:
SF:src\utils\errorHandler.ts
FN:13,(anonymous_0)
FN:85,(anonymous_1)
FN:129,isAxiosError
FNF:3
FNH:3
FNDA:8,(anonymous_0)
FNDA:13,(anonymous_1)
FNDA:8,isAxiosError
DA:13,4
DA:15,8
DA:16,3
DA:17,3
DA:20,3
DA:25,1
DA:34,2
DA:35,1
DA:43,1
DA:44,1
DA:52,0
DA:60,5
DA:61,3
DA:68,2
DA:69,1
DA:76,1
DA:85,4
DA:87,13
DA:88,10
DA:90,1
DA:92,1
DA:94,1
DA:96,1
DA:98,1
DA:100,1
DA:102,1
DA:104,1
DA:106,1
DA:111,4
DA:112,4
DA:114,1
DA:116,1
DA:118,1
DA:123,1
DA:130,8
LF:35
LH:34
BRDA:15,0,0,3
BRDA:15,0,1,5
BRDA:20,1,0,1
BRDA:20,1,1,2
BRDA:21,2,0,3
BRDA:21,2,1,2
BRDA:21,2,2,1
BRDA:26,3,0,1
BRDA:26,3,1,0
BRDA:27,4,0,1
BRDA:27,4,1,0
BRDA:34,5,0,1
BRDA:34,5,1,1
BRDA:34,6,0,2
BRDA:34,6,1,1
BRDA:43,7,0,1
BRDA:43,7,1,0
BRDA:53,8,0,0
BRDA:53,8,1,0
BRDA:54,9,0,0
BRDA:54,9,1,0
BRDA:60,10,0,3
BRDA:60,10,1,2
BRDA:62,11,0,3
BRDA:62,11,1,0
BRDA:68,12,0,1
BRDA:68,12,1,1
BRDA:87,13,0,10
BRDA:87,13,1,3
BRDA:88,14,0,1
BRDA:88,14,1,1
BRDA:88,14,2,1
BRDA:88,14,3,1
BRDA:88,14,4,1
BRDA:88,14,5,1
BRDA:88,14,6,1
BRDA:88,14,7,1
BRDA:88,14,8,1
BRDA:111,15,0,4
BRDA:111,15,1,0
BRDA:112,16,0,1
BRDA:112,16,1,1
BRDA:112,16,2,1
BRDA:130,17,0,8
BRDA:130,17,1,7
BRF:45
BRH:36
end_of_record
TN:
SF:src\utils\globalErrorHandler.ts
FN:14,(anonymous_0)
FN:24,(anonymous_1)
FN:26,(anonymous_2)
FN:32,(anonymous_3)
FN:42,(anonymous_4)
FNF:5
FNH:2
FNDA:1,(anonymous_0)
FNDA:1,(anonymous_1)
FNDA:0,(anonymous_2)
FNDA:0,(anonymous_3)
FNDA:0,(anonymous_4)
DA:8,1
DA:14,1
DA:15,1
DA:18,1
DA:24,1
DA:26,1
DA:27,0
DA:32,1
DA:33,0
DA:42,1
DA:43,0
DA:46,0
DA:49,0
DA:50,0
LF:14
LH:8
BRDA:27,0,0,0
BRDA:27,0,1,0
BRDA:49,1,0,0
BRDA:49,1,1,0
BRF:4
BRH:0
end_of_record
