TN:
SF:src\App.tsx
FN:14,(anonymous_0)
FN:18,(anonymous_1)
FN:44,App
FNF:3
FNH:3
FNDA:1,(anonymous_0)
FNDA:1,(anonymous_1)
FNDA:1,App
DA:14,1
DA:15,1
DA:18,1
DA:19,1
DA:22,1
DA:45,1
LF:6
LH:6
BRF:0
BRH:0
end_of_record
TN:
SF:src\index.tsx
FNF:0
FNH:0
DA:6,0
DA:10,0
LF:2
LH:0
BRF:0
BRH:0
end_of_record
TN:
SF:src\components\AssetDetail.tsx
FN:12,(anonymous_0)
FN:19,(anonymous_1)
FN:23,(anonymous_2)
FN:30,(anonymous_3)
FN:50,(anonymous_4)
FNF:5
FNH:5
FNDA:16,(anonymous_0)
FNDA:48,(anonymous_1)
FNDA:16,(anonymous_2)
FNDA:32,(anonymous_3)
FNDA:1,(anonymous_4)
DA:12,2
DA:17,16
DA:19,16
DA:20,48
DA:23,16
DA:24,16
DA:30,16
DA:31,32
DA:33,26
DA:35,2
DA:37,2
DA:39,2
DA:41,0
DA:45,16
DA:50,1
LF:15
LH:14
BRDA:31,0,0,26
BRDA:31,0,1,2
BRDA:31,0,2,2
BRDA:31,0,3,2
BRDA:31,0,4,0
BRDA:90,1,0,16
BRDA:90,1,1,1
BRF:7
BRH:6
end_of_record
TN:
SF:src\components\AssetForm.tsx
FN:46,(anonymous_0)
FN:69,(anonymous_1)
FN:83,(anonymous_2)
FN:130,(anonymous_3)
FN:135,(anonymous_4)
FN:148,(anonymous_5)
FN:156,(anonymous_6)
FN:163,(anonymous_7)
FN:170,(anonymous_8)
FN:178,(anonymous_9)
FN:185,(anonymous_10)
FN:191,(anonymous_11)
FN:196,(anonymous_12)
FN:226,(anonymous_13)
FN:254,(anonymous_14)
FN:324,(anonymous_15)
FN:351,(anonymous_16)
FNF:17
FNH:0
FNDA:0,(anonymous_0)
FNDA:0,(anonymous_1)
FNDA:0,(anonymous_2)
FNDA:0,(anonymous_3)
FNDA:0,(anonymous_4)
FNDA:0,(anonymous_5)
FNDA:0,(anonymous_6)
FNDA:0,(anonymous_7)
FNDA:0,(anonymous_8)
FNDA:0,(anonymous_9)
FNDA:0,(anonymous_10)
FNDA:0,(anonymous_11)
FNDA:0,(anonymous_12)
FNDA:0,(anonymous_13)
FNDA:0,(anonymous_14)
FNDA:0,(anonymous_15)
FNDA:0,(anonymous_16)
DA:39,1
DA:46,1
DA:53,0
DA:55,0
DA:65,0
DA:66,0
DA:69,0
DA:70,0
DA:71,0
DA:83,0
DA:87,0
DA:89,0
DA:90,0
DA:91,0
DA:92,0
DA:95,0
DA:96,0
DA:97,0
DA:98,0
DA:101,0
DA:102,0
DA:103,0
DA:104,0
DA:107,0
DA:108,0
DA:109,0
DA:110,0
DA:111,0
DA:114,0
DA:115,0
DA:116,0
DA:117,0
DA:118,0
DA:119,0
DA:122,0
DA:123,0
DA:124,0
DA:125,0
DA:127,0
DA:130,0
DA:131,0
DA:132,0
DA:135,0
DA:136,0
DA:137,0
DA:138,0
DA:139,0
DA:140,0
DA:144,0
DA:145,0
DA:148,0
DA:153,0
DA:154,0
DA:156,0
DA:162,0
DA:163,0
DA:170,0
DA:175,0
DA:176,0
DA:178,0
DA:184,0
DA:185,0
DA:191,0
DA:192,0
DA:195,0
DA:196,0
DA:202,0
DA:204,0
DA:205,0
DA:208,0
DA:209,0
DA:219,0
DA:222,0
DA:226,0
DA:227,0
DA:229,0
DA:240,0
DA:250,0
DA:251,0
DA:254,0
DA:255,0
DA:258,0
DA:325,0
DA:352,0
LF:84
LH:2
BRDA:50,0,0,0
BRDA:51,1,0,0
BRDA:70,2,0,0
BRDA:70,2,1,0
BRDA:87,3,0,0
BRDA:87,3,1,0
BRDA:87,3,2,0
BRDA:87,3,3,0
BRDA:87,3,4,0
BRDA:87,3,5,0
BRDA:89,4,0,0
BRDA:89,4,1,0
BRDA:90,5,0,0
BRDA:90,5,1,0
BRDA:95,6,0,0
BRDA:95,6,1,0
BRDA:96,7,0,0
BRDA:96,7,1,0
BRDA:101,8,0,0
BRDA:101,8,1,0
BRDA:102,9,0,0
BRDA:102,9,1,0
BRDA:107,10,0,0
BRDA:107,10,1,0
BRDA:109,11,0,0
BRDA:109,11,1,0
BRDA:110,12,0,0
BRDA:110,12,1,0
BRDA:114,13,0,0
BRDA:114,13,1,0
BRDA:116,14,0,0
BRDA:116,14,1,0
BRDA:117,15,0,0
BRDA:117,15,1,0
BRDA:118,16,0,0
BRDA:118,16,1,0
BRDA:122,17,0,0
BRDA:122,17,1,0
BRDA:123,18,0,0
BRDA:123,18,1,0
BRDA:138,19,0,0
BRDA:138,19,1,0
BRDA:162,20,0,0
BRDA:162,20,1,0
BRDA:204,21,0,0
BRDA:204,21,1,0
BRDA:227,22,0,0
BRDA:227,22,1,0
BRDA:255,23,0,0
BRDA:255,23,1,0
BRDA:272,24,0,0
BRDA:272,24,1,0
BRDA:277,25,0,0
BRDA:277,25,1,0
BRDA:293,26,0,0
BRDA:293,26,1,0
BRDA:299,27,0,0
BRDA:299,27,1,0
BRDA:318,28,0,0
BRDA:318,28,1,0
BRDA:320,29,0,0
BRDA:320,29,1,0
BRDA:330,30,0,0
BRDA:330,30,1,0
BRDA:346,31,0,0
BRDA:346,31,1,0
BRDA:357,32,0,0
BRDA:357,32,1,0
BRDA:375,33,0,0
BRDA:375,33,1,0
BRDA:381,34,0,0
BRDA:381,34,1,0
BRDA:401,35,0,0
BRDA:401,35,1,0
BRDA:406,36,0,0
BRDA:406,36,1,0
BRDA:425,37,0,0
BRDA:425,37,1,0
BRDA:433,38,0,0
BRDA:433,38,1,0
BRDA:459,39,0,0
BRDA:459,39,1,0
BRF:82
BRH:0
end_of_record
TN:
SF:src\components\AssetList.tsx
FN:12,(anonymous_0)
FN:25,(anonymous_1)
FN:33,(anonymous_2)
FN:42,(anonymous_3)
FN:49,(anonymous_4)
FN:58,(anonymous_5)
FN:65,(anonymous_6)
FN:69,(anonymous_7)
FN:89,(anonymous_8)
FN:141,(anonymous_9)
FN:144,(anonymous_10)
FN:145,(anonymous_11)
FN:178,(anonymous_12)
FN:186,(anonymous_13)
FN:201,(anonymous_14)
FN:213,(anonymous_15)
FNF:16
FNH:3
FNDA:69,(anonymous_0)
FNDA:0,(anonymous_1)
FNDA:0,(anonymous_2)
FNDA:0,(anonymous_3)
FNDA:0,(anonymous_4)
FNDA:0,(anonymous_5)
FNDA:0,(anonymous_6)
FNDA:0,(anonymous_7)
FNDA:1,(anonymous_8)
FNDA:0,(anonymous_9)
FNDA:0,(anonymous_10)
FNDA:0,(anonymous_11)
FNDA:0,(anonymous_12)
FNDA:2,(anonymous_13)
FNDA:0,(anonymous_14)
FNDA:0,(anonymous_15)
DA:12,2
DA:13,69
DA:14,69
DA:21,69
DA:22,69
DA:24,69
DA:26,0
DA:27,0
DA:32,69
DA:34,0
DA:35,0
DA:36,0
DA:41,69
DA:43,0
DA:48,69
DA:50,0
DA:51,0
DA:52,0
DA:58,69
DA:59,0
DA:65,69
DA:66,0
DA:69,69
DA:70,0
DA:72,0
DA:74,0
DA:76,0
DA:78,0
DA:80,0
DA:84,69
DA:85,1
DA:89,1
DA:96,68
DA:142,0
DA:144,0
DA:145,0
DA:178,0
DA:188,2
DA:189,2
DA:190,0
DA:191,0
DA:192,0
DA:193,0
DA:195,0
DA:198,2
DA:201,0
DA:213,0
LF:47
LH:19
BRDA:15,0,0,69
BRDA:15,0,1,65
BRDA:50,1,0,0
BRDA:50,1,1,0
BRDA:50,2,0,0
BRDA:50,2,1,0
BRDA:70,3,0,0
BRDA:70,3,1,0
BRDA:70,3,2,0
BRDA:70,3,3,0
BRDA:70,3,4,0
BRDA:84,4,0,1
BRDA:84,4,1,68
BRDA:107,5,0,68
BRDA:107,5,1,2
BRDA:115,6,0,68
BRDA:115,6,1,66
BRDA:134,7,0,2
BRDA:134,7,1,0
BRDA:169,8,0,2
BRDA:169,8,1,1
BRDA:188,9,0,2
BRDA:188,9,1,0
BRDA:190,10,0,0
BRDA:190,10,1,0
BRDA:192,11,0,0
BRDA:192,11,1,0
BRDA:203,12,0,1
BRDA:203,12,1,1
BRF:29
BRH:14
end_of_record
TN:
SF:src\components\Button.tsx
FN:14,(anonymous_0)
FNF:1
FNH:1
FNDA:10,(anonymous_0)
DA:14,1
DA:27,10
DA:38,10
LF:3
LH:3
BRDA:16,0,0,9
BRDA:17,1,0,9
BRDA:18,2,0,8
BRDA:21,3,0,8
BRDA:22,4,0,9
BRDA:24,5,0,9
BRDA:31,6,0,1
BRDA:31,6,1,9
BRDA:32,7,0,2
BRDA:32,7,1,8
BRDA:41,8,0,10
BRDA:41,8,1,8
BRDA:42,9,0,2
BRDA:42,9,1,8
BRDA:45,10,0,10
BRDA:45,10,1,2
BRDA:52,11,0,10
BRDA:52,11,1,2
BRDA:52,11,2,1
BRDA:57,12,0,1
BRDA:57,12,1,9
BRDA:57,13,0,10
BRDA:57,13,1,2
BRDA:60,14,0,10
BRDA:60,14,1,2
BRDA:60,14,2,1
BRF:26
BRH:26
end_of_record
TN:
SF:src\components\ConfirmDialog.tsx
FN:17,(anonymous_0)
FN:34,(anonymous_1)
FN:50,(anonymous_2)
FN:51,(anonymous_3)
FN:58,(anonymous_4)
FN:64,(anonymous_5)
FN:65,(anonymous_6)
FN:100,(anonymous_7)
FN:106,(anonymous_8)
FN:113,(anonymous_9)
FN:120,(anonymous_10)
FNF:11
FNH:9
FNDA:8,(anonymous_0)
FNDA:8,(anonymous_1)
FNDA:8,(anonymous_2)
FNDA:0,(anonymous_3)
FNDA:8,(anonymous_4)
FNDA:8,(anonymous_5)
FNDA:0,(anonymous_6)
FNDA:8,(anonymous_7)
FNDA:8,(anonymous_8)
FNDA:8,(anonymous_9)
FNDA:2,(anonymous_10)
DA:17,2
DA:29,8
DA:30,8
DA:31,8
DA:34,8
DA:35,8
DA:37,7
DA:40,7
DA:41,7
DA:43,1
DA:45,0
DA:50,8
DA:51,8
DA:52,0
DA:53,0
DA:57,8
DA:58,8
DA:59,8
DA:64,8
DA:65,8
DA:66,0
DA:68,0
DA:72,0
DA:74,0
DA:75,0
DA:80,0
DA:85,0
DA:86,0
DA:89,0
DA:94,0
DA:95,0
DA:99,8
DA:100,8
DA:101,8
DA:106,8
DA:107,8
DA:108,7
DA:110,1
DA:113,8
DA:114,8
DA:118,8
DA:120,7
DA:121,2
DA:122,0
DA:126,7
LF:45
LH:30
BRDA:21,0,0,7
BRDA:22,1,0,7
BRDA:25,2,0,8
BRDA:26,3,0,7
BRDA:27,4,0,7
BRDA:35,5,0,7
BRDA:35,5,1,1
BRDA:40,6,0,7
BRDA:40,6,1,0
BRDA:43,7,0,0
BRDA:43,7,1,1
BRDA:52,8,0,0
BRDA:52,8,1,0
BRDA:52,9,0,0
BRDA:52,9,1,0
BRDA:66,10,0,0
BRDA:66,10,1,0
BRDA:66,11,0,0
BRDA:66,11,1,0
BRDA:72,12,0,0
BRDA:72,12,1,0
BRDA:80,13,0,0
BRDA:80,13,1,0
BRDA:81,14,0,0
BRDA:81,14,1,0
BRDA:81,14,2,0
BRDA:89,15,0,0
BRDA:89,15,1,0
BRDA:90,16,0,0
BRDA:90,16,1,0
BRDA:90,16,2,0
BRDA:107,17,0,7
BRDA:107,17,1,1
BRDA:118,18,0,1
BRDA:118,18,1,7
BRDA:121,19,0,0
BRDA:121,19,1,2
BRDA:153,20,0,1
BRDA:153,20,1,6
BRDA:154,21,0,1
BRDA:154,21,1,6
BRF:41
BRH:18
end_of_record
TN:
SF:src\components\ErrorBoundary.tsx
FN:20,(anonymous_0)
FN:28,(anonymous_1)
FN:33,(anonymous_2)
FN:38,(anonymous_3)
FN:56,(anonymous_4)
FN:59,(anonymous_5)
FN:63,(anonymous_6)
FN:103,(anonymous_7)
FNF:8
FNH:6
FNDA:16,(anonymous_0)
FNDA:8,(anonymous_1)
FNDA:4,(anonymous_2)
FNDA:23,(anonymous_3)
FNDA:6,(anonymous_4)
FNDA:0,(anonymous_5)
FNDA:0,(anonymous_6)
FNDA:16,(anonymous_7)
DA:21,16
DA:22,15
DA:30,8
DA:35,4
DA:39,23
DA:41,8
DA:42,2
DA:45,6
DA:48,15
DA:56,3
DA:57,6
DA:59,6
DA:60,0
DA:63,6
DA:64,0
DA:65,0
DA:68,6
DA:103,3
DA:104,16
LF:19
LH:16
BRDA:39,0,0,8
BRDA:39,0,1,15
BRDA:41,1,0,2
BRDA:41,1,1,6
BRDA:75,2,0,6
BRDA:75,2,1,6
BRF:6
BRH:6
end_of_record
TN:
SF:src\components\ErrorDisplay.tsx
FN:15,(anonymous_0)
FN:47,(anonymous_1)
FNF:2
FNH:2
FNDA:7,(anonymous_0)
FNDA:2,(anonymous_1)
DA:15,2
DA:24,7
DA:48,2
LF:3
LH:3
BRDA:17,0,0,6
BRDA:21,1,0,7
BRDA:22,2,0,7
BRDA:44,3,0,7
BRDA:44,3,1,7
BRDA:45,4,0,7
BRDA:45,4,1,1
BRDA:55,5,0,7
BRDA:55,5,1,1
BRDA:64,6,0,7
BRDA:64,6,1,0
BRDA:73,7,0,7
BRDA:73,7,1,0
BRF:13
BRH:11
end_of_record
TN:
SF:src\components\FormErrorMessage.tsx
FN:9,(anonymous_0)
FNF:1
FNH:1
FNDA:12,(anonymous_0)
DA:9,2
DA:10,12
DA:12,5
LF:3
LH:3
BRDA:10,0,0,7
BRDA:10,0,1,5
BRF:2
BRH:2
end_of_record
TN:
SF:src\components\FormField.tsx
FN:14,(anonymous_0)
FN:26,(anonymous_1)
FNF:2
FNH:2
FNDA:9,(anonymous_0)
FNDA:9,(anonymous_1)
DA:14,1
DA:22,9
DA:23,9
DA:26,9
DA:27,9
DA:28,9
DA:35,0
DA:38,9
LF:8
LH:7
BRDA:18,0,0,8
BRDA:27,1,0,9
BRDA:27,1,1,0
BRDA:30,2,0,3
BRDA:30,2,1,6
BRDA:31,3,0,3
BRDA:31,3,1,6
BRDA:31,4,0,1
BRDA:31,4,1,5
BRDA:39,5,0,3
BRDA:39,5,1,6
BRDA:42,6,0,9
BRDA:42,6,1,1
BRDA:45,7,0,9
BRDA:45,7,1,1
BRDA:53,8,0,9
BRDA:53,8,1,6
BRF:17
BRH:16
end_of_record
TN:
SF:src\components\Layout.tsx
FN:9,(anonymous_0)
FN:15,(anonymous_1)
FN:16,(anonymous_2)
FN:21,(anonymous_3)
FN:27,(anonymous_4)
FN:31,(anonymous_5)
FN:36,(anonymous_6)
FN:43,(anonymous_7)
FN:44,(anonymous_8)
FN:51,(anonymous_9)
FNF:10
FNH:6
FNDA:8,(anonymous_0)
FNDA:8,(anonymous_1)
FNDA:0,(anonymous_2)
FNDA:8,(anonymous_3)
FNDA:8,(anonymous_4)
FNDA:0,(anonymous_5)
FNDA:0,(anonymous_6)
FNDA:8,(anonymous_7)
FNDA:0,(anonymous_8)
FNDA:8,(anonymous_9)
DA:9,2
DA:10,8
DA:11,8
DA:12,8
DA:15,8
DA:16,8
DA:17,0
DA:20,8
DA:21,8
DA:22,8
DA:27,8
DA:28,8
DA:31,8
DA:32,0
DA:36,8
DA:37,0
DA:38,0
DA:43,8
DA:44,8
DA:45,0
DA:46,0
DA:50,8
DA:51,8
DA:52,8
DA:56,8
LF:25
LH:19
BRDA:37,0,0,0
BRDA:37,0,1,0
BRDA:45,1,0,0
BRDA:45,1,1,0
BRDA:45,2,0,0
BRDA:45,2,1,0
BRDA:58,3,0,0
BRDA:58,3,1,8
BRDA:73,4,0,0
BRDA:73,4,1,8
BRDA:75,5,0,0
BRDA:75,5,1,8
BRDA:78,6,0,0
BRDA:78,6,1,8
BRDA:86,7,0,8
BRDA:86,7,1,0
BRDA:86,8,0,8
BRDA:86,8,1,8
BRDA:92,9,0,8
BRDA:92,9,1,0
BRDA:92,10,0,8
BRDA:92,10,1,8
BRDA:105,11,0,0
BRDA:105,11,1,8
BRDA:109,12,0,0
BRDA:109,12,1,8
BRF:26
BRH:12
end_of_record
TN:
SF:src\components\LoadingIndicator.tsx
FN:14,(anonymous_0)
FNF:1
FNH:1
FNDA:7,(anonymous_0)
DA:14,3
DA:23,7
DA:24,7
DA:25,7
DA:29,7
LF:5
LH:5
BRDA:15,0,0,6
BRDA:16,1,0,6
BRDA:17,2,0,6
BRDA:18,3,0,6
BRDA:19,4,0,7
BRDA:20,5,0,7
BRDA:21,6,0,6
BRDA:23,7,0,1
BRDA:23,7,1,6
BRDA:24,8,0,1
BRDA:24,8,1,6
BRDA:25,9,0,0
BRDA:25,9,1,7
BRDA:26,10,0,0
BRDA:26,10,1,7
BRDA:39,11,0,7
BRDA:39,11,1,6
BRDA:39,11,2,6
BRDA:40,12,0,7
BRDA:40,12,1,6
BRF:20
BRH:18
end_of_record
TN:
SF:src\components\SearchFilter.tsx
FN:13,(anonymous_0)
FN:25,(anonymous_1)
FN:36,(anonymous_2)
FN:41,(anonymous_3)
FN:53,(anonymous_4)
FN:64,(anonymous_5)
FN:107,(anonymous_6)
FN:127,(anonymous_7)
FN:133,(anonymous_8)
FN:151,(anonymous_9)
FN:178,(anonymous_10)
FN:198,(anonymous_11)
FN:210,(anonymous_12)
FNF:13
FNH:12
FNDA:18,(anonymous_0)
FNDA:17,(anonymous_1)
FNDA:1,(anonymous_2)
FNDA:2,(anonymous_3)
FNDA:2,(anonymous_4)
FNDA:0,(anonymous_5)
FNDA:1,(anonymous_6)
FNDA:1,(anonymous_7)
FNDA:80,(anonymous_8)
FNDA:1,(anonymous_9)
FNDA:1,(anonymous_10)
FNDA:1,(anonymous_11)
FNDA:1,(anonymous_12)
DA:13,3
DA:19,18
DA:22,18
DA:25,18
DA:26,17
DA:27,3
DA:32,3
DA:36,18
DA:37,1
DA:40,18
DA:42,2
DA:47,2
DA:52,18
DA:54,2
DA:59,2
DA:64,18
DA:65,0
DA:66,0
DA:70,0
DA:73,18
DA:79,18
DA:107,1
DA:127,1
DA:134,80
DA:151,1
DA:179,1
DA:180,1
DA:185,1
DA:198,1
DA:210,1
LF:30
LH:27
BRDA:17,0,0,13
BRDA:19,1,0,18
BRDA:19,1,1,13
BRDA:26,2,0,3
BRDA:26,2,1,14
BRDA:26,3,0,17
BRDA:26,3,1,12
BRDA:29,4,0,3
BRDA:29,4,1,2
BRDA:44,5,0,2
BRDA:44,5,1,1
BRDA:56,6,0,2
BRDA:56,6,1,1
BRDA:68,7,0,0
BRDA:68,7,1,0
BRDA:74,8,0,18
BRDA:74,8,1,13
BRDA:74,8,2,12
BRDA:83,9,0,18
BRDA:83,9,1,7
BRDA:126,10,0,18
BRDA:126,10,1,15
BRDA:150,11,0,18
BRDA:150,11,1,15
BRDA:170,12,0,18
BRDA:170,12,1,7
BRDA:174,13,0,7
BRDA:174,13,1,5
BRDA:194,14,0,7
BRDA:194,14,1,3
BRDA:206,15,0,7
BRDA:206,15,1,3
BRF:32
BRH:30
end_of_record
TN:
SF:src\components\Toast.tsx
FN:14,(anonymous_0)
FN:24,(anonymous_1)
FN:31,(anonymous_2)
FN:33,(anonymous_3)
FN:39,(anonymous_4)
FN:45,(anonymous_5)
FN:49,(anonymous_6)
FN:53,(anonymous_7)
FN:58,(anonymous_8)
FN:111,(anonymous_9)
FN:119,(anonymous_10)
FNF:11
FNH:11
FNDA:31,(anonymous_0)
FNDA:23,(anonymous_1)
FNDA:14,(anonymous_2)
FNDA:4,(anonymous_3)
FNDA:22,(anonymous_4)
FNDA:2,(anonymous_5)
FNDA:1,(anonymous_6)
FNDA:1,(anonymous_7)
FNDA:31,(anonymous_8)
FNDA:181,(anonymous_9)
FNDA:15,(anonymous_10)
DA:14,17
DA:21,31
DA:22,31
DA:24,31
DA:25,23
DA:30,22
DA:31,21
DA:32,14
DA:33,14
DA:34,4
DA:39,22
DA:40,22
DA:41,22
DA:45,31
DA:46,2
DA:49,31
DA:50,1
DA:53,31
DA:54,1
DA:58,31
DA:59,31
DA:61,21
DA:63,6
DA:65,1
DA:67,3
DA:69,0
DA:73,31
DA:111,17
DA:115,181
DA:117,12
DA:120,15
LF:31
LH:30
BRDA:18,0,0,7
BRDA:25,1,0,1
BRDA:25,1,1,22
BRDA:30,2,0,21
BRDA:30,2,1,1
BRDA:40,3,0,21
BRDA:40,3,1,1
BRDA:41,4,0,14
BRDA:41,4,1,8
BRDA:59,5,0,21
BRDA:59,5,1,6
BRDA:59,5,2,1
BRDA:59,5,3,3
BRDA:59,5,4,0
BRDA:75,6,0,4
BRDA:75,6,1,27
BRDA:115,7,0,169
BRDA:115,7,1,12
BRF:18
BRH:17
end_of_record
TN:
SF:src\components\withErrorHandling.tsx
FN:18,withErrorHandling
FN:22,WithErrorHandling
FN:28,(anonymous_2)
FN:36,(anonymous_3)
FNF:4
FNH:4
FNDA:5,withErrorHandling
FNDA:5,WithErrorHandling
FNDA:5,(anonymous_2)
FNDA:5,(anonymous_3)
DA:22,5
DA:23,5
DA:24,5
DA:25,5
DA:28,5
DA:29,5
DA:30,0
DA:31,0
DA:36,5
DA:37,5
DA:38,5
DA:42,5
DA:43,0
DA:46,5
LF:14
LH:11
BRDA:20,0,0,5
BRDA:29,1,0,0
BRDA:29,1,1,5
BRDA:29,2,0,5
BRDA:29,2,1,0
BRDA:37,3,0,5
BRDA:37,3,1,0
BRDA:42,4,0,0
BRDA:42,4,1,5
BRF:9
BRH:5
end_of_record
TN:
SF:src\contexts\ToastContext.tsx
FN:27,(anonymous_0)
FN:35,(anonymous_1)
FN:41,(anonymous_2)
FN:43,(anonymous_3)
FN:45,(anonymous_4)
FN:52,(anonymous_5)
FN:53,(anonymous_6)
FN:53,(anonymous_7)
FN:56,(anonymous_8)
FN:62,(anonymous_9)
FN:69,(anonymous_10)
FN:78,(anonymous_11)
FN:85,(anonymous_12)
FNF:13
FNH:9
FNDA:46,(anonymous_0)
FNDA:181,(anonymous_1)
FNDA:16,(anonymous_2)
FNDA:16,(anonymous_3)
FNDA:0,(anonymous_4)
FNDA:3,(anonymous_5)
FNDA:3,(anonymous_6)
FNDA:4,(anonymous_7)
FNDA:0,(anonymous_8)
FNDA:1,(anonymous_9)
FNDA:6,(anonymous_10)
FNDA:0,(anonymous_11)
FNDA:0,(anonymous_12)
DA:25,17
DA:27,17
DA:28,46
DA:29,45
DA:30,0
DA:32,45
DA:35,17
DA:38,181
DA:40,181
DA:42,16
DA:43,16
DA:47,16
DA:52,181
DA:53,4
DA:56,181
DA:57,0
DA:61,181
DA:63,1
DA:68,181
DA:70,6
DA:71,6
DA:72,6
DA:77,181
DA:79,0
DA:84,181
DA:86,0
DA:91,181
DA:101,181
LF:28
LH:24
BRDA:29,0,0,0
BRDA:29,0,1,45
BRDA:41,1,0,9
BRDA:69,2,0,6
BRF:4
BRH:3
end_of_record
TN:
SF:src\examples\AssetApiUsage.tsx
FN:16,(anonymous_0)
FN:69,(anonymous_1)
FN:87,(anonymous_2)
FN:104,(anonymous_3)
FN:115,(anonymous_4)
FN:116,(anonymous_5)
FN:130,(anonymous_6)
FN:144,(anonymous_7)
FN:147,(anonymous_8)
FN:150,(anonymous_9)
FN:157,(anonymous_10)
FN:185,(anonymous_11)
FN:192,(anonymous_12)
FNF:13
FNH:0
FNDA:0,(anonymous_0)
FNDA:0,(anonymous_1)
FNDA:0,(anonymous_2)
FNDA:0,(anonymous_3)
FNDA:0,(anonymous_4)
FNDA:0,(anonymous_5)
FNDA:0,(anonymous_6)
FNDA:0,(anonymous_7)
FNDA:0,(anonymous_8)
FNDA:0,(anonymous_9)
FNDA:0,(anonymous_10)
FNDA:0,(anonymous_11)
FNDA:0,(anonymous_12)
DA:16,0
DA:17,0
DA:18,0
DA:30,0
DA:38,0
DA:45,0
DA:52,0
DA:59,0
DA:66,0
DA:69,0
DA:70,0
DA:80,0
DA:81,0
DA:82,0
DA:83,0
DA:87,0
DA:88,0
DA:90,0
DA:96,0
DA:97,0
DA:98,0
DA:99,0
DA:100,0
DA:104,0
DA:105,0
DA:107,0
DA:108,0
DA:109,0
DA:110,0
DA:111,0
DA:115,0
DA:116,0
DA:119,0
DA:131,0
DA:144,0
DA:147,0
DA:151,0
DA:157,0
DA:186,0
DA:192,0
LF:40
LH:0
BRDA:81,0,0,0
BRDA:81,0,1,0
BRDA:88,1,0,0
BRDA:88,1,1,0
BRDA:97,2,0,0
BRDA:97,2,1,0
BRDA:105,3,0,0
BRDA:105,3,1,0
BRDA:108,4,0,0
BRDA:108,4,1,0
BRDA:126,5,0,0
BRDA:126,5,1,0
BRDA:127,6,0,0
BRDA:127,6,1,0
BRDA:128,7,0,0
BRDA:128,7,1,0
BRDA:171,8,0,0
BRDA:171,8,1,0
BRDA:172,9,0,0
BRDA:172,9,1,0
BRDA:173,10,0,0
BRDA:173,10,1,0
BRDA:206,11,0,0
BRDA:206,11,1,0
BRDA:207,12,0,0
BRDA:207,12,1,0
BRDA:208,13,0,0
BRDA:208,13,1,0
BRDA:237,14,0,0
BRDA:237,14,1,0
BRDA:239,15,0,0
BRDA:239,15,1,0
BRDA:243,16,0,0
BRDA:243,16,1,0
BRDA:245,17,0,0
BRDA:245,17,1,0
BRDA:247,18,0,0
BRDA:247,18,1,0
BRDA:251,19,0,0
BRDA:251,19,1,0
BRDA:253,20,0,0
BRDA:253,20,1,0
BRDA:255,21,0,0
BRDA:255,21,1,0
BRF:44
BRH:0
end_of_record
TN:
SF:src\hooks\useAssets.ts
FN:26,(anonymous_0)
FN:37,(anonymous_1)
FN:55,(anonymous_2)
FN:80,(anonymous_3)
FN:85,(anonymous_4)
FN:103,(anonymous_5)
FN:126,(anonymous_6)
FN:131,(anonymous_7)
FN:168,(anonymous_8)
FN:173,(anonymous_9)
FN:210,(anonymous_10)
FN:214,(anonymous_11)
FN:250,(anonymous_12)
FN:255,(anonymous_13)
FN:273,(anonymous_14)
FNF:15
FNH:15
FNDA:10,(anonymous_0)
FNDA:4,(anonymous_1)
FNDA:4,(anonymous_2)
FNDA:11,(anonymous_3)
FNDA:4,(anonymous_4)
FNDA:4,(anonymous_5)
FNDA:4,(anonymous_6)
FNDA:2,(anonymous_7)
FNDA:4,(anonymous_8)
FNDA:2,(anonymous_9)
FNDA:4,(anonymous_10)
FNDA:2,(anonymous_11)
FNDA:12,(anonymous_12)
FNDA:5,(anonymous_13)
FNDA:4,(anonymous_14)
DA:26,2
DA:27,10
DA:34,10
DA:35,10
DA:37,10
DA:38,4
DA:39,4
DA:41,4
DA:42,4
DA:43,2
DA:45,1
DA:46,1
DA:48,0
DA:51,3
DA:55,10
DA:56,4
DA:59,10
DA:80,2
DA:81,11
DA:82,11
DA:83,11
DA:85,11
DA:86,4
DA:87,4
DA:89,4
DA:90,4
DA:91,3
DA:93,1
DA:94,1
DA:96,0
DA:99,4
DA:103,11
DA:104,4
DA:105,3
DA:109,11
DA:126,2
DA:127,4
DA:128,4
DA:130,4
DA:132,2
DA:133,2
DA:135,2
DA:136,2
DA:137,1
DA:139,1
DA:140,1
DA:142,0
DA:144,1
DA:146,2
DA:152,4
DA:168,2
DA:169,4
DA:170,4
DA:172,4
DA:174,2
DA:175,2
DA:177,2
DA:178,2
DA:179,1
DA:181,1
DA:182,1
DA:184,0
DA:186,1
DA:188,2
DA:194,4
DA:210,2
DA:211,4
DA:212,4
DA:214,4
DA:215,2
DA:216,2
DA:218,2
DA:219,2
DA:220,1
DA:222,1
DA:223,1
DA:225,0
DA:227,1
DA:229,2
DA:233,4
DA:250,2
DA:251,12
DA:252,12
DA:253,12
DA:255,12
DA:256,5
DA:257,5
DA:259,5
DA:260,5
DA:261,3
DA:263,1
DA:264,1
DA:266,0
DA:269,4
DA:273,12
DA:274,4
DA:277,12
LF:97
LH:91
BRDA:45,0,0,1
BRDA:45,0,1,0
BRDA:93,1,0,1
BRDA:93,1,1,0
BRDA:104,2,0,3
BRDA:104,2,1,1
BRDA:139,3,0,1
BRDA:139,3,1,0
BRDA:181,4,0,1
BRDA:181,4,1,0
BRDA:222,5,0,1
BRDA:222,5,1,0
BRDA:263,6,0,1
BRDA:263,6,1,0
BRF:14
BRH:8
end_of_record
TN:
SF:src\hooks\useDebounce.ts
FN:9,useDebounce
FN:12,(anonymous_1)
FN:13,(anonymous_2)
FN:17,(anonymous_3)
FNF:4
FNH:4
FNDA:35,useDebounce
FNDA:25,(anonymous_1)
FNDA:9,(anonymous_2)
FNDA:25,(anonymous_3)
DA:10,35
DA:12,35
DA:13,25
DA:14,9
DA:17,25
DA:18,25
DA:22,35
LF:7
LH:7
BRF:0
BRH:0
end_of_record
TN:
SF:src\hooks\useFormSubmit.ts
FN:17,useFormSubmit
FN:26,(anonymous_1)
FN:60,(anonymous_2)
FNF:3
FNH:2
FNDA:6,useFormSubmit
FNDA:5,(anonymous_1)
FNDA:0,(anonymous_2)
DA:21,6
DA:22,6
DA:23,6
DA:25,6
DA:27,5
DA:28,5
DA:29,5
DA:31,5
DA:33,0
DA:34,0
DA:37,0
DA:38,0
DA:41,0
DA:43,5
DA:44,5
DA:46,5
DA:48,5
DA:49,0
DA:52,5
DA:54,5
DA:60,6
DA:61,0
DA:64,6
LF:23
LH:16
BRDA:19,0,0,6
BRDA:33,1,0,0
BRDA:33,1,1,0
BRDA:37,2,0,0
BRDA:37,2,1,0
BRDA:48,3,0,0
BRDA:48,3,1,5
BRF:7
BRH:2
end_of_record
TN:
SF:src\pages\AssetDetailPage.tsx
FN:11,(anonymous_0)
FN:29,(anonymous_1)
FN:42,(anonymous_2)
FN:72,(anonymous_3)
FN:82,(anonymous_4)
FN:87,(anonymous_5)
FN:92,(anonymous_6)
FN:114,(anonymous_7)
FNF:8
FNH:6
FNDA:18,(anonymous_0)
FNDA:10,(anonymous_1)
FNDA:0,(anonymous_2)
FNDA:0,(anonymous_3)
FNDA:1,(anonymous_4)
FNDA:4,(anonymous_5)
FNDA:2,(anonymous_6)
FNDA:1,(anonymous_7)
DA:11,2
DA:12,18
DA:13,18
DA:14,18
DA:15,17
DA:18,17
DA:19,17
DA:21,17
DA:26,17
DA:29,17
DA:30,10
DA:31,1
DA:36,17
DA:37,0
DA:42,0
DA:50,17
DA:51,1
DA:59,16
DA:61,2
DA:63,2
DA:72,0
DA:82,14
DA:83,1
DA:87,14
DA:88,4
DA:92,14
DA:93,2
DA:94,2
DA:95,2
DA:97,1
DA:99,1
DA:101,1
DA:103,1
DA:104,0
DA:108,0
DA:109,0
DA:114,14
DA:115,1
DA:118,14
LF:39
LH:33
BRDA:18,0,0,17
BRDA:18,0,1,0
BRDA:19,1,0,17
BRDA:19,1,1,17
BRDA:21,2,0,17
BRDA:21,2,1,0
BRDA:30,3,0,1
BRDA:30,3,1,9
BRDA:36,4,0,0
BRDA:36,4,1,17
BRDA:50,5,0,1
BRDA:50,5,1,16
BRDA:59,6,0,2
BRDA:59,6,1,14
BRDA:59,7,0,16
BRDA:59,7,1,14
BRDA:61,8,0,2
BRDA:61,8,1,2
BRDA:61,8,2,1
BRDA:66,9,0,2
BRDA:66,9,1,0
BRDA:68,10,0,2
BRDA:68,10,1,0
BRDA:70,11,0,0
BRDA:70,11,1,0
BRDA:74,12,0,0
BRDA:74,12,1,2
BRDA:95,13,0,1
BRDA:95,13,1,1
BRDA:103,14,0,0
BRDA:103,14,1,1
BRDA:126,15,0,1
BRDA:126,15,1,13
BRF:33
BRH:24
end_of_record
TN:
SF:src\pages\AssetListPage.tsx
FN:5,(anonymous_0)
FN:8,(anonymous_1)
FN:38,(anonymous_2)
FN:41,(anonymous_3)
FNF:4
FNH:1
FNDA:1,(anonymous_0)
FNDA:0,(anonymous_1)
FNDA:0,(anonymous_2)
FNDA:0,(anonymous_3)
DA:5,1
DA:6,1
DA:8,1
DA:9,0
DA:12,1
DA:39,0
DA:42,0
LF:7
LH:4
BRF:0
BRH:0
end_of_record
TN:
SF:src\pages\CreateAssetPage.tsx
FN:8,(anonymous_0)
FN:12,(anonymous_1)
FN:20,(anonymous_2)
FNF:3
FNH:0
FNDA:0,(anonymous_0)
FNDA:0,(anonymous_1)
FNDA:0,(anonymous_2)
DA:8,1
DA:9,0
DA:10,0
DA:12,0
DA:13,0
DA:14,0
DA:16,0
DA:20,0
DA:21,0
DA:24,0
LF:10
LH:1
BRDA:14,0,0,0
BRDA:14,0,1,0
BRDA:31,1,0,0
BRDA:31,1,1,0
BRF:4
BRH:0
end_of_record
TN:
SF:src\pages\EditAssetPage.tsx
FN:8,(anonymous_0)
FN:20,(anonymous_1)
FN:28,(anonymous_2)
FN:51,(anonymous_3)
FNF:4
FNH:0
FNDA:0,(anonymous_0)
FNDA:0,(anonymous_1)
FNDA:0,(anonymous_2)
FNDA:0,(anonymous_3)
DA:8,1
DA:9,0
DA:10,0
DA:11,0
DA:13,0
DA:18,0
DA:20,0
DA:21,0
DA:22,0
DA:24,0
DA:28,0
DA:29,0
DA:33,0
DA:34,0
DA:44,0
DA:45,0
DA:51,0
DA:61,0
LF:18
LH:1
BRDA:11,0,0,0
BRDA:11,0,1,0
BRDA:22,1,0,0
BRDA:22,1,1,0
BRDA:33,2,0,0
BRDA:33,2,1,0
BRDA:44,3,0,0
BRDA:44,3,1,0
BRDA:44,4,0,0
BRDA:44,4,1,0
BRDA:49,5,0,0
BRDA:49,5,1,0
BRDA:68,6,0,0
BRDA:68,6,1,0
BRF:14
BRH:0
end_of_record
TN:
SF:src\services\api.ts
FN:14,(anonymous_0)
FN:21,(anonymous_1)
FN:29,(anonymous_2)
FN:36,(anonymous_3)
FNF:4
FNH:1
FNDA:2,(anonymous_0)
FNDA:0,(anonymous_1)
FNDA:0,(anonymous_2)
FNDA:0,(anonymous_3)
DA:4,3
DA:13,3
DA:16,2
DA:19,2
DA:22,0
DA:23,0
DA:28,3
DA:30,0
DA:34,0
DA:37,0
DA:40,0
DA:42,0
DA:44,0
DA:46,0
DA:47,0
DA:49,0
DA:50,0
DA:52,0
DA:53,0
DA:55,0
DA:56,0
DA:58,0
DA:59,0
DA:61,0
DA:63,0
DA:65,0
DA:68,0
DA:71,0
LF:28
LH:5
BRDA:5,0,0,3
BRDA:5,0,1,3
BRDA:40,1,0,0
BRDA:40,1,1,0
BRDA:44,2,0,0
BRDA:44,2,1,0
BRDA:44,2,2,0
BRDA:44,2,3,0
BRDA:44,2,4,0
BRDA:44,2,5,0
BRDA:63,3,0,0
BRDA:63,3,1,0
BRF:12
BRH:2
end_of_record
TN:
SF:src\services\assetApi.ts
FN:17,(anonymous_0)
FN:52,(anonymous_1)
FN:64,(anonymous_2)
FN:76,(anonymous_3)
FN:91,(anonymous_4)
FN:102,(anonymous_5)
FN:114,(anonymous_6)
FN:124,(anonymous_7)
FN:134,(anonymous_8)
FN:144,(anonymous_9)
FN:159,(anonymous_10)
FN:189,(anonymous_11)
FNF:12
FNH:9
FNDA:2,(anonymous_0)
FNDA:8,(anonymous_1)
FNDA:2,(anonymous_2)
FNDA:2,(anonymous_3)
FNDA:2,(anonymous_4)
FNDA:2,(anonymous_5)
FNDA:0,(anonymous_6)
FNDA:0,(anonymous_7)
FNDA:0,(anonymous_8)
FNDA:3,(anonymous_9)
FNDA:3,(anonymous_10)
FNDA:10,(anonymous_11)
DA:12,3
DA:18,2
DA:19,2
DA:21,2
DA:22,0
DA:24,2
DA:25,0
DA:27,2
DA:28,0
DA:30,2
DA:31,1
DA:33,2
DA:34,1
DA:37,2
DA:38,2
DA:42,2
DA:43,0
DA:45,1
DA:53,8
DA:54,8
DA:55,2
DA:57,6
DA:65,2
DA:66,2
DA:67,1
DA:69,1
DA:80,2
DA:81,2
DA:82,1
DA:84,1
DA:92,2
DA:93,2
DA:95,1
DA:103,2
DA:104,2
DA:105,1
DA:107,0
DA:118,0
DA:128,0
DA:138,0
DA:145,3
DA:146,3
DA:147,1
DA:149,2
DA:150,1
DA:152,1
DA:162,3
DA:164,3
DA:165,2
DA:167,3
DA:168,2
DA:170,3
DA:171,2
DA:173,3
DA:174,1
DA:176,3
DA:177,1
DA:179,3
DA:180,1
DA:183,3
DA:190,10
DA:191,8
DA:193,8
DA:194,8
DA:195,8
DA:197,8
DA:198,2
DA:199,1
DA:205,1
LF:69
LH:61
BRDA:21,0,0,0
BRDA:21,0,1,2
BRDA:24,1,0,0
BRDA:24,1,1,2
BRDA:27,2,0,0
BRDA:27,2,1,2
BRDA:30,3,0,1
BRDA:30,3,1,1
BRDA:33,4,0,1
BRDA:33,4,1,1
BRDA:38,5,0,1
BRDA:38,5,1,1
BRDA:149,6,0,1
BRDA:149,6,1,1
BRDA:149,7,0,2
BRDA:149,7,1,2
BRDA:164,8,0,2
BRDA:164,8,1,1
BRDA:167,9,0,2
BRDA:167,9,1,1
BRDA:170,10,0,2
BRDA:170,10,1,1
BRDA:173,11,0,1
BRDA:173,11,1,2
BRDA:176,12,0,1
BRDA:176,12,1,2
BRDA:179,13,0,1
BRDA:179,13,1,2
BRDA:190,14,0,8
BRDA:190,14,1,2
BRDA:193,15,0,8
BRDA:193,15,1,0
BRDA:193,15,2,0
BRDA:194,16,0,8
BRDA:194,16,1,7
BRDA:195,17,0,8
BRDA:195,17,1,7
BRDA:198,18,0,1
BRDA:198,18,1,1
BRDA:208,19,0,1
BRDA:208,19,1,0
BRF:41
BRH:35
end_of_record
TN:
SF:src\test-utils\test-utils.tsx
FN:7,(anonymous_0)
FN:17,(anonymous_1)
FNF:2
FNH:2
FNDA:155,(anonymous_0)
FNDA:128,(anonymous_1)
DA:7,15
DA:10,155
DA:17,15
DA:20,128
LF:4
LH:4
BRF:0
BRH:0
end_of_record
TN:
SF:src\test-utils\mocks\apiClientMock.ts
FN:13,(anonymous_0)
FN:22,(anonymous_1)
FN:27,(anonymous_2)
FN:32,(anonymous_3)
FNF:4
FNH:0
FNDA:0,(anonymous_0)
FNDA:0,(anonymous_1)
FNDA:0,(anonymous_2)
FNDA:0,(anonymous_3)
DA:4,0
DA:13,0
DA:14,0
DA:15,0
DA:16,0
DA:17,0
DA:18,0
DA:22,0
DA:23,0
DA:27,0
DA:28,0
DA:32,0
DA:36,0
LF:13
LH:0
BRF:0
BRH:0
end_of_record
TN:
SF:src\test-utils\mocks\mockData.ts
FNF:0
FNH:0
DA:2,6
DA:16,6
DA:45,6
DA:54,6
DA:63,6
DA:66,6
DA:72,6
DA:82,6
LF:8
LH:8
BRF:0
BRH:0
end_of_record
TN:
SF:src\test-utils\mocks\toastContextMock.ts
FN:15,(anonymous_0)
FN:26,(anonymous_1)
FN:27,(anonymous_2)
FN:28,(anonymous_3)
FN:29,(anonymous_4)
FN:30,(anonymous_5)
FN:31,(anonymous_6)
FNF:7
FNH:0
FNDA:0,(anonymous_0)
FNDA:0,(anonymous_1)
FNDA:0,(anonymous_2)
FNDA:0,(anonymous_3)
FNDA:0,(anonymous_4)
FNDA:0,(anonymous_5)
FNDA:0,(anonymous_6)
DA:4,0
DA:15,0
DA:16,0
DA:17,0
DA:18,0
DA:19,0
DA:20,0
DA:21,0
DA:22,0
DA:26,0
DA:27,0
DA:28,0
DA:29,0
DA:30,0
DA:31,0
LF:15
LH:0
BRF:0
BRH:0
end_of_record
TN:
SF:src\types\api.ts
FN:19,(anonymous_0)
FNF:1
FNH:1
FNDA:16,(anonymous_0)
DA:20,16
DA:21,16
DA:22,16
DA:23,16
DA:24,16
LF:5
LH:5
BRF:0
BRH:0
end_of_record
TN:
SF:src\types\asset.ts
FNF:0
FNH:0
LF:0
LH:0
BRF:0
BRH:0
end_of_record
TN:
SF:src\types\index.ts
FNF:0
FNH:0
LF:0
LH:0
BRF:0
BRH:0
end_of_record
TN:
SF:src\utils\apiClient.ts
FN:23,(anonymous_0)
FN:31,(anonymous_1)
FN:38,(anonymous_2)
FN:41,(anonymous_3)
FN:62,(anonymous_4)
FN:70,(anonymous_5)
FN:83,(anonymous_6)
FN:96,(anonymous_7)
FN:104,(anonymous_8)
FNF:9
FNH:0
FNDA:0,(anonymous_0)
FNDA:0,(anonymous_1)
FNDA:0,(anonymous_2)
FNDA:0,(anonymous_3)
FNDA:0,(anonymous_4)
FNDA:0,(anonymous_5)
FNDA:0,(anonymous_6)
FNDA:0,(anonymous_7)
FNDA:0,(anonymous_8)
DA:10,0
DA:13,0
DA:22,0
DA:29,0
DA:32,0
DA:37,0
DA:39,0
DA:43,0
DA:46,0
DA:47,0
DA:51,0
DA:56,0
DA:61,0
DA:66,0
DA:67,0
DA:75,0
DA:80,0
DA:88,0
DA:93,0
DA:100,0
DA:101,0
DA:109,0
DA:114,0
LF:23
LH:0
BRDA:10,0,0,0
BRDA:10,0,1,0
BRDA:46,1,0,0
BRDA:46,1,1,0
BRDA:51,2,0,0
BRDA:51,2,1,0
BRF:6
BRH:0
end_of_record
TN:
SF:src\utils\errorHandler.ts
FN:13,(anonymous_0)
FN:85,(anonymous_1)
FN:129,isAxiosError
FNF:3
FNH:3
FNDA:17,(anonymous_0)
FNDA:19,(anonymous_1)
FNDA:17,isAxiosError
DA:13,18
DA:15,17
DA:16,3
DA:17,3
DA:20,3
DA:25,1
DA:34,2
DA:35,1
DA:43,1
DA:44,1
DA:52,0
DA:60,14
DA:61,6
DA:68,8
DA:69,2
DA:76,6
DA:85,18
DA:87,19
DA:88,10
DA:90,1
DA:92,1
DA:94,1
DA:96,1
DA:98,1
DA:100,1
DA:102,1
DA:104,1
DA:106,1
DA:111,10
DA:112,10
DA:114,1
DA:116,1
DA:118,1
DA:123,7
DA:130,17
LF:35
LH:34
BRDA:15,0,0,3
BRDA:15,0,1,14
BRDA:20,1,0,1
BRDA:20,1,1,2
BRDA:21,2,0,3
BRDA:21,2,1,2
BRDA:21,2,2,1
BRDA:26,3,0,1
BRDA:26,3,1,0
BRDA:27,4,0,1
BRDA:27,4,1,0
BRDA:34,5,0,1
BRDA:34,5,1,1
BRDA:34,6,0,2
BRDA:34,6,1,1
BRDA:43,7,0,1
BRDA:43,7,1,0
BRDA:53,8,0,0
BRDA:53,8,1,0
BRDA:54,9,0,0
BRDA:54,9,1,0
BRDA:60,10,0,6
BRDA:60,10,1,8
BRDA:62,11,0,6
BRDA:62,11,1,0
BRDA:68,12,0,2
BRDA:68,12,1,6
BRDA:87,13,0,10
BRDA:87,13,1,9
BRDA:88,14,0,1
BRDA:88,14,1,1
BRDA:88,14,2,1
BRDA:88,14,3,1
BRDA:88,14,4,1
BRDA:88,14,5,1
BRDA:88,14,6,1
BRDA:88,14,7,1
BRDA:88,14,8,1
BRDA:111,15,0,10
BRDA:111,15,1,0
BRDA:112,16,0,1
BRDA:112,16,1,1
BRDA:112,16,2,1
BRDA:130,17,0,17
BRDA:130,17,1,16
BRF:45
BRH:36
end_of_record
TN:
SF:src\utils\globalErrorHandler.ts
FN:14,(anonymous_0)
FN:24,(anonymous_1)
FN:26,(anonymous_2)
FN:32,(anonymous_3)
FN:42,(anonymous_4)
FNF:5
FNH:2
FNDA:1,(anonymous_0)
FNDA:1,(anonymous_1)
FNDA:0,(anonymous_2)
FNDA:0,(anonymous_3)
FNDA:0,(anonymous_4)
DA:8,1
DA:14,1
DA:15,1
DA:18,1
DA:24,1
DA:26,1
DA:27,0
DA:32,1
DA:33,0
DA:42,1
DA:43,0
DA:46,0
DA:49,0
DA:50,0
LF:14
LH:8
BRDA:27,0,0,0
BRDA:27,0,1,0
BRDA:49,1,0,0
BRDA:49,1,1,0
BRF:4
BRH:0
end_of_record
